This file contains any messages produced by compilers while
running configure, to aid debugging if configure makes a mistake.

It was created by dawgdic configure 0.4.1, which was
generated by GNU Autoconf 2.63.  Invocation command line was

  $ ./configure 

## --------- ##
## Platform. ##
## --------- ##

hostname = epimetheus
uname -m = x86_64
uname -r = 2.6.29-gentoo-r5
uname -s = Linux
uname -v = #11 SMP Tue Mar 9 03:41:54 UTC 2010

/usr/bin/uname -p = Intel(R) Core(TM)2 Duo CPU P8400 @ 2.26GHz
/bin/uname -X     = unknown

/bin/arch              = unknown
/usr/bin/arch -k       = unknown
/usr/convex/getsysinfo = unknown
/usr/bin/hostinfo      = unknown
/bin/machine           = unknown
/usr/bin/oslevel       = unknown
/bin/universe          = unknown

PATH: /usr/local/sbin
PATH: /usr/local/bin
PATH: /usr/sbin
PATH: /usr/bin
PATH: /sbin
PATH: /bin
PATH: /opt/bin
PATH: /usr/x86_64-pc-linux-gnu/gcc-bin/4.3.4
PATH: /opt/vmware/server/bin
PATH: /opt/vmware/server/console/bin


## ----------- ##
## Core tests. ##
## ----------- ##

configure:1881: checking for a BSD-compatible install
configure:1949: result: /usr/bin/install -c
configure:1960: checking whether build environment is sane
configure:2003: result: yes
configure:2028: checking for a thread-safe mkdir -p
configure:2067: result: /bin/mkdir -p
configure:2080: checking for gawk
configure:2096: found /usr/bin/gawk
configure:2107: result: gawk
configure:2118: checking whether make sets $(MAKE)
configure:2140: result: yes
configure:2384: checking for g++
configure:2400: found /usr/bin/g++
configure:2411: result: g++
configure:2438: checking for C++ compiler version
configure:2446: g++ --version >&5
g++ (Gentoo 4.3.4 p1.1, pie-10.1.5) 4.3.4
Copyright (C) 2008 Free Software Foundation, Inc.
This is free software; see the source for copying conditions.  There is NO
warranty; not even for MERCHANTABILITY or FITNESS FOR A PARTICULAR PURPOSE.

configure:2450: $? = 0
configure:2457: g++ -v >&5
Using built-in specs.
Target: x86_64-pc-linux-gnu
Configured with: /var/tmp/portage/sys-devel/gcc-4.3.4/work/gcc-4.3.4/configure --prefix=/usr --bindir=/usr/x86_64-pc-linux-gnu/gcc-bin/4.3.4 --includedir=/usr/lib/gcc/x86_64-pc-linux-gnu/4.3.4/include --datadir=/usr/share/gcc-data/x86_64-pc-linux-gnu/4.3.4 --mandir=/usr/share/gcc-data/x86_64-pc-linux-gnu/4.3.4/man --infodir=/usr/share/gcc-data/x86_64-pc-linux-gnu/4.3.4/info --with-gxx-include-dir=/usr/lib/gcc/x86_64-pc-linux-gnu/4.3.4/include/g++-v4 --host=x86_64-pc-linux-gnu --build=x86_64-pc-linux-gnu --disable-altivec --disable-fixed-point --enable-nls --without-included-gettext --with-system-zlib --disable-checking --disable-werror --enable-secureplt --enable-multilib --enable-libmudflap --disable-libssp --enable-libgomp --disable-libgcj --enable-languages=c,c++,treelang,fortran --enable-shared --enable-threads=posix --enable-__cxa_atexit --enable-clocale=gnu --with-bugurl=http://bugs.gentoo.org/ --with-pkgversion='Gentoo 4.3.4 p1.1, pie-10.1.5'
Thread model: posix
gcc version 4.3.4 (Gentoo 4.3.4 p1.1, pie-10.1.5) 
configure:2461: $? = 0
configure:2468: g++ -V >&5
g++: '-V' option must have argument
configure:2472: $? = 1
configure:2495: checking for C++ compiler default output file name
configure:2517: g++    conftest.cpp  >&5
configure:2521: $? = 0
configure:2559: result: a.out
configure:2578: checking whether the C++ compiler works
configure:2588: ./a.out
configure:2592: $? = 0
configure:2611: result: yes
configure:2618: checking whether we are cross compiling
configure:2620: result: no
configure:2623: checking for suffix of executables
configure:2630: g++ -o conftest    conftest.cpp  >&5
configure:2634: $? = 0
configure:2660: result: 
configure:2666: checking for suffix of object files
configure:2692: g++ -c   conftest.cpp >&5
configure:2696: $? = 0
configure:2721: result: o
configure:2725: checking whether we are using the GNU C++ compiler
configure:2754: g++ -c   conftest.cpp >&5
configure:2761: $? = 0
configure:2778: result: yes
configure:2787: checking whether g++ accepts -g
configure:2817: g++ -c -g  conftest.cpp >&5
configure:2824: $? = 0
configure:2925: result: yes
configure:2959: checking for style of include used by make
configure:2987: result: GNU
configure:3012: checking dependency style of g++
configure:3103: result: gcc3
configure:3132: checking for a BSD-compatible install
configure:3200: result: /usr/bin/install -c
configure:3265: checking for gcc
configure:3281: found /usr/bin/gcc
configure:3292: result: gcc
configure:3524: checking for C compiler version
configure:3532: gcc --version >&5
gcc (Gentoo 4.3.4 p1.1, pie-10.1.5) 4.3.4
Copyright (C) 2008 Free Software Foundation, Inc.
This is free software; see the source for copying conditions.  There is NO
warranty; not even for MERCHANTABILITY or FITNESS FOR A PARTICULAR PURPOSE.

configure:3536: $? = 0
configure:3543: gcc -v >&5
Using built-in specs.
Target: x86_64-pc-linux-gnu
Configured with: /var/tmp/portage/sys-devel/gcc-4.3.4/work/gcc-4.3.4/configure --prefix=/usr --bindir=/usr/x86_64-pc-linux-gnu/gcc-bin/4.3.4 --includedir=/usr/lib/gcc/x86_64-pc-linux-gnu/4.3.4/include --datadir=/usr/share/gcc-data/x86_64-pc-linux-gnu/4.3.4 --mandir=/usr/share/gcc-data/x86_64-pc-linux-gnu/4.3.4/man --infodir=/usr/share/gcc-data/x86_64-pc-linux-gnu/4.3.4/info --with-gxx-include-dir=/usr/lib/gcc/x86_64-pc-linux-gnu/4.3.4/include/g++-v4 --host=x86_64-pc-linux-gnu --build=x86_64-pc-linux-gnu --disable-altivec --disable-fixed-point --enable-nls --without-included-gettext --with-system-zlib --disable-checking --disable-werror --enable-secureplt --enable-multilib --enable-libmudflap --disable-libssp --enable-libgomp --disable-libgcj --enable-languages=c,c++,treelang,fortran --enable-shared --enable-threads=posix --enable-__cxa_atexit --enable-clocale=gnu --with-bugurl=http://bugs.gentoo.org/ --with-pkgversion='Gentoo 4.3.4 p1.1, pie-10.1.5'
Thread model: posix
gcc version 4.3.4 (Gentoo 4.3.4 p1.1, pie-10.1.5) 
configure:3547: $? = 0
configure:3554: gcc -V >&5
gcc: '-V' option must have argument
configure:3558: $? = 1
configure:3561: checking whether we are using the GNU C compiler
configure:3590: gcc -c   conftest.c >&5
configure:3597: $? = 0
configure:3614: result: yes
configure:3623: checking whether gcc accepts -g
configure:3653: gcc -c -g  conftest.c >&5
configure:3660: $? = 0
configure:3761: result: yes
configure:3778: checking for gcc option to accept ISO C89
configure:3852: gcc  -c -g -O2  conftest.c >&5
configure:3859: $? = 0
configure:3882: result: none needed
configure:3902: checking dependency style of gcc
configure:3993: result: gcc3
configure:4014: checking how to run the C preprocessor
configure:4054: gcc -E  conftest.c
configure:4061: $? = 0
configure:4092: gcc -E  conftest.c
conftest.c:10:28: error: ac_nonexistent.h: No such file or directory
configure:4099: $? = 1
configure: failed program was:
| /* confdefs.h.  */
| #define PACKAGE_NAME "dawgdic"
| #define PACKAGE_TARNAME "dawgdic"
| #define PACKAGE_VERSION "0.4.1"
| #define PACKAGE_STRING "dawgdic 0.4.1"
| #define PACKAGE_BUGREPORT "syata@acm.org"
| #define PACKAGE "dawgdic"
| #define VERSION "0.4.1"
| /* end confdefs.h.  */
| #include <ac_nonexistent.h>
configure:4132: result: gcc -E
configure:4161: gcc -E  conftest.c
configure:4168: $? = 0
configure:4199: gcc -E  conftest.c
conftest.c:10:28: error: ac_nonexistent.h: No such file or directory
configure:4206: $? = 1
configure: failed program was:
| /* confdefs.h.  */
| #define PACKAGE_NAME "dawgdic"
| #define PACKAGE_TARNAME "dawgdic"
| #define PACKAGE_VERSION "0.4.1"
| #define PACKAGE_STRING "dawgdic 0.4.1"
| #define PACKAGE_BUGREPORT "syata@acm.org"
| #define PACKAGE "dawgdic"
| #define VERSION "0.4.1"
| /* end confdefs.h.  */
| #include <ac_nonexistent.h>
configure:4246: checking for grep that handles long lines and -e
configure:4306: result: /bin/grep
configure:4311: checking for egrep
configure:4375: result: /bin/grep -E
configure:4380: checking for ANSI C header files
configure:4410: gcc -c -g -O2  conftest.c >&5
configure:4417: $? = 0
configure:4516: gcc -o conftest -g -O2   conftest.c  >&5
configure:4520: $? = 0
configure:4526: ./conftest
configure:4530: $? = 0
configure:4548: result: yes
configure:4572: checking for sys/types.h
configure:4593: gcc -c -g -O2  conftest.c >&5
configure:4600: $? = 0
configure:4617: result: yes
configure:4572: checking for sys/stat.h
configure:4593: gcc -c -g -O2  conftest.c >&5
configure:4600: $? = 0
configure:4617: result: yes
configure:4572: checking for stdlib.h
configure:4593: gcc -c -g -O2  conftest.c >&5
configure:4600: $? = 0
configure:4617: result: yes
configure:4572: checking for string.h
configure:4593: gcc -c -g -O2  conftest.c >&5
configure:4600: $? = 0
configure:4617: result: yes
configure:4572: checking for memory.h
configure:4593: gcc -c -g -O2  conftest.c >&5
configure:4600: $? = 0
configure:4617: result: yes
configure:4572: checking for strings.h
configure:4593: gcc -c -g -O2  conftest.c >&5
configure:4600: $? = 0
configure:4617: result: yes
configure:4572: checking for inttypes.h
configure:4593: gcc -c -g -O2  conftest.c >&5
configure:4600: $? = 0
configure:4617: result: yes
configure:4572: checking for stdint.h
configure:4593: gcc -c -g -O2  conftest.c >&5
configure:4600: $? = 0
configure:4617: result: yes
configure:4572: checking for unistd.h
configure:4593: gcc -c -g -O2  conftest.c >&5
configure:4600: $? = 0
configure:4617: result: yes
configure:4631: checking for stdbool.h that conforms to C99
configure:4726: gcc -c -g -O2  conftest.c >&5
configure:4733: $? = 0
configure:4748: result: yes
configure:4750: checking for _Bool
configure:4778: gcc -c -g -O2  conftest.c >&5
configure:4785: $? = 0
configure:4812: gcc -c -g -O2  conftest.c >&5
conftest.c: In function 'main':
conftest.c:56: error: expected expression before ')' token
configure:4819: $? = 1
configure: failed program was:
| /* confdefs.h.  */
| #define PACKAGE_NAME "dawgdic"
| #define PACKAGE_TARNAME "dawgdic"
| #define PACKAGE_VERSION "0.4.1"
| #define PACKAGE_STRING "dawgdic 0.4.1"
| #define PACKAGE_BUGREPORT "syata@acm.org"
| #define PACKAGE "dawgdic"
| #define VERSION "0.4.1"
| #define STDC_HEADERS 1
| #define HAVE_SYS_TYPES_H 1
| #define HAVE_SYS_STAT_H 1
| #define HAVE_STDLIB_H 1
| #define HAVE_STRING_H 1
| #define HAVE_MEMORY_H 1
| #define HAVE_STRINGS_H 1
| #define HAVE_INTTYPES_H 1
| #define HAVE_STDINT_H 1
| #define HAVE_UNISTD_H 1
| /* end confdefs.h.  */
| #include <stdio.h>
| #ifdef HAVE_SYS_TYPES_H
| # include <sys/types.h>
| #endif
| #ifdef HAVE_SYS_STAT_H
| # include <sys/stat.h>
| #endif
| #ifdef STDC_HEADERS
| # include <stdlib.h>
| # include <stddef.h>
| #else
| # ifdef HAVE_STDLIB_H
| #  include <stdlib.h>
| # endif
| #endif
| #ifdef HAVE_STRING_H
| # if !defined STDC_HEADERS && defined HAVE_MEMORY_H
| #  include <memory.h>
| # endif
| # include <string.h>
| #endif
| #ifdef HAVE_STRINGS_H
| # include <strings.h>
| #endif
| #ifdef HAVE_INTTYPES_H
| # include <inttypes.h>
| #endif
| #ifdef HAVE_STDINT_H
| # include <stdint.h>
| #endif
| #ifdef HAVE_UNISTD_H
| # include <unistd.h>
| #endif
| int
| main ()
| {
| if (sizeof ((_Bool)))
| 	  return 0;
|   ;
|   return 0;
| }
configure:4842: result: yes
configure:4861: checking for an ANSI C-conforming const
configure:4936: gcc -c -g -O2  conftest.c >&5
configure:4943: $? = 0
configure:4958: result: yes
configure:4968: checking for size_t
configure:4996: gcc -c -g -O2  conftest.c >&5
configure:5003: $? = 0
configure:5030: gcc -c -g -O2  conftest.c >&5
conftest.c: In function 'main':
conftest.c:58: error: expected expression before ')' token
configure:5037: $? = 1
configure: failed program was:
| /* confdefs.h.  */
| #define PACKAGE_NAME "dawgdic"
| #define PACKAGE_TARNAME "dawgdic"
| #define PACKAGE_VERSION "0.4.1"
| #define PACKAGE_STRING "dawgdic 0.4.1"
| #define PACKAGE_BUGREPORT "syata@acm.org"
| #define PACKAGE "dawgdic"
| #define VERSION "0.4.1"
| #define STDC_HEADERS 1
| #define HAVE_SYS_TYPES_H 1
| #define HAVE_SYS_STAT_H 1
| #define HAVE_STDLIB_H 1
| #define HAVE_STRING_H 1
| #define HAVE_MEMORY_H 1
| #define HAVE_STRINGS_H 1
| #define HAVE_INTTYPES_H 1
| #define HAVE_STDINT_H 1
| #define HAVE_UNISTD_H 1
| #define HAVE__BOOL 1
| #define HAVE_STDBOOL_H 1
| /* end confdefs.h.  */
| #include <stdio.h>
| #ifdef HAVE_SYS_TYPES_H
| # include <sys/types.h>
| #endif
| #ifdef HAVE_SYS_STAT_H
| # include <sys/stat.h>
| #endif
| #ifdef STDC_HEADERS
| # include <stdlib.h>
| # include <stddef.h>
| #else
| # ifdef HAVE_STDLIB_H
| #  include <stdlib.h>
| # endif
| #endif
| #ifdef HAVE_STRING_H
| # if !defined STDC_HEADERS && defined HAVE_MEMORY_H
| #  include <memory.h>
| # endif
| # include <string.h>
| #endif
| #ifdef HAVE_STRINGS_H
| # include <strings.h>
| #endif
| #ifdef HAVE_INTTYPES_H
| # include <inttypes.h>
| #endif
| #ifdef HAVE_STDINT_H
| # include <stdint.h>
| #endif
| #ifdef HAVE_UNISTD_H
| # include <unistd.h>
| #endif
| int
| main ()
| {
| if (sizeof ((size_t)))
| 	  return 0;
|   ;
|   return 0;
| }
configure:5060: result: yes
configure:5074: checking for ANSI C header files
configure:5242: result: yes
configure:5414: creating ./config.status

## ---------------------- ##
## Running config.status. ##
## ---------------------- ##

This file was extended by dawgdic config.status 0.4.1, which was
generated by GNU Autoconf 2.63.  Invocation command line was

  CONFIG_FILES    = 
  CONFIG_HEADERS  = 
  CONFIG_LINKS    = 
  CONFIG_COMMANDS = 
  $ ./config.status 

on epimetheus

config.status:699: creating Makefile
config.status:699: creating src/Makefile
config.status:699: creating test/Makefile
config.status:910: executing depfiles commands

## ---------------- ##
## Cache variables. ##
## ---------------- ##

ac_cv_c_compiler_gnu=yes
ac_cv_c_const=yes
ac_cv_cxx_compiler_gnu=yes
ac_cv_env_CCC_set=
ac_cv_env_CCC_value=
ac_cv_env_CC_set=
ac_cv_env_CC_value=
ac_cv_env_CFLAGS_set=
ac_cv_env_CFLAGS_value=
ac_cv_env_CPPFLAGS_set=
ac_cv_env_CPPFLAGS_value=
ac_cv_env_CPP_set=
ac_cv_env_CPP_value=
ac_cv_env_CXXFLAGS_set=
ac_cv_env_CXXFLAGS_value=
ac_cv_env_CXX_set=
ac_cv_env_CXX_value=
ac_cv_env_LDFLAGS_set=
ac_cv_env_LDFLAGS_value=
ac_cv_env_LIBS_set=
ac_cv_env_LIBS_value=
ac_cv_env_build_alias_set=
ac_cv_env_build_alias_value=
ac_cv_env_host_alias_set=
ac_cv_env_host_alias_value=
ac_cv_env_target_alias_set=
ac_cv_env_target_alias_value=
ac_cv_header_inttypes_h=yes
ac_cv_header_memory_h=yes
ac_cv_header_stdbool_h=yes
ac_cv_header_stdc=yes
ac_cv_header_stdint_h=yes
ac_cv_header_stdlib_h=yes
ac_cv_header_string_h=yes
ac_cv_header_strings_h=yes
ac_cv_header_sys_stat_h=yes
ac_cv_header_sys_types_h=yes
ac_cv_header_unistd_h=yes
ac_cv_objext=o
ac_cv_path_EGREP='/bin/grep -E'
ac_cv_path_GREP=/bin/grep
ac_cv_path_install='/usr/bin/install -c'
ac_cv_path_mkdir=/bin/mkdir
ac_cv_prog_AWK=gawk
ac_cv_prog_CPP='gcc -E'
ac_cv_prog_ac_ct_CC=gcc
ac_cv_prog_ac_ct_CXX=g++
ac_cv_prog_cc_c89=
ac_cv_prog_cc_g=yes
ac_cv_prog_cxx_g=yes
ac_cv_prog_make_make_set=yes
ac_cv_type__Bool=yes
ac_cv_type_size_t=yes
am_cv_CC_dependencies_compiler_type=gcc3
am_cv_CXX_dependencies_compiler_type=gcc3

## ----------------- ##
## Output variables. ##
## ----------------- ##

ACLOCAL='${SHELL} /web/service-phgt-0/lib/dawg/dawgdic-0.4.1/missing --run aclocal-1.10'
AMDEPBACKSLASH='\'
AMDEP_FALSE='#'
AMDEP_TRUE=''
AMTAR='${SHELL} /web/service-phgt-0/lib/dawg/dawgdic-0.4.1/missing --run tar'
AUTOCONF='${SHELL} /web/service-phgt-0/lib/dawg/dawgdic-0.4.1/missing --run autoconf'
AUTOHEADER='${SHELL} /web/service-phgt-0/lib/dawg/dawgdic-0.4.1/missing --run autoheader'
AUTOMAKE='${SHELL} /web/service-phgt-0/lib/dawg/dawgdic-0.4.1/missing --run automake-1.10'
AWK='gawk'
CC='gcc'
CCDEPMODE='depmode=gcc3'
CFLAGS='-g -O2'
CPP='gcc -E'
CPPFLAGS=''
CXX='g++'
CXXDEPMODE='depmode=gcc3'
CXXFLAGS='-g -O2'
CYGPATH_W='echo'
DEFS='-DPACKAGE_NAME=\"dawgdic\" -DPACKAGE_TARNAME=\"dawgdic\" -DPACKAGE_VERSION=\"0.4.1\" -DPACKAGE_STRING=\"dawgdic\ 0.4.1\" -DPACKAGE_BUGREPORT=\"syata@acm.org\" -DPACKAGE=\"dawgdic\" -DVERSION=\"0.4.1\" -DSTDC_HEADERS=1 -DHAVE_SYS_TYPES_H=1 -DHAVE_SYS_STAT_H=1 -DHAVE_STDLIB_H=1 -DHAVE_STRING_H=1 -DHAVE_MEMORY_H=1 -DHAVE_STRINGS_H=1 -DHAVE_INTTYPES_H=1 -DHAVE_STDINT_H=1 -DHAVE_UNISTD_H=1 -DHAVE__BOOL=1 -DHAVE_STDBOOL_H=1 -DSTDC_HEADERS=1'
DEPDIR='.deps'
ECHO_C=''
ECHO_N='-n'
ECHO_T=''
EGREP='/bin/grep -E'
EXEEXT=''
GREP='/bin/grep'
INSTALL_DATA='${INSTALL} -m 644'
INSTALL_PROGRAM='${INSTALL}'
INSTALL_SCRIPT='${INSTALL}'
INSTALL_STRIP_PROGRAM='$(install_sh) -c -s'
LDFLAGS=''
LIBOBJS=''
LIBS=''
LTLIBOBJS=''
MAKEINFO='${SHELL} /web/service-phgt-0/lib/dawg/dawgdic-0.4.1/missing --run makeinfo'
MKDIR_P='/bin/mkdir -p'
OBJEXT='o'
PACKAGE='dawgdic'
PACKAGE_BUGREPORT='syata@acm.org'
PACKAGE_NAME='dawgdic'
PACKAGE_STRING='dawgdic 0.4.1'
PACKAGE_TARNAME='dawgdic'
PACKAGE_VERSION='0.4.1'
PATH_SEPARATOR=':'
SET_MAKE=''
SHELL='/bin/sh'
STRIP=''
VERSION='0.4.1'
ac_ct_CC='gcc'
ac_ct_CXX='g++'
am__fastdepCC_FALSE='#'
am__fastdepCC_TRUE=''
am__fastdepCXX_FALSE='#'
am__fastdepCXX_TRUE=''
am__include='include'
am__isrc=''
am__leading_dot='.'
am__quote=''
am__tar='${AMTAR} chof - "$$tardir"'
am__untar='${AMTAR} xf -'
bindir='${exec_prefix}/bin'
build_alias=''
datadir='${datarootdir}'
datarootdir='${prefix}/share'
docdir='${datarootdir}/doc/${PACKAGE_TARNAME}'
dvidir='${docdir}'
exec_prefix='${prefix}'
host_alias=''
htmldir='${docdir}'
includedir='${prefix}/include'
infodir='${datarootdir}/info'
install_sh='$(SHELL) /web/service-phgt-0/lib/dawg/dawgdic-0.4.1/install-sh'
libdir='${exec_prefix}/lib'
libexecdir='${exec_prefix}/libexec'
localedir='${datarootdir}/locale'
localstatedir='${prefix}/var'
mandir='${datarootdir}/man'
mkdir_p='/bin/mkdir -p'
oldincludedir='/usr/include'
pdfdir='${docdir}'
prefix='/usr/local'
program_transform_name='s,x,x,'
psdir='${docdir}'
sbindir='${exec_prefix}/sbin'
sharedstatedir='${prefix}/com'
sysconfdir='${prefix}/etc'
target_alias=''

## ----------- ##
## confdefs.h. ##
## ----------- ##

#define PACKAGE_NAME "dawgdic"
#define PACKAGE_TARNAME "dawgdic"
#define PACKAGE_VERSION "0.4.1"
#define PACKAGE_STRING "dawgdic 0.4.1"
#define PACKAGE_BUGREPORT "syata@acm.org"
#define PACKAGE "dawgdic"
#define VERSION "0.4.1"
#define STDC_HEADERS 1
#define HAVE_SYS_TYPES_H 1
#define HAVE_SYS_STAT_H 1
#define HAVE_STDLIB_H 1
#define HAVE_STRING_H 1
#define HAVE_MEMORY_H 1
#define HAVE_STRINGS_H 1
#define HAVE_INTTYPES_H 1
#define HAVE_STDINT_H 1
#define HAVE_UNISTD_H 1
#define HAVE__BOOL 1
#define HAVE_STDBOOL_H 1
#define STDC_HEADERS 1

configure: exit 0
