file /web/servers/service-phgt-0/lib/mongodb/mongo-cxx-driver-v1.8/SConstruct,line 54:
	Configure(confdir = .sconf_temp)
scons: Configure: Checking for C library boost_thread-mt... 
scons: Configure: ".sconf_temp/conftest_0.c" is up to date.
scons: Configure: The original builder output was:
  |.sconf_temp/conftest_0.c <-
  |  |
  |  |
  |  |
  |  |int
  |  |main() {
  |  |  
  |  |return 0;
  |  |}
  |  |
  |
scons: Configure: ".sconf_temp/conftest_0.o" is up to date.
scons: Configure: The original builder output was:
  |gcc -o .sconf_temp/conftest_0.o -c -O3 -D_SCONS -DMONGO_EXPOSE_MACROS -I/opt/extra/include -Imongo .sconf_temp/conftest_0.c
  |
scons: Configure: Building ".sconf_temp/conftest_0" failed in a previous run and all its sources are up to date.
scons: Configure: The original builder output was:
  |gcc -o .sconf_temp/conftest_0 -Wl,--as-needed -Wl,-zdefs .sconf_temp/conftest_0.o -L/opt/extra/lib -L/opt/extra/lib64 -lpthread -lboost_thread-mt
  |
scons: Configure: (cached) no

scons: Configure: Checking for C library boost_thread... 
scons: Configure: ".sconf_temp/conftest_1.c" is up to date.
scons: Configure: The original builder output was:
  |.sconf_temp/conftest_1.c <-
  |  |
  |  |
  |  |
  |  |int
  |  |main() {
  |  |  
  |  |return 0;
  |  |}
  |  |
  |
scons: Configure: ".sconf_temp/conftest_1.o" is up to date.
scons: Configure: The original builder output was:
  |gcc -o .sconf_temp/conftest_1.o -c -O3 -D_SCONS -DMONGO_EXPOSE_MACROS -I/opt/extra/include -Imongo .sconf_temp/conftest_1.c
  |
scons: Configure: ".sconf_temp/conftest_1" is up to date.
scons: Configure: The original builder output was:
  |gcc -o .sconf_temp/conftest_1 -Wl,--as-needed -Wl,-zdefs .sconf_temp/conftest_1.o -lpthread -lboost_thread
  |
scons: Configure: (cached) yes

scons: Configure: Checking for C library boost_filesystem-mt... 
scons: Configure: ".sconf_temp/conftest_2.c" is up to date.
scons: Configure: The original builder output was:
  |.sconf_temp/conftest_2.c <-
  |  |
  |  |
  |  |
  |  |int
  |  |main() {
  |  |  
  |  |return 0;
  |  |}
  |  |
  |
scons: Configure: ".sconf_temp/conftest_2.o" is up to date.
scons: Configure: The original builder output was:
  |gcc -o .sconf_temp/conftest_2.o -c -O3 -D_SCONS -DMONGO_EXPOSE_MACROS -I/opt/extra/include -Imongo .sconf_temp/conftest_2.c
  |
scons: Configure: ".sconf_temp/conftest_2" is up to date.
scons: Configure: The original builder output was:
  |gcc -o .sconf_temp/conftest_2 -Wl,--as-needed -Wl,-zdefs .sconf_temp/conftest_2.o -lpthread -lboost_thread -lboost_filesystem-mt
  |
scons: Configure: (cached) yes

scons: Configure: Checking for C library boost_system-mt... 
scons: Configure: ".sconf_temp/conftest_3.c" is up to date.
scons: Configure: The original builder output was:
  |.sconf_temp/conftest_3.c <-
  |  |
  |  |
  |  |
  |  |int
  |  |main() {
  |  |  
  |  |return 0;
  |  |}
  |  |
  |
scons: Configure: ".sconf_temp/conftest_3.o" is up to date.
scons: Configure: The original builder output was:
  |gcc -o .sconf_temp/conftest_3.o -c -O3 -D_SCONS -DMONGO_EXPOSE_MACROS -I/opt/extra/include -Imongo .sconf_temp/conftest_3.c
  |
scons: Configure: ".sconf_temp/conftest_3" is up to date.
scons: Configure: The original builder output was:
  |gcc -o .sconf_temp/conftest_3 -Wl,--as-needed -Wl,-zdefs .sconf_temp/conftest_3.o -lpthread -lboost_thread -lboost_filesystem-mt -lboost_system-mt
  |
scons: Configure: (cached) yes

