university
University
univ.
Univ.
university.
University.
U.
Tech
Tech.
Institute
institute
Institute.
institute.
Co.
co.
Inc.
inc.
Ltd.
ltd.
center
Center
center.
Center.
CENTER
Navy
Navy.
party
Party
party.
Party.
court
Court
court.
Court.
ministry
Ministry
ministry.
Ministry.
company
Company
companies
Companies
company.
Company.
companies.
Companies.
Theatre
Theater
theatre
theater
Theatres
Theaters
theatres
theaters
Theatre.
Theater.
theatre.
theater.
Theatres.
Theaters.
theatres.
theaters.
Hospital
hospital
Hospitals
hospitals
Hospital.
hospital.
Hospitals.
hospitals.
