This file contains any messages produced by compilers while
running configure, to aid debugging if configure makes a mistake.

configure:537: checking for gcc
configure:614: checking whether the C compiler (gcc -g -O -Wall -Wimplicit ) works
configure:628: gcc -o conftest -g -O -Wall -Wimplicit   conftest.c  1>&5
configure:625: warning: return type defaults to `int'
configure:648: checking whether the C compiler (gcc -g -O -Wall -Wimplicit ) is a cross-compiler
configure:653: checking whether we are using GNU C
configure:677: checking whether gcc accepts -g
configure:705: checking how to run the C preprocessor
configure:797: checking for a BSD compatible install
configure:849: checking for ranlib
configure:880: checking for bison
configure:912: checking for flex
configure:945: checking for yywrap in -lfl
configure:989: checking for main in -lsocket
configure:1032: checking for main in -lnsl
configure:1079: checking for strerror
configure:1136: checking for gettimeofday
configure:1191: checking for random
configure:1246: checking for srandom
configure:1303: checking for setenv
configure:1360: checking for strchr
configure:1415: checking for strrchr
configure:1472: checking for log2f
configure:1527: checking for sqrtf
configure:1583:27: floatingpoint.h: No such file or directory
configure:1604: checking for alloca.h
configure:1646: checking for perl5
configure:1713: checking if __attribute__((constructor)) works
configure:1736: gcc -o conftest -g -O -Wall -Wimplicit   conftest.c -lnsl  1>&5
configure:1729: warning: return type defaults to `int'
configure: In function `main':
configure:1731: warning: implicit declaration of function `exit'
configure:1756: checking for main in -lwsock32
