This file contains any messages produced by compilers while
running configure, to aid debugging if configure makes a mistake.

It was created by libxls configure 0.2.0, which was
generated by GNU Autoconf 2.61.  Invocation command line was

  $ ./configure 

## --------- ##
## Platform. ##
## --------- ##

hostname = epimetheus
uname -m = x86_64
uname -r = 2.6.29-gentoo-r5
uname -s = Linux
uname -v = #11 SMP Tue Mar 9 03:41:54 UTC 2010

/usr/bin/uname -p = Intel(R) Core(TM)2 Duo CPU P8400 @ 2.26GHz
/bin/uname -X     = unknown

/bin/arch              = unknown
/usr/bin/arch -k       = unknown
/usr/convex/getsysinfo = unknown
/usr/bin/hostinfo      = unknown
/bin/machine           = unknown
/usr/bin/oslevel       = unknown
/bin/universe          = unknown

PATH: /usr/local/sbin
PATH: /usr/local/bin
PATH: /usr/sbin
PATH: /usr/bin
PATH: /sbin
PATH: /bin
PATH: /opt/bin
PATH: /usr/x86_64-pc-linux-gnu/gcc-bin/4.3.4
PATH: /opt/vmware/server/bin
PATH: /opt/vmware/server/console/bin


## ----------- ##
## Core tests. ##
## ----------- ##

configure:2019: checking for a BSD-compatible install
configure:2075: result: /usr/bin/install -c
configure:2086: checking whether build environment is sane
configure:2129: result: yes
configure:2194: checking for gawk
configure:2210: found /usr/bin/gawk
configure:2221: result: gawk
configure:2232: checking whether make sets $(MAKE)
configure:2253: result: yes
configure:2444: checking build system type
configure:2462: result: x86_64-unknown-linux-gnu
configure:2484: checking host system type
configure:2499: result: x86_64-unknown-linux-gnu
configure:2538: checking for a BSD-compatible install
configure:2594: result: /usr/bin/install -c
configure:2654: checking for gcc
configure:2670: found /usr/bin/gcc
configure:2681: result: gcc
configure:2919: checking for C compiler version
configure:2926: gcc --version >&5
gcc (Gentoo 4.3.4 p1.1, pie-10.1.5) 4.3.4
Copyright (C) 2008 Free Software Foundation, Inc.
This is free software; see the source for copying conditions.  There is NO
warranty; not even for MERCHANTABILITY or FITNESS FOR A PARTICULAR PURPOSE.

configure:2929: $? = 0
configure:2936: gcc -v >&5
Using built-in specs.
Target: x86_64-pc-linux-gnu
Configured with: /var/tmp/portage/sys-devel/gcc-4.3.4/work/gcc-4.3.4/configure --prefix=/usr --bindir=/usr/x86_64-pc-linux-gnu/gcc-bin/4.3.4 --includedir=/usr/lib/gcc/x86_64-pc-linux-gnu/4.3.4/include --datadir=/usr/share/gcc-data/x86_64-pc-linux-gnu/4.3.4 --mandir=/usr/share/gcc-data/x86_64-pc-linux-gnu/4.3.4/man --infodir=/usr/share/gcc-data/x86_64-pc-linux-gnu/4.3.4/info --with-gxx-include-dir=/usr/lib/gcc/x86_64-pc-linux-gnu/4.3.4/include/g++-v4 --host=x86_64-pc-linux-gnu --build=x86_64-pc-linux-gnu --disable-altivec --disable-fixed-point --enable-nls --without-included-gettext --with-system-zlib --disable-checking --disable-werror --enable-secureplt --enable-multilib --enable-libmudflap --disable-libssp --enable-libgomp --disable-libgcj --enable-languages=c,c++,treelang,fortran --enable-shared --enable-threads=posix --enable-__cxa_atexit --enable-clocale=gnu --with-bugurl=http://bugs.gentoo.org/ --with-pkgversion='Gentoo 4.3.4 p1.1, pie-10.1.5'
Thread model: posix
gcc version 4.3.4 (Gentoo 4.3.4 p1.1, pie-10.1.5) 
configure:2939: $? = 0
configure:2946: gcc -V >&5
gcc: '-V' option must have argument
configure:2949: $? = 1
configure:2972: checking for C compiler default output file name
configure:2999: gcc    conftest.c  >&5
configure:3002: $? = 0
configure:3040: result: a.out
configure:3057: checking whether the C compiler works
configure:3067: ./a.out
configure:3070: $? = 0
configure:3087: result: yes
configure:3094: checking whether we are cross compiling
configure:3096: result: no
configure:3099: checking for suffix of executables
configure:3106: gcc -o conftest    conftest.c  >&5
configure:3109: $? = 0
configure:3133: result: 
configure:3139: checking for suffix of object files
configure:3165: gcc -c   conftest.c >&5
configure:3168: $? = 0
configure:3191: result: o
configure:3195: checking whether we are using the GNU C compiler
configure:3224: gcc -c   conftest.c >&5
configure:3230: $? = 0
configure:3247: result: yes
configure:3252: checking whether gcc accepts -g
configure:3282: gcc -c -g  conftest.c >&5
configure:3288: $? = 0
configure:3387: result: yes
configure:3404: checking for gcc option to accept ISO C89
configure:3478: gcc  -c -g -O2  conftest.c >&5
configure:3484: $? = 0
configure:3507: result: none needed
configure:3536: checking for style of include used by make
configure:3564: result: GNU
configure:3592: checking dependency style of gcc
configure:3682: result: gcc3
configure:3757: checking for g++
configure:3773: found /usr/bin/g++
configure:3784: result: g++
configure:3815: checking for C++ compiler version
configure:3822: g++ --version >&5
g++ (Gentoo 4.3.4 p1.1, pie-10.1.5) 4.3.4
Copyright (C) 2008 Free Software Foundation, Inc.
This is free software; see the source for copying conditions.  There is NO
warranty; not even for MERCHANTABILITY or FITNESS FOR A PARTICULAR PURPOSE.

configure:3825: $? = 0
configure:3832: g++ -v >&5
Using built-in specs.
Target: x86_64-pc-linux-gnu
Configured with: /var/tmp/portage/sys-devel/gcc-4.3.4/work/gcc-4.3.4/configure --prefix=/usr --bindir=/usr/x86_64-pc-linux-gnu/gcc-bin/4.3.4 --includedir=/usr/lib/gcc/x86_64-pc-linux-gnu/4.3.4/include --datadir=/usr/share/gcc-data/x86_64-pc-linux-gnu/4.3.4 --mandir=/usr/share/gcc-data/x86_64-pc-linux-gnu/4.3.4/man --infodir=/usr/share/gcc-data/x86_64-pc-linux-gnu/4.3.4/info --with-gxx-include-dir=/usr/lib/gcc/x86_64-pc-linux-gnu/4.3.4/include/g++-v4 --host=x86_64-pc-linux-gnu --build=x86_64-pc-linux-gnu --disable-altivec --disable-fixed-point --enable-nls --without-included-gettext --with-system-zlib --disable-checking --disable-werror --enable-secureplt --enable-multilib --enable-libmudflap --disable-libssp --enable-libgomp --disable-libgcj --enable-languages=c,c++,treelang,fortran --enable-shared --enable-threads=posix --enable-__cxa_atexit --enable-clocale=gnu --with-bugurl=http://bugs.gentoo.org/ --with-pkgversion='Gentoo 4.3.4 p1.1, pie-10.1.5'
Thread model: posix
gcc version 4.3.4 (Gentoo 4.3.4 p1.1, pie-10.1.5) 
configure:3835: $? = 0
configure:3842: g++ -V >&5
g++: '-V' option must have argument
configure:3845: $? = 1
configure:3848: checking whether we are using the GNU C++ compiler
configure:3877: g++ -c   conftest.cpp >&5
configure:3883: $? = 0
configure:3900: result: yes
configure:3905: checking whether g++ accepts -g
configure:3935: g++ -c -g  conftest.cpp >&5
configure:3941: $? = 0
configure:4040: result: yes
configure:4065: checking dependency style of g++
configure:4155: result: gcc3
configure:4244: checking for a sed that does not truncate output
configure:4300: result: /bin/sed
configure:4303: checking for grep that handles long lines and -e
configure:4377: result: /bin/grep
configure:4382: checking for egrep
configure:4460: result: /bin/grep -E
configure:4476: checking for ld used by gcc
configure:4543: result: /usr/x86_64-pc-linux-gnu/bin/ld
configure:4552: checking if the linker (/usr/x86_64-pc-linux-gnu/bin/ld) is GNU ld
configure:4567: result: yes
configure:4572: checking for /usr/x86_64-pc-linux-gnu/bin/ld option to reload object files
configure:4579: result: -r
configure:4597: checking for BSD-compatible nm
configure:4646: result: /usr/bin/nm -B
configure:4650: checking whether ln -s works
configure:4654: result: yes
configure:4661: checking how to recognize dependent libraries
configure:4847: result: pass_all
configure:4936: gcc -c -g -O2  conftest.c >&5
configure:4939: $? = 0
configure:5088: checking how to run the C preprocessor
configure:5128: gcc -E  conftest.c
configure:5134: $? = 0
configure:5165: gcc -E  conftest.c
conftest.c:13:28: error: ac_nonexistent.h: No such file or directory
configure:5171: $? = 1
configure: failed program was:
| /* confdefs.h.  */
| #define PACKAGE_NAME "libxls"
| #define PACKAGE_TARNAME "libxls"
| #define PACKAGE_VERSION "0.2.0"
| #define PACKAGE_STRING "libxls 0.2.0"
| #define PACKAGE_BUGREPORT "cleit@users.sourceforge.net"
| #define LIBXLS_MAJOR_VERSION 0
| #define LIBXLS_MINOR_VERSION 2
| #define LIBXLS_MICRO_VERSION 0
| #define PACKAGE "libxls"
| #define VERSION "0.2.0"
| /* end confdefs.h.  */
| #include <ac_nonexistent.h>
configure:5204: result: gcc -E
configure:5233: gcc -E  conftest.c
configure:5239: $? = 0
configure:5270: gcc -E  conftest.c
conftest.c:13:28: error: ac_nonexistent.h: No such file or directory
configure:5276: $? = 1
configure: failed program was:
| /* confdefs.h.  */
| #define PACKAGE_NAME "libxls"
| #define PACKAGE_TARNAME "libxls"
| #define PACKAGE_VERSION "0.2.0"
| #define PACKAGE_STRING "libxls 0.2.0"
| #define PACKAGE_BUGREPORT "cleit@users.sourceforge.net"
| #define LIBXLS_MAJOR_VERSION 0
| #define LIBXLS_MINOR_VERSION 2
| #define LIBXLS_MICRO_VERSION 0
| #define PACKAGE "libxls"
| #define VERSION "0.2.0"
| /* end confdefs.h.  */
| #include <ac_nonexistent.h>
configure:5314: checking for ANSI C header files
configure:5344: gcc -c -g -O2  conftest.c >&5
configure:5350: $? = 0
configure:5449: gcc -o conftest -g -O2   conftest.c  >&5
configure:5452: $? = 0
configure:5458: ./conftest
configure:5461: $? = 0
configure:5478: result: yes
configure:5502: checking for sys/types.h
configure:5523: gcc -c -g -O2  conftest.c >&5
configure:5529: $? = 0
configure:5545: result: yes
configure:5502: checking for sys/stat.h
configure:5523: gcc -c -g -O2  conftest.c >&5
configure:5529: $? = 0
configure:5545: result: yes
configure:5502: checking for stdlib.h
configure:5523: gcc -c -g -O2  conftest.c >&5
configure:5529: $? = 0
configure:5545: result: yes
configure:5502: checking for string.h
configure:5523: gcc -c -g -O2  conftest.c >&5
configure:5529: $? = 0
configure:5545: result: yes
configure:5502: checking for memory.h
configure:5523: gcc -c -g -O2  conftest.c >&5
configure:5529: $? = 0
configure:5545: result: yes
configure:5502: checking for strings.h
configure:5523: gcc -c -g -O2  conftest.c >&5
configure:5529: $? = 0
configure:5545: result: yes
configure:5502: checking for inttypes.h
configure:5523: gcc -c -g -O2  conftest.c >&5
configure:5529: $? = 0
configure:5545: result: yes
configure:5502: checking for stdint.h
configure:5523: gcc -c -g -O2  conftest.c >&5
configure:5529: $? = 0
configure:5545: result: yes
configure:5502: checking for unistd.h
configure:5523: gcc -c -g -O2  conftest.c >&5
configure:5529: $? = 0
configure:5545: result: yes
configure:5572: checking dlfcn.h usability
configure:5589: gcc -c -g -O2  conftest.c >&5
configure:5595: $? = 0
configure:5609: result: yes
configure:5613: checking dlfcn.h presence
configure:5628: gcc -E  conftest.c
configure:5634: $? = 0
configure:5648: result: yes
configure:5681: checking for dlfcn.h
configure:5689: result: yes
configure:5712: checking how to run the C++ preprocessor
configure:5748: g++ -E  conftest.cpp
configure:5754: $? = 0
configure:5785: g++ -E  conftest.cpp
conftest.cpp:24:28: error: ac_nonexistent.h: No such file or directory
configure:5791: $? = 1
configure: failed program was:
| /* confdefs.h.  */
| #define PACKAGE_NAME "libxls"
| #define PACKAGE_TARNAME "libxls"
| #define PACKAGE_VERSION "0.2.0"
| #define PACKAGE_STRING "libxls 0.2.0"
| #define PACKAGE_BUGREPORT "cleit@users.sourceforge.net"
| #define LIBXLS_MAJOR_VERSION 0
| #define LIBXLS_MINOR_VERSION 2
| #define LIBXLS_MICRO_VERSION 0
| #define PACKAGE "libxls"
| #define VERSION "0.2.0"
| #define STDC_HEADERS 1
| #define HAVE_SYS_TYPES_H 1
| #define HAVE_SYS_STAT_H 1
| #define HAVE_STDLIB_H 1
| #define HAVE_STRING_H 1
| #define HAVE_MEMORY_H 1
| #define HAVE_STRINGS_H 1
| #define HAVE_INTTYPES_H 1
| #define HAVE_STDINT_H 1
| #define HAVE_UNISTD_H 1
| #define HAVE_DLFCN_H 1
| /* end confdefs.h.  */
| #include <ac_nonexistent.h>
configure:5824: result: g++ -E
configure:5853: g++ -E  conftest.cpp
configure:5859: $? = 0
configure:5890: g++ -E  conftest.cpp
conftest.cpp:24:28: error: ac_nonexistent.h: No such file or directory
configure:5896: $? = 1
configure: failed program was:
| /* confdefs.h.  */
| #define PACKAGE_NAME "libxls"
| #define PACKAGE_TARNAME "libxls"
| #define PACKAGE_VERSION "0.2.0"
| #define PACKAGE_STRING "libxls 0.2.0"
| #define PACKAGE_BUGREPORT "cleit@users.sourceforge.net"
| #define LIBXLS_MAJOR_VERSION 0
| #define LIBXLS_MINOR_VERSION 2
| #define LIBXLS_MICRO_VERSION 0
| #define PACKAGE "libxls"
| #define VERSION "0.2.0"
| #define STDC_HEADERS 1
| #define HAVE_SYS_TYPES_H 1
| #define HAVE_SYS_STAT_H 1
| #define HAVE_STDLIB_H 1
| #define HAVE_STRING_H 1
| #define HAVE_MEMORY_H 1
| #define HAVE_STRINGS_H 1
| #define HAVE_INTTYPES_H 1
| #define HAVE_STDINT_H 1
| #define HAVE_UNISTD_H 1
| #define HAVE_DLFCN_H 1
| /* end confdefs.h.  */
| #include <ac_nonexistent.h>
configure:5989: checking for g77
configure:6019: result: no
configure:5989: checking for xlf
configure:6019: result: no
configure:5989: checking for f77
configure:6019: result: no
configure:5989: checking for frt
configure:6019: result: no
configure:5989: checking for pgf77
configure:6019: result: no
configure:5989: checking for cf77
configure:6019: result: no
configure:5989: checking for fort77
configure:6019: result: no
configure:5989: checking for fl32
configure:6019: result: no
configure:5989: checking for af77
configure:6019: result: no
configure:5989: checking for xlf90
configure:6019: result: no
configure:5989: checking for f90
configure:6019: result: no
configure:5989: checking for pgf90
configure:6019: result: no
configure:5989: checking for pghpf
configure:6019: result: no
configure:5989: checking for epcf90
configure:6019: result: no
configure:5989: checking for gfortran
configure:6005: found /usr/bin/gfortran
configure:6016: result: gfortran
configure:6046: checking for Fortran 77 compiler version
configure:6053: gfortran --version >&5
GNU Fortran (Gentoo 4.3.4 p1.1, pie-10.1.5) 4.3.4
Copyright (C) 2008 Free Software Foundation, Inc.

GNU Fortran comes with NO WARRANTY, to the extent permitted by law.
You may redistribute copies of GNU Fortran
under the terms of the GNU General Public License.
For more information about these matters, see the file named COPYING

configure:6056: $? = 0
configure:6063: gfortran -v >&5
Using built-in specs.
Target: x86_64-pc-linux-gnu
Configured with: /var/tmp/portage/sys-devel/gcc-4.3.4/work/gcc-4.3.4/configure --prefix=/usr --bindir=/usr/x86_64-pc-linux-gnu/gcc-bin/4.3.4 --includedir=/usr/lib/gcc/x86_64-pc-linux-gnu/4.3.4/include --datadir=/usr/share/gcc-data/x86_64-pc-linux-gnu/4.3.4 --mandir=/usr/share/gcc-data/x86_64-pc-linux-gnu/4.3.4/man --infodir=/usr/share/gcc-data/x86_64-pc-linux-gnu/4.3.4/info --with-gxx-include-dir=/usr/lib/gcc/x86_64-pc-linux-gnu/4.3.4/include/g++-v4 --host=x86_64-pc-linux-gnu --build=x86_64-pc-linux-gnu --disable-altivec --disable-fixed-point --enable-nls --without-included-gettext --with-system-zlib --disable-checking --disable-werror --enable-secureplt --enable-multilib --enable-libmudflap --disable-libssp --enable-libgomp --disable-libgcj --enable-languages=c,c++,treelang,fortran --enable-shared --enable-threads=posix --enable-__cxa_atexit --enable-clocale=gnu --with-bugurl=http://bugs.gentoo.org/ --with-pkgversion='Gentoo 4.3.4 p1.1, pie-10.1.5'
Thread model: posix
gcc version 4.3.4 (Gentoo 4.3.4 p1.1, pie-10.1.5) 
configure:6066: $? = 0
configure:6073: gfortran -V >&5
gfortran: '-V' option must have argument
configure:6076: $? = 1
configure:6084: checking whether we are using the GNU Fortran 77 compiler
configure:6103: gfortran -c  conftest.F >&5
configure:6109: $? = 0
configure:6126: result: yes
configure:6132: checking whether gfortran accepts -g
configure:6149: gfortran -c -g conftest.f >&5
configure:6155: $? = 0
configure:6171: result: yes
configure:6201: checking the maximum length of command line arguments
configure:6313: result: 1572864
configure:6325: checking command to parse /usr/bin/nm -B output from gcc object
configure:6430: gcc -c -g -O2  conftest.c >&5
configure:6433: $? = 0
configure:6437: /usr/bin/nm -B conftest.o \| sed -n -e 's/^.*[ 	]\([ABCDGIRSTW][ABCDGIRSTW]*\)[ 	][ 	]*\([_A-Za-z][_A-Za-z0-9]*\)$/\1 \2 \2/p' \> conftest.nm
configure:6440: $? = 0
configure:6492: gcc -o conftest -g -O2   conftest.c conftstm.o >&5
configure:6495: $? = 0
configure:6533: result: ok
configure:6537: checking for objdir
configure:6552: result: .libs
configure:6644: checking for ar
configure:6660: found /usr/bin/ar
configure:6671: result: ar
configure:6740: checking for ranlib
configure:6756: found /usr/bin/ranlib
configure:6767: result: ranlib
configure:6836: checking for strip
configure:6852: found /usr/bin/strip
configure:6863: result: strip
configure:7149: checking if gcc supports -fno-rtti -fno-exceptions
configure:7167: gcc -c -g -O2  -fno-rtti -fno-exceptions conftest.c >&5
cc1: warning: command line option "-fno-rtti" is valid for C++/ObjC++ but not for C
configure:7171: $? = 0
configure:7184: result: no
configure:7199: checking for gcc option to produce PIC
configure:7431: result: -fPIC
configure:7439: checking if gcc PIC flag -fPIC works
configure:7457: gcc -c -g -O2  -fPIC -DPIC conftest.c >&5
configure:7461: $? = 0
configure:7474: result: yes
configure:7502: checking if gcc static flag -static works
configure:7530: result: yes
configure:7540: checking if gcc supports -c -o file.o
configure:7561: gcc -c -g -O2  -o out/conftest2.o conftest.c >&5
configure:7565: $? = 0
configure:7587: result: yes
configure:7613: checking whether the gcc linker (/usr/x86_64-pc-linux-gnu/bin/ld -m elf_x86_64) supports shared libraries
configure:8593: result: yes
configure:8614: checking whether -lc should be explicitly linked in
configure:8619: gcc -c -g -O2  conftest.c >&5
configure:8622: $? = 0
configure:8637: gcc -shared conftest.o  -v -Wl,-soname -Wl,conftest -o conftest 2\>\&1 \| grep  -lc  \>/dev/null 2\>\&1
configure:8640: $? = 0
configure:8652: result: no
configure:8660: checking dynamic linker characteristics
configure:9262: result: GNU/Linux ld.so
configure:9271: checking how to hardcode library paths into programs
configure:9296: result: immediate
configure:9310: checking whether stripping libraries is possible
configure:9315: result: yes
configure:10117: checking if libtool supports shared libraries
configure:10119: result: yes
configure:10122: checking whether to build shared libraries
configure:10143: result: yes
configure:10146: checking whether to build static libraries
configure:10150: result: yes
configure:10243: creating libtool
configure:10831: checking for ld used by g++
configure:10898: result: /usr/x86_64-pc-linux-gnu/bin/ld -m elf_x86_64
configure:10907: checking if the linker (/usr/x86_64-pc-linux-gnu/bin/ld -m elf_x86_64) is GNU ld
configure:10922: result: yes
configure:10973: checking whether the g++ linker (/usr/x86_64-pc-linux-gnu/bin/ld -m elf_x86_64) supports shared libraries
configure:11947: result: yes
configure:11965: g++ -c -g -O2  conftest.cpp >&5
configure:11968: $? = 0
configure:12120: checking for g++ option to produce PIC
configure:12404: result: -fPIC
configure:12412: checking if g++ PIC flag -fPIC works
configure:12430: g++ -c -g -O2  -fPIC -DPIC conftest.cpp >&5
configure:12434: $? = 0
configure:12447: result: yes
configure:12475: checking if g++ static flag -static works
configure:12503: result: yes
configure:12513: checking if g++ supports -c -o file.o
configure:12534: g++ -c -g -O2  -o out/conftest2.o conftest.cpp >&5
configure:12538: $? = 0
configure:12560: result: yes
configure:12586: checking whether the g++ linker (/usr/x86_64-pc-linux-gnu/bin/ld -m elf_x86_64) supports shared libraries
configure:12611: result: yes
configure:12678: checking dynamic linker characteristics
configure:13228: result: GNU/Linux ld.so
configure:13237: checking how to hardcode library paths into programs
configure:13262: result: immediate
configure:13796: checking if libtool supports shared libraries
configure:13798: result: yes
configure:13801: checking whether to build shared libraries
configure:13821: result: yes
configure:13824: checking whether to build static libraries
configure:13828: result: yes
configure:13838: checking for gfortran option to produce PIC
configure:14070: result: -fPIC
configure:14078: checking if gfortran PIC flag -fPIC works
configure:14096: gfortran -c -g -O2 -fPIC conftest.f >&5
configure:14100: $? = 0
configure:14113: result: yes
configure:14141: checking if gfortran static flag -static works
configure:14169: result: yes
configure:14179: checking if gfortran supports -c -o file.o
configure:14200: gfortran -c -g -O2 -o out/conftest2.o conftest.f >&5
configure:14204: $? = 0
configure:14226: result: yes
configure:14252: checking whether the gfortran linker (/usr/x86_64-pc-linux-gnu/bin/ld -m elf_x86_64) supports shared libraries
configure:15212: result: yes
configure:15279: checking dynamic linker characteristics
configure:15829: result: GNU/Linux ld.so
configure:15838: checking how to hardcode library paths into programs
configure:15863: result: immediate
configure:19438: checking for pkg-config
configure:19456: found /usr/bin/pkg-config
configure:19469: result: /usr/bin/pkg-config
configure:19491: checking for a BSD-compatible install
configure:19547: result: /usr/bin/install -c
configure:19563: checking for pow
configure:19619: gcc -o conftest -g -O2   conftest.c  >&5
conftest.c:47: warning: conflicting types for built-in function 'pow'
/tmp/ccC6qnvf.o: In function `main':
/web/service-phgt-0/lib/utilities/downloads/libxls-0.2.0/conftest.c:58: undefined reference to `pow'
collect2: ld returned 1 exit status
configure:19625: $? = 1
configure: failed program was:
| /* confdefs.h.  */
| #define PACKAGE_NAME "libxls"
| #define PACKAGE_TARNAME "libxls"
| #define PACKAGE_VERSION "0.2.0"
| #define PACKAGE_STRING "libxls 0.2.0"
| #define PACKAGE_BUGREPORT "cleit@users.sourceforge.net"
| #define LIBXLS_MAJOR_VERSION 0
| #define LIBXLS_MINOR_VERSION 2
| #define LIBXLS_MICRO_VERSION 0
| #define PACKAGE "libxls"
| #define VERSION "0.2.0"
| #define STDC_HEADERS 1
| #define HAVE_SYS_TYPES_H 1
| #define HAVE_SYS_STAT_H 1
| #define HAVE_STDLIB_H 1
| #define HAVE_STRING_H 1
| #define HAVE_MEMORY_H 1
| #define HAVE_STRINGS_H 1
| #define HAVE_INTTYPES_H 1
| #define HAVE_STDINT_H 1
| #define HAVE_UNISTD_H 1
| #define HAVE_DLFCN_H 1
| /* end confdefs.h.  */
| /* Define pow to an innocuous variant, in case <limits.h> declares pow.
|    For example, HP-UX 11i <limits.h> declares gettimeofday.  */
| #define pow innocuous_pow
| 
| /* System header to define __stub macros and hopefully few prototypes,
|     which can conflict with char pow (); below.
|     Prefer <limits.h> to <assert.h> if __STDC__ is defined, since
|     <limits.h> exists even on freestanding compilers.  */
| 
| #ifdef __STDC__
| # include <limits.h>
| #else
| # include <assert.h>
| #endif
| 
| #undef pow
| 
| /* Override any GCC internal prototype to avoid an error.
|    Use char because int might match the return type of a GCC
|    builtin and then its argument prototype would still apply.  */
| #ifdef __cplusplus
| extern "C"
| #endif
| char pow ();
| /* The GNU C library defines this for functions which it implements
|     to always fail with ENOSYS.  Some functions are actually named
|     something starting with __ and the normal name is an alias.  */
| #if defined __stub_pow || defined __stub___pow
| choke me
| #endif
| 
| int
| main ()
| {
| return pow ();
|   ;
|   return 0;
| }
configure:19643: result: no
configure:19657: checking for strdup
configure:19713: gcc -o conftest -g -O2   conftest.c  >&5
conftest.c:47: warning: conflicting types for built-in function 'strdup'
configure:19719: $? = 0
configure:19737: result: yes
configure:19762: checking wchar.h usability
configure:19779: gcc -c -g -O2  conftest.c >&5
configure:19785: $? = 0
configure:19799: result: yes
configure:19803: checking wchar.h presence
configure:19818: gcc -E  conftest.c
configure:19824: $? = 0
configure:19838: result: yes
configure:19871: checking for wchar.h
configure:19879: result: yes
configure:19892: checking for an ANSI C-conforming const
configure:19967: gcc -c -g -O2  conftest.c >&5
configure:19973: $? = 0
configure:19988: result: yes
configure:20003: checking for stdlib.h
configure:20009: result: yes
configure:20143: checking for GNU libc compatible malloc
configure:20177: gcc -o conftest -g -O2   conftest.c  >&5
configure:20180: $? = 0
configure:20186: ./conftest
configure:20189: $? = 0
configure:20205: result: yes
configure:20238: checking for stdlib.h
configure:20244: result: yes
configure:20378: checking for GNU libc compatible realloc
configure:20412: gcc -o conftest -g -O2   conftest.c  >&5
configure:20415: $? = 0
configure:20421: ./conftest
configure:20424: $? = 0
configure:20440: result: yes
configure:20469: checking for size_t
configure:20499: gcc -c -g -O2  conftest.c >&5
configure:20505: $? = 0
configure:20520: result: yes
configure:20560: checking iconv.h usability
configure:20577: gcc -c -g -O2  conftest.c >&5
configure:20583: $? = 0
configure:20597: result: yes
configure:20601: checking iconv.h presence
configure:20616: gcc -E  conftest.c
configure:20622: $? = 0
configure:20636: result: yes
configure:20669: checking for iconv.h
configure:20676: result: yes
configure:20681: checking for iconv
configure:20707: gcc -o conftest -g -O2   conftest.c  >&5
configure:20713: $? = 0
configure:20720: result: yes
configure:20940: creating ./config.status

## ---------------------- ##
## Running config.status. ##
## ---------------------- ##

This file was extended by libxls config.status 0.2.0, which was
generated by GNU Autoconf 2.61.  Invocation command line was

  CONFIG_FILES    = 
  CONFIG_HEADERS  = 
  CONFIG_LINKS    = 
  CONFIG_COMMANDS = 
  $ ./config.status 

on epimetheus

config.status:672: creating Makefile
config.status:672: creating include/Makefile
config.status:672: creating include/libxls/Makefile
config.status:672: creating src/Makefile
config.status:672: creating test/Makefile
config.status:672: creating config.h
config.status:949: executing depfiles commands

## ---------------- ##
## Cache variables. ##
## ---------------- ##

ac_cv_build=x86_64-unknown-linux-gnu
ac_cv_c_compiler_gnu=yes
ac_cv_c_const=yes
ac_cv_cxx_compiler_gnu=yes
ac_cv_env_CCC_set=
ac_cv_env_CCC_value=
ac_cv_env_CC_set=
ac_cv_env_CC_value=
ac_cv_env_CFLAGS_set=
ac_cv_env_CFLAGS_value=
ac_cv_env_CPPFLAGS_set=
ac_cv_env_CPPFLAGS_value=
ac_cv_env_CPP_set=
ac_cv_env_CPP_value=
ac_cv_env_CXXCPP_set=
ac_cv_env_CXXCPP_value=
ac_cv_env_CXXFLAGS_set=
ac_cv_env_CXXFLAGS_value=
ac_cv_env_CXX_set=
ac_cv_env_CXX_value=
ac_cv_env_F77_set=
ac_cv_env_F77_value=
ac_cv_env_FFLAGS_set=
ac_cv_env_FFLAGS_value=
ac_cv_env_LDFLAGS_set=
ac_cv_env_LDFLAGS_value=
ac_cv_env_LIBS_set=
ac_cv_env_LIBS_value=
ac_cv_env_build_alias_set=
ac_cv_env_build_alias_value=
ac_cv_env_host_alias_set=
ac_cv_env_host_alias_value=
ac_cv_env_target_alias_set=
ac_cv_env_target_alias_value=
ac_cv_f77_compiler_gnu=yes
ac_cv_func_malloc_0_nonnull=yes
ac_cv_func_pow=no
ac_cv_func_realloc_0_nonnull=yes
ac_cv_func_strdup=yes
ac_cv_header_dlfcn_h=yes
ac_cv_header_iconv_h=yes
ac_cv_header_inttypes_h=yes
ac_cv_header_memory_h=yes
ac_cv_header_stdc=yes
ac_cv_header_stdint_h=yes
ac_cv_header_stdlib_h=yes
ac_cv_header_string_h=yes
ac_cv_header_strings_h=yes
ac_cv_header_sys_stat_h=yes
ac_cv_header_sys_types_h=yes
ac_cv_header_unistd_h=yes
ac_cv_header_wchar_h=yes
ac_cv_host=x86_64-unknown-linux-gnu
ac_cv_objext=o
ac_cv_path_EGREP='/bin/grep -E'
ac_cv_path_GREP=/bin/grep
ac_cv_path_PKG_CONFIG=/usr/bin/pkg-config
ac_cv_path_install='/usr/bin/install -c'
ac_cv_prog_AWK=gawk
ac_cv_prog_CPP='gcc -E'
ac_cv_prog_CXXCPP='g++ -E'
ac_cv_prog_ac_ct_AR=ar
ac_cv_prog_ac_ct_CC=gcc
ac_cv_prog_ac_ct_CXX=g++
ac_cv_prog_ac_ct_F77=gfortran
ac_cv_prog_ac_ct_RANLIB=ranlib
ac_cv_prog_ac_ct_STRIP=strip
ac_cv_prog_cc_c89=
ac_cv_prog_cc_g=yes
ac_cv_prog_cxx_g=yes
ac_cv_prog_f77_g=yes
ac_cv_prog_make_make_set=yes
ac_cv_type_size_t=yes
am_cv_CC_dependencies_compiler_type=gcc3
am_cv_CXX_dependencies_compiler_type=gcc3
lt_cv_deplibs_check_method=pass_all
lt_cv_file_magic_cmd='$MAGIC_CMD'
lt_cv_file_magic_test_file=
lt_cv_ld_reload_flag=-r
lt_cv_objdir=.libs
lt_cv_path_LD=/usr/x86_64-pc-linux-gnu/bin/ld
lt_cv_path_LDCXX='/usr/x86_64-pc-linux-gnu/bin/ld -m elf_x86_64'
lt_cv_path_NM='/usr/bin/nm -B'
lt_cv_path_SED=/bin/sed
lt_cv_prog_compiler_c_o=yes
lt_cv_prog_compiler_c_o_CXX=yes
lt_cv_prog_compiler_c_o_F77=yes
lt_cv_prog_compiler_rtti_exceptions=no
lt_cv_prog_gnu_ld=yes
lt_cv_prog_gnu_ldcxx=yes
lt_cv_sys_global_symbol_pipe='sed -n -e '\''s/^.*[ 	]\([ABCDGIRSTW][ABCDGIRSTW]*\)[ 	][ 	]*\([_A-Za-z][_A-Za-z0-9]*\)$/\1 \2 \2/p'\'''
lt_cv_sys_global_symbol_to_c_name_address='sed -n -e '\''s/^: \([^ ]*\) $/  {\"\1\", (lt_ptr) 0},/p'\'' -e '\''s/^[BCDEGRST] \([^ ]*\) \([^ ]*\)$/  {"\2", (lt_ptr) \&\2},/p'\'''
lt_cv_sys_global_symbol_to_cdecl='sed -n -e '\''s/^. .* \(.*\)$/extern int \1;/p'\'''
lt_cv_sys_max_cmd_len=1572864
lt_lt_cv_prog_compiler_c_o='"yes"'
lt_lt_cv_prog_compiler_c_o_CXX='"yes"'
lt_lt_cv_prog_compiler_c_o_F77='"yes"'
lt_lt_cv_sys_global_symbol_pipe='"sed -n -e '\''s/^.*[ 	]\\([ABCDGIRSTW][ABCDGIRSTW]*\\)[ 	][ 	]*\\([_A-Za-z][_A-Za-z0-9]*\\)\$/\\1 \\2 \\2/p'\''"'
lt_lt_cv_sys_global_symbol_to_c_name_address='"sed -n -e '\''s/^: \\([^ ]*\\) \$/  {\\\"\\1\\\", (lt_ptr) 0},/p'\'' -e '\''s/^[BCDEGRST] \\([^ ]*\\) \\([^ ]*\\)\$/  {\"\\2\", (lt_ptr) \\&\\2},/p'\''"'
lt_lt_cv_sys_global_symbol_to_cdecl='"sed -n -e '\''s/^. .* \\(.*\\)\$/extern int \\1;/p'\''"'

## ----------------- ##
## Output variables. ##
## ----------------- ##

ACLOCAL='${SHELL} /web/service-phgt-0/lib/utilities/downloads/libxls-0.2.0/missing --run aclocal-1.9'
AMDEPBACKSLASH='\'
AMDEP_FALSE='#'
AMDEP_TRUE=''
AMTAR='${SHELL} /web/service-phgt-0/lib/utilities/downloads/libxls-0.2.0/missing --run tar'
AR='ar'
AUTOCONF='${SHELL} /web/service-phgt-0/lib/utilities/downloads/libxls-0.2.0/missing --run autoconf'
AUTOHEADER='${SHELL} /web/service-phgt-0/lib/utilities/downloads/libxls-0.2.0/missing --run autoheader'
AUTOMAKE='${SHELL} /web/service-phgt-0/lib/utilities/downloads/libxls-0.2.0/missing --run automake-1.9'
AWK='gawk'
CC='gcc'
CCDEPMODE='depmode=gcc3'
CFLAGS='-g -O2'
CPP='gcc -E'
CPPFLAGS=''
CXX='g++'
CXXCPP='g++ -E'
CXXDEPMODE='depmode=gcc3'
CXXFLAGS='-g -O2'
CYGPATH_W='echo'
DEFS='-DHAVE_CONFIG_H'
DEPDIR='.deps'
ECHO='echo'
ECHO_C=''
ECHO_N='-n'
ECHO_T=''
EGREP='/bin/grep -E'
EXEEXT=''
F77='gfortran'
FFLAGS='-g -O2'
GREP='/bin/grep'
INSTALL_DATA='${INSTALL} -m 644'
INSTALL_PROGRAM='${INSTALL}'
INSTALL_SCRIPT='${INSTALL}'
INSTALL_STRIP_PROGRAM='${SHELL} $(install_sh) -c -s'
LDFLAGS=''
LIBOBJS=''
LIBS=''
LIBTOOL='$(SHELL) $(top_builddir)/libtool'
LIBTOOL_DEPS='./ltmain.sh'
LIBXLS_LIBS=' '
LIBXLS_MAJOR_VERSION='0'
LIBXLS_MICRO_VERSION='0'
LIBXLS_MINOR_VERSION='2'
LN_S='ln -s'
LTLIBOBJS=''
MAKEINFO='${SHELL} /web/service-phgt-0/lib/utilities/downloads/libxls-0.2.0/missing --run makeinfo'
OBJEXT='o'
PACKAGE='libxls'
PACKAGE_BUGREPORT='cleit@users.sourceforge.net'
PACKAGE_NAME='libxls'
PACKAGE_STRING='libxls 0.2.0'
PACKAGE_TARNAME='libxls'
PACKAGE_VERSION='0.2.0'
PATH_SEPARATOR=':'
PKG_CONFIG='/usr/bin/pkg-config'
RANLIB='ranlib'
SED='/bin/sed'
SET_MAKE=''
SHELL='/bin/sh'
STRIP='strip'
VERSION='0.2.0'
VERSION_INFO='2:0:2'
WITH_ICONV='1'
ac_ct_CC='gcc'
ac_ct_CXX='g++'
ac_ct_F77='gfortran'
am__fastdepCC_FALSE='#'
am__fastdepCC_TRUE=''
am__fastdepCXX_FALSE='#'
am__fastdepCXX_TRUE=''
am__include='include'
am__leading_dot='.'
am__quote=''
am__tar='${AMTAR} chof - "$$tardir"'
am__untar='${AMTAR} xf -'
bindir='${exec_prefix}/bin'
build='x86_64-unknown-linux-gnu'
build_alias=''
build_cpu='x86_64'
build_os='linux-gnu'
build_vendor='unknown'
datadir='${datarootdir}'
datarootdir='${prefix}/share'
docdir='${datarootdir}/doc/${PACKAGE_TARNAME}'
dvidir='${docdir}'
exec_prefix='${prefix}'
host='x86_64-unknown-linux-gnu'
host_alias=''
host_cpu='x86_64'
host_os='linux-gnu'
host_vendor='unknown'
htmldir='${docdir}'
includedir='${prefix}/include'
infodir='${datarootdir}/info'
install_sh='/web/service-phgt-0/lib/utilities/downloads/libxls-0.2.0/install-sh'
libdir='${exec_prefix}/lib'
libexecdir='${exec_prefix}/libexec'
localedir='${datarootdir}/locale'
localstatedir='${prefix}/var'
mandir='${datarootdir}/man'
mkdir_p='mkdir -p --'
oldincludedir='/usr/include'
pdfdir='${docdir}'
prefix='/usr/local/libxls'
program_transform_name='s,x,x,'
psdir='${docdir}'
sbindir='${exec_prefix}/sbin'
sharedstatedir='${prefix}/com'
sysconfdir='${prefix}/etc'
target_alias=''

## ----------- ##
## confdefs.h. ##
## ----------- ##

#define PACKAGE_NAME "libxls"
#define PACKAGE_TARNAME "libxls"
#define PACKAGE_VERSION "0.2.0"
#define PACKAGE_STRING "libxls 0.2.0"
#define PACKAGE_BUGREPORT "cleit@users.sourceforge.net"
#define LIBXLS_MAJOR_VERSION 0
#define LIBXLS_MINOR_VERSION 2
#define LIBXLS_MICRO_VERSION 0
#define PACKAGE "libxls"
#define VERSION "0.2.0"
#define STDC_HEADERS 1
#define HAVE_SYS_TYPES_H 1
#define HAVE_SYS_STAT_H 1
#define HAVE_STDLIB_H 1
#define HAVE_STRING_H 1
#define HAVE_MEMORY_H 1
#define HAVE_STRINGS_H 1
#define HAVE_INTTYPES_H 1
#define HAVE_STDINT_H 1
#define HAVE_UNISTD_H 1
#define HAVE_DLFCN_H 1
#define HAVE_STRDUP 1
#define HAVE_WCHAR_H 1
#define HAVE_STDLIB_H 1
#define HAVE_MALLOC 1
#define HAVE_STDLIB_H 1
#define HAVE_REALLOC 1
#define HAVE_ICONV 1

configure: exit 0
