This file contains any messages produced by compilers while
running configure, to aid debugging if configure makes a mistake.

It was created by gnuplot configure 4.2.6, which was
generated by GNU Autoconf 2.63.  Invocation command line was

  $ ./configure 

## --------- ##
## Platform. ##
## --------- ##

hostname = epimetheus
uname -m = x86_64
uname -r = 2.6.29-gentoo-r5
uname -s = Linux
uname -v = #11 SMP Tue Mar 9 03:41:54 UTC 2010

/usr/bin/uname -p = Intel(R) Core(TM)2 Duo CPU P8400 @ 2.26GHz
/bin/uname -X     = unknown

/bin/arch              = unknown
/usr/bin/arch -k       = unknown
/usr/convex/getsysinfo = unknown
/usr/bin/hostinfo      = unknown
/bin/machine           = unknown
/usr/bin/oslevel       = unknown
/bin/universe          = unknown

PATH: /usr/local/sbin
PATH: /usr/local/bin
PATH: /usr/sbin
PATH: /usr/bin
PATH: /sbin
PATH: /bin
PATH: /opt/bin
PATH: /usr/x86_64-pc-linux-gnu/gcc-bin/4.3.4
PATH: /opt/vmware/server/bin
PATH: /opt/vmware/server/console/bin


## ----------- ##
## Core tests. ##
## ----------- ##

configure:2043: checking for a BSD-compatible install
configure:2111: result: /usr/bin/install -c
configure:2122: checking whether build environment is sane
configure:2165: result: yes
configure:2190: checking for a thread-safe mkdir -p
configure:2229: result: /bin/mkdir -p
configure:2242: checking for gawk
configure:2258: found /usr/bin/gawk
configure:2269: result: gawk
configure:2280: checking whether make sets $(MAKE)
configure:2302: result: yes
configure:2539: checking for gcc
configure:2555: found /usr/bin/gcc
configure:2566: result: gcc
configure:2798: checking for C compiler version
configure:2806: gcc --version >&5
gcc (Gentoo 4.3.4 p1.1, pie-10.1.5) 4.3.4
Copyright (C) 2008 Free Software Foundation, Inc.
This is free software; see the source for copying conditions.  There is NO
warranty; not even for MERCHANTABILITY or FITNESS FOR A PARTICULAR PURPOSE.

configure:2810: $? = 0
configure:2817: gcc -v >&5
Using built-in specs.
Target: x86_64-pc-linux-gnu
Configured with: /var/tmp/portage/sys-devel/gcc-4.3.4/work/gcc-4.3.4/configure --prefix=/usr --bindir=/usr/x86_64-pc-linux-gnu/gcc-bin/4.3.4 --includedir=/usr/lib/gcc/x86_64-pc-linux-gnu/4.3.4/include --datadir=/usr/share/gcc-data/x86_64-pc-linux-gnu/4.3.4 --mandir=/usr/share/gcc-data/x86_64-pc-linux-gnu/4.3.4/man --infodir=/usr/share/gcc-data/x86_64-pc-linux-gnu/4.3.4/info --with-gxx-include-dir=/usr/lib/gcc/x86_64-pc-linux-gnu/4.3.4/include/g++-v4 --host=x86_64-pc-linux-gnu --build=x86_64-pc-linux-gnu --disable-altivec --disable-fixed-point --enable-nls --without-included-gettext --with-system-zlib --disable-checking --disable-werror --enable-secureplt --enable-multilib --enable-libmudflap --disable-libssp --enable-libgomp --disable-libgcj --enable-languages=c,c++,treelang,fortran --enable-shared --enable-threads=posix --enable-__cxa_atexit --enable-clocale=gnu --with-bugurl=http://bugs.gentoo.org/ --with-pkgversion='Gentoo 4.3.4 p1.1, pie-10.1.5'
Thread model: posix
gcc version 4.3.4 (Gentoo 4.3.4 p1.1, pie-10.1.5) 
configure:2821: $? = 0
configure:2828: gcc -V >&5
gcc: '-V' option must have argument
configure:2832: $? = 1
configure:2855: checking for C compiler default output file name
configure:2877: gcc    conftest.c  >&5
configure:2881: $? = 0
configure:2919: result: a.out
configure:2938: checking whether the C compiler works
configure:2948: ./a.out
configure:2952: $? = 0
configure:2971: result: yes
configure:2978: checking whether we are cross compiling
configure:2980: result: no
configure:2983: checking for suffix of executables
configure:2990: gcc -o conftest    conftest.c  >&5
configure:2994: $? = 0
configure:3020: result: 
configure:3026: checking for suffix of object files
configure:3052: gcc -c   conftest.c >&5
configure:3056: $? = 0
configure:3081: result: o
configure:3085: checking whether we are using the GNU C compiler
configure:3114: gcc -c   conftest.c >&5
configure:3121: $? = 0
configure:3138: result: yes
configure:3147: checking whether gcc accepts -g
configure:3177: gcc -c -g  conftest.c >&5
configure:3184: $? = 0
configure:3285: result: yes
configure:3302: checking for gcc option to accept ISO C89
configure:3376: gcc  -c -g -O2  conftest.c >&5
configure:3383: $? = 0
configure:3406: result: none needed
configure:3435: checking for style of include used by make
configure:3463: result: GNU
configure:3488: checking dependency style of gcc
configure:3579: result: gcc3
configure:3594: checking for function prototypes
configure:3597: result: yes
configure:3620: checking how to run the C preprocessor
configure:3660: gcc -E  conftest.c
configure:3667: $? = 0
configure:3698: gcc -E  conftest.c
conftest.c:12:28: error: ac_nonexistent.h: No such file or directory
configure:3705: $? = 1
configure: failed program was:
| /* confdefs.h.  */
| #define PACKAGE_NAME "gnuplot"
| #define PACKAGE_TARNAME "gnuplot"
| #define PACKAGE_VERSION "4.2.6"
| #define PACKAGE_STRING "gnuplot 4.2.6"
| #define PACKAGE_BUGREPORT ""
| #define PACKAGE "gnuplot"
| #define VERSION "4.2.6"
| #define PROTOTYPES 1
| #define __PROTOTYPES 1
| /* end confdefs.h.  */
| #include <ac_nonexistent.h>
configure:3738: result: gcc -E
configure:3767: gcc -E  conftest.c
configure:3774: $? = 0
configure:3805: gcc -E  conftest.c
conftest.c:12:28: error: ac_nonexistent.h: No such file or directory
configure:3812: $? = 1
configure: failed program was:
| /* confdefs.h.  */
| #define PACKAGE_NAME "gnuplot"
| #define PACKAGE_TARNAME "gnuplot"
| #define PACKAGE_VERSION "4.2.6"
| #define PACKAGE_STRING "gnuplot 4.2.6"
| #define PACKAGE_BUGREPORT ""
| #define PACKAGE "gnuplot"
| #define VERSION "4.2.6"
| #define PROTOTYPES 1
| #define __PROTOTYPES 1
| /* end confdefs.h.  */
| #include <ac_nonexistent.h>
configure:3852: checking for grep that handles long lines and -e
configure:3912: result: /bin/grep
configure:3917: checking for egrep
configure:3981: result: /bin/grep -E
configure:3986: checking for ANSI C header files
configure:4016: gcc -c -g -O2  conftest.c >&5
configure:4023: $? = 0
configure:4122: gcc -o conftest -g -O2   conftest.c  >&5
configure:4126: $? = 0
configure:4132: ./conftest
configure:4136: $? = 0
configure:4154: result: yes
configure:4178: checking for sys/types.h
configure:4199: gcc -c -g -O2  conftest.c >&5
configure:4206: $? = 0
configure:4223: result: yes
configure:4178: checking for sys/stat.h
configure:4199: gcc -c -g -O2  conftest.c >&5
configure:4206: $? = 0
configure:4223: result: yes
configure:4178: checking for stdlib.h
configure:4199: gcc -c -g -O2  conftest.c >&5
configure:4206: $? = 0
configure:4223: result: yes
configure:4178: checking for string.h
configure:4199: gcc -c -g -O2  conftest.c >&5
configure:4206: $? = 0
configure:4223: result: yes
configure:4178: checking for memory.h
configure:4199: gcc -c -g -O2  conftest.c >&5
configure:4206: $? = 0
configure:4223: result: yes
configure:4178: checking for strings.h
configure:4199: gcc -c -g -O2  conftest.c >&5
configure:4206: $? = 0
configure:4223: result: yes
configure:4178: checking for inttypes.h
configure:4199: gcc -c -g -O2  conftest.c >&5
configure:4206: $? = 0
configure:4223: result: yes
configure:4178: checking for stdint.h
configure:4199: gcc -c -g -O2  conftest.c >&5
configure:4206: $? = 0
configure:4223: result: yes
configure:4178: checking for unistd.h
configure:4199: gcc -c -g -O2  conftest.c >&5
configure:4206: $? = 0
configure:4223: result: yes
configure:4250: checking for string.h
configure:4257: result: yes
configure:4397: checking how to run the C preprocessor
configure:4515: result: gcc -E
configure:4544: gcc -E  conftest.c
configure:4551: $? = 0
configure:4582: gcc -E  conftest.c
conftest.c:23:28: error: ac_nonexistent.h: No such file or directory
configure:4589: $? = 1
configure: failed program was:
| /* confdefs.h.  */
| #define PACKAGE_NAME "gnuplot"
| #define PACKAGE_TARNAME "gnuplot"
| #define PACKAGE_VERSION "4.2.6"
| #define PACKAGE_STRING "gnuplot 4.2.6"
| #define PACKAGE_BUGREPORT ""
| #define PACKAGE "gnuplot"
| #define VERSION "4.2.6"
| #define PROTOTYPES 1
| #define __PROTOTYPES 1
| #define STDC_HEADERS 1
| #define HAVE_SYS_TYPES_H 1
| #define HAVE_SYS_STAT_H 1
| #define HAVE_STDLIB_H 1
| #define HAVE_STRING_H 1
| #define HAVE_MEMORY_H 1
| #define HAVE_STRINGS_H 1
| #define HAVE_INTTYPES_H 1
| #define HAVE_STDINT_H 1
| #define HAVE_UNISTD_H 1
| #define HAVE_STRING_H 1
| /* end confdefs.h.  */
| #include <ac_nonexistent.h>
configure:4628: checking for an ANSI C-conforming const
configure:4703: gcc -c -g -O2  conftest.c >&5
configure:4710: $? = 0
configure:4725: result: yes
configure:4735: checking for inline
configure:4761: gcc -c -g -O2  conftest.c >&5
configure:4768: $? = 0
configure:4786: result: inline
configure:4805: checking for preprocessor stringizing operator
configure:4829: result: yes
configure:4847: checking for emacs
configure:4863: found /usr/bin/emacs
configure:4874: result: emacs
configure:4890: checking for tex
configure:4906: found /usr/bin/tex
configure:4917: result: tex
configure:4933: checking for latex
configure:4949: found /usr/bin/latex
configure:4960: result: latex
configure:4976: checking for pdflatex
configure:4992: found /usr/bin/pdflatex
configure:5003: result: pdflatex
configure:5019: checking for dvips
configure:5035: found /usr/bin/dvips
configure:5046: result: dvips
configure:5062: checking for troff
configure:5078: found /usr/bin/troff
configure:5089: result: troff
configure:5116: checking for X
configure:5287: gcc -o conftest -g -O2   conftest.c -lX11  >&5
configure:5294: $? = 0
configure:5356: result: libraries , headers 
configure:5525: gcc -o conftest -g -O2   conftest.c   -lX11 >&5
configure:5532: $? = 0
configure:5700: checking for gethostbyname
configure:5756: gcc -o conftest -g -O2   conftest.c  >&5
configure:5763: $? = 0
configure:5783: result: yes
configure:5936: checking for connect
configure:5992: gcc -o conftest -g -O2   conftest.c  >&5
configure:5999: $? = 0
configure:6019: result: yes
configure:6095: checking for remove
configure:6151: gcc -o conftest -g -O2   conftest.c  >&5
configure:6158: $? = 0
configure:6178: result: yes
configure:6254: checking for shmat
configure:6310: gcc -o conftest -g -O2   conftest.c  >&5
configure:6317: $? = 0
configure:6337: result: yes
configure:6422: checking for IceConnectionNumber in -lICE
configure:6457: gcc -o conftest -g -O2   conftest.c -lICE   >&5
configure:6464: $? = 0
configure:6485: result: yes
configure:6585: checking for MS-DOS/djgpp/libGRX
configure:6764: result: no
configure:6771: checking for NeXT
configure:6792: result: no
configure:6799: checking for Apple MacOS X
configure:6895: result: no
configure:6902: checking for BeOS
configure:6922: result: no
configure:6928: checking for Alpha/AXP CPU
configure:6951: result: no
configure:6966: checking for sin
configure:7022: gcc -o conftest -g -O2    conftest.c  >&5
conftest.c:48: warning: conflicting types for built-in function 'sin'
/tmp/ccmj0zaj.o: In function `main':
/web/service-phgt-0/lib/sci_visualization/downloads/gnuplot-4.2.6/conftest.c:59: undefined reference to `sin'
collect2: ld returned 1 exit status
configure:7029: $? = 1
configure: failed program was:
| /* confdefs.h.  */
| #define PACKAGE_NAME "gnuplot"
| #define PACKAGE_TARNAME "gnuplot"
| #define PACKAGE_VERSION "4.2.6"
| #define PACKAGE_STRING "gnuplot 4.2.6"
| #define PACKAGE_BUGREPORT ""
| #define PACKAGE "gnuplot"
| #define VERSION "4.2.6"
| #define PROTOTYPES 1
| #define __PROTOTYPES 1
| #define STDC_HEADERS 1
| #define HAVE_SYS_TYPES_H 1
| #define HAVE_SYS_STAT_H 1
| #define HAVE_STDLIB_H 1
| #define HAVE_STRING_H 1
| #define HAVE_MEMORY_H 1
| #define HAVE_STRINGS_H 1
| #define HAVE_INTTYPES_H 1
| #define HAVE_STDINT_H 1
| #define HAVE_UNISTD_H 1
| #define HAVE_STRING_H 1
| #define HAVE_STRINGIZE 1
| #define X11 1
| /* end confdefs.h.  */
| /* Define sin to an innocuous variant, in case <limits.h> declares sin.
|    For example, HP-UX 11i <limits.h> declares gettimeofday.  */
| #define sin innocuous_sin
| 
| /* System header to define __stub macros and hopefully few prototypes,
|     which can conflict with char sin (); below.
|     Prefer <limits.h> to <assert.h> if __STDC__ is defined, since
|     <limits.h> exists even on freestanding compilers.  */
| 
| #ifdef __STDC__
| # include <limits.h>
| #else
| # include <assert.h>
| #endif
| 
| #undef sin
| 
| /* Override any GCC internal prototype to avoid an error.
|    Use char because int might match the return type of a GCC
|    builtin and then its argument prototype would still apply.  */
| #ifdef __cplusplus
| extern "C"
| #endif
| char sin ();
| /* The GNU C library defines this for functions which it implements
|     to always fail with ENOSYS.  Some functions are actually named
|     something starting with __ and the normal name is an alias.  */
| #if defined __stub_sin || defined __stub___sin
| choke me
| #endif
| 
| int
| main ()
| {
| return sin ();
|   ;
|   return 0;
| }
configure:7049: result: no
configure:7055: checking for sin in -lm
configure:7090: gcc -o conftest -g -O2    conftest.c -lm   >&5
conftest.c:32: warning: conflicting types for built-in function 'sin'
configure:7097: $? = 0
configure:7118: result: yes
configure:7132: checking for ANSI C header files
configure:7300: result: yes
configure:7358: checking dirent.h usability
configure:7375: gcc -c -g -O2   conftest.c >&5
configure:7382: $? = 0
configure:7396: result: yes
configure:7400: checking dirent.h presence
configure:7415: gcc -E   conftest.c
configure:7422: $? = 0
configure:7436: result: yes
configure:7464: checking for dirent.h
configure:7473: result: yes
configure:7358: checking errno.h usability
configure:7375: gcc -c -g -O2   conftest.c >&5
configure:7382: $? = 0
configure:7396: result: yes
configure:7400: checking errno.h presence
configure:7415: gcc -E   conftest.c
configure:7422: $? = 0
configure:7436: result: yes
configure:7464: checking for errno.h
configure:7473: result: yes
configure:7358: checking float.h usability
configure:7375: gcc -c -g -O2   conftest.c >&5
configure:7382: $? = 0
configure:7396: result: yes
configure:7400: checking float.h presence
configure:7415: gcc -E   conftest.c
configure:7422: $? = 0
configure:7436: result: yes
configure:7464: checking for float.h
configure:7473: result: yes
configure:7358: checking limits.h usability
configure:7375: gcc -c -g -O2   conftest.c >&5
configure:7382: $? = 0
configure:7396: result: yes
configure:7400: checking limits.h presence
configure:7415: gcc -E   conftest.c
configure:7422: $? = 0
configure:7436: result: yes
configure:7464: checking for limits.h
configure:7473: result: yes
configure:7358: checking locale.h usability
configure:7375: gcc -c -g -O2   conftest.c >&5
configure:7382: $? = 0
configure:7396: result: yes
configure:7400: checking locale.h presence
configure:7415: gcc -E   conftest.c
configure:7422: $? = 0
configure:7436: result: yes
configure:7464: checking for locale.h
configure:7473: result: yes
configure:7358: checking math.h usability
configure:7375: gcc -c -g -O2   conftest.c >&5
configure:7382: $? = 0
configure:7396: result: yes
configure:7400: checking math.h presence
configure:7415: gcc -E   conftest.c
configure:7422: $? = 0
configure:7436: result: yes
configure:7464: checking for math.h
configure:7473: result: yes
configure:7347: checking for stdlib.h
configure:7354: result: yes
configure:7347: checking for string.h
configure:7354: result: yes
configure:7358: checking time.h usability
configure:7375: gcc -c -g -O2   conftest.c >&5
configure:7382: $? = 0
configure:7396: result: yes
configure:7400: checking time.h presence
configure:7415: gcc -E   conftest.c
configure:7422: $? = 0
configure:7436: result: yes
configure:7464: checking for time.h
configure:7473: result: yes
configure:7358: checking sys/time.h usability
configure:7375: gcc -c -g -O2   conftest.c >&5
configure:7382: $? = 0
configure:7396: result: yes
configure:7400: checking sys/time.h presence
configure:7415: gcc -E   conftest.c
configure:7422: $? = 0
configure:7436: result: yes
configure:7464: checking for sys/time.h
configure:7473: result: yes
configure:7347: checking for sys/types.h
configure:7354: result: yes
configure:7358: checking sys/bsdtypes.h usability
configure:7375: gcc -c -g -O2   conftest.c >&5
conftest.c:71:26: error: sys/bsdtypes.h: No such file or directory
configure:7382: $? = 1
configure: failed program was:
| /* confdefs.h.  */
| #define PACKAGE_NAME "gnuplot"
| #define PACKAGE_TARNAME "gnuplot"
| #define PACKAGE_VERSION "4.2.6"
| #define PACKAGE_STRING "gnuplot 4.2.6"
| #define PACKAGE_BUGREPORT ""
| #define PACKAGE "gnuplot"
| #define VERSION "4.2.6"
| #define PROTOTYPES 1
| #define __PROTOTYPES 1
| #define STDC_HEADERS 1
| #define HAVE_SYS_TYPES_H 1
| #define HAVE_SYS_STAT_H 1
| #define HAVE_STDLIB_H 1
| #define HAVE_STRING_H 1
| #define HAVE_MEMORY_H 1
| #define HAVE_STRINGS_H 1
| #define HAVE_INTTYPES_H 1
| #define HAVE_STDINT_H 1
| #define HAVE_UNISTD_H 1
| #define HAVE_STRING_H 1
| #define HAVE_STRINGIZE 1
| #define X11 1
| #define HAVE_LIBM 1
| #define STDC_HEADERS 1
| #define HAVE_DIRENT_H 1
| #define HAVE_ERRNO_H 1
| #define HAVE_FLOAT_H 1
| #define HAVE_LIMITS_H 1
| #define HAVE_LOCALE_H 1
| #define HAVE_MATH_H 1
| #define HAVE_STDLIB_H 1
| #define HAVE_STRING_H 1
| #define HAVE_TIME_H 1
| #define HAVE_SYS_TIME_H 1
| #define HAVE_SYS_TYPES_H 1
| /* end confdefs.h.  */
| #include <stdio.h>
| #ifdef HAVE_SYS_TYPES_H
| # include <sys/types.h>
| #endif
| #ifdef HAVE_SYS_STAT_H
| # include <sys/stat.h>
| #endif
| #ifdef STDC_HEADERS
| # include <stdlib.h>
| # include <stddef.h>
| #else
| # ifdef HAVE_STDLIB_H
| #  include <stdlib.h>
| # endif
| #endif
| #ifdef HAVE_STRING_H
| # if !defined STDC_HEADERS && defined HAVE_MEMORY_H
| #  include <memory.h>
| # endif
| # include <string.h>
| #endif
| #ifdef HAVE_STRINGS_H
| # include <strings.h>
| #endif
| #ifdef HAVE_INTTYPES_H
| # include <inttypes.h>
| #endif
| #ifdef HAVE_STDINT_H
| # include <stdint.h>
| #endif
| #ifdef HAVE_UNISTD_H
| # include <unistd.h>
| #endif
| #include <sys/bsdtypes.h>
configure:7396: result: no
configure:7400: checking sys/bsdtypes.h presence
configure:7415: gcc -E   conftest.c
conftest.c:38:26: error: sys/bsdtypes.h: No such file or directory
configure:7422: $? = 1
configure: failed program was:
| /* confdefs.h.  */
| #define PACKAGE_NAME "gnuplot"
| #define PACKAGE_TARNAME "gnuplot"
| #define PACKAGE_VERSION "4.2.6"
| #define PACKAGE_STRING "gnuplot 4.2.6"
| #define PACKAGE_BUGREPORT ""
| #define PACKAGE "gnuplot"
| #define VERSION "4.2.6"
| #define PROTOTYPES 1
| #define __PROTOTYPES 1
| #define STDC_HEADERS 1
| #define HAVE_SYS_TYPES_H 1
| #define HAVE_SYS_STAT_H 1
| #define HAVE_STDLIB_H 1
| #define HAVE_STRING_H 1
| #define HAVE_MEMORY_H 1
| #define HAVE_STRINGS_H 1
| #define HAVE_INTTYPES_H 1
| #define HAVE_STDINT_H 1
| #define HAVE_UNISTD_H 1
| #define HAVE_STRING_H 1
| #define HAVE_STRINGIZE 1
| #define X11 1
| #define HAVE_LIBM 1
| #define STDC_HEADERS 1
| #define HAVE_DIRENT_H 1
| #define HAVE_ERRNO_H 1
| #define HAVE_FLOAT_H 1
| #define HAVE_LIMITS_H 1
| #define HAVE_LOCALE_H 1
| #define HAVE_MATH_H 1
| #define HAVE_STDLIB_H 1
| #define HAVE_STRING_H 1
| #define HAVE_TIME_H 1
| #define HAVE_SYS_TIME_H 1
| #define HAVE_SYS_TYPES_H 1
| /* end confdefs.h.  */
| #include <sys/bsdtypes.h>
configure:7436: result: no
configure:7464: checking for sys/bsdtypes.h
configure:7473: result: no
configure:7358: checking sys/ioctl.h usability
configure:7375: gcc -c -g -O2   conftest.c >&5
configure:7382: $? = 0
configure:7396: result: yes
configure:7400: checking sys/ioctl.h presence
configure:7415: gcc -E   conftest.c
configure:7422: $? = 0
configure:7436: result: yes
configure:7464: checking for sys/ioctl.h
configure:7473: result: yes
configure:7358: checking sys/param.h usability
configure:7375: gcc -c -g -O2   conftest.c >&5
configure:7382: $? = 0
configure:7396: result: yes
configure:7400: checking sys/param.h presence
configure:7415: gcc -E   conftest.c
configure:7422: $? = 0
configure:7436: result: yes
configure:7464: checking for sys/param.h
configure:7473: result: yes
configure:7358: checking sys/select.h usability
configure:7375: gcc -c -g -O2   conftest.c >&5
configure:7382: $? = 0
configure:7396: result: yes
configure:7400: checking sys/select.h presence
configure:7415: gcc -E   conftest.c
configure:7422: $? = 0
configure:7436: result: yes
configure:7464: checking for sys/select.h
configure:7473: result: yes
configure:7358: checking sys/socket.h usability
configure:7375: gcc -c -g -O2   conftest.c >&5
configure:7382: $? = 0
configure:7396: result: yes
configure:7400: checking sys/socket.h presence
configure:7415: gcc -E   conftest.c
configure:7422: $? = 0
configure:7436: result: yes
configure:7464: checking for sys/socket.h
configure:7473: result: yes
configure:7347: checking for sys/stat.h
configure:7354: result: yes
configure:7358: checking sys/systeminfo.h usability
configure:7375: gcc -c -g -O2   conftest.c >&5
conftest.c:76:28: error: sys/systeminfo.h: No such file or directory
configure:7382: $? = 1
configure: failed program was:
| /* confdefs.h.  */
| #define PACKAGE_NAME "gnuplot"
| #define PACKAGE_TARNAME "gnuplot"
| #define PACKAGE_VERSION "4.2.6"
| #define PACKAGE_STRING "gnuplot 4.2.6"
| #define PACKAGE_BUGREPORT ""
| #define PACKAGE "gnuplot"
| #define VERSION "4.2.6"
| #define PROTOTYPES 1
| #define __PROTOTYPES 1
| #define STDC_HEADERS 1
| #define HAVE_SYS_TYPES_H 1
| #define HAVE_SYS_STAT_H 1
| #define HAVE_STDLIB_H 1
| #define HAVE_STRING_H 1
| #define HAVE_MEMORY_H 1
| #define HAVE_STRINGS_H 1
| #define HAVE_INTTYPES_H 1
| #define HAVE_STDINT_H 1
| #define HAVE_UNISTD_H 1
| #define HAVE_STRING_H 1
| #define HAVE_STRINGIZE 1
| #define X11 1
| #define HAVE_LIBM 1
| #define STDC_HEADERS 1
| #define HAVE_DIRENT_H 1
| #define HAVE_ERRNO_H 1
| #define HAVE_FLOAT_H 1
| #define HAVE_LIMITS_H 1
| #define HAVE_LOCALE_H 1
| #define HAVE_MATH_H 1
| #define HAVE_STDLIB_H 1
| #define HAVE_STRING_H 1
| #define HAVE_TIME_H 1
| #define HAVE_SYS_TIME_H 1
| #define HAVE_SYS_TYPES_H 1
| #define HAVE_SYS_IOCTL_H 1
| #define HAVE_SYS_PARAM_H 1
| #define HAVE_SYS_SELECT_H 1
| #define HAVE_SYS_SOCKET_H 1
| #define HAVE_SYS_STAT_H 1
| /* end confdefs.h.  */
| #include <stdio.h>
| #ifdef HAVE_SYS_TYPES_H
| # include <sys/types.h>
| #endif
| #ifdef HAVE_SYS_STAT_H
| # include <sys/stat.h>
| #endif
| #ifdef STDC_HEADERS
| # include <stdlib.h>
| # include <stddef.h>
| #else
| # ifdef HAVE_STDLIB_H
| #  include <stdlib.h>
| # endif
| #endif
| #ifdef HAVE_STRING_H
| # if !defined STDC_HEADERS && defined HAVE_MEMORY_H
| #  include <memory.h>
| # endif
| # include <string.h>
| #endif
| #ifdef HAVE_STRINGS_H
| # include <strings.h>
| #endif
| #ifdef HAVE_INTTYPES_H
| # include <inttypes.h>
| #endif
| #ifdef HAVE_STDINT_H
| # include <stdint.h>
| #endif
| #ifdef HAVE_UNISTD_H
| # include <unistd.h>
| #endif
| #include <sys/systeminfo.h>
configure:7396: result: no
configure:7400: checking sys/systeminfo.h presence
configure:7415: gcc -E   conftest.c
conftest.c:43:28: error: sys/systeminfo.h: No such file or directory
configure:7422: $? = 1
configure: failed program was:
| /* confdefs.h.  */
| #define PACKAGE_NAME "gnuplot"
| #define PACKAGE_TARNAME "gnuplot"
| #define PACKAGE_VERSION "4.2.6"
| #define PACKAGE_STRING "gnuplot 4.2.6"
| #define PACKAGE_BUGREPORT ""
| #define PACKAGE "gnuplot"
| #define VERSION "4.2.6"
| #define PROTOTYPES 1
| #define __PROTOTYPES 1
| #define STDC_HEADERS 1
| #define HAVE_SYS_TYPES_H 1
| #define HAVE_SYS_STAT_H 1
| #define HAVE_STDLIB_H 1
| #define HAVE_STRING_H 1
| #define HAVE_MEMORY_H 1
| #define HAVE_STRINGS_H 1
| #define HAVE_INTTYPES_H 1
| #define HAVE_STDINT_H 1
| #define HAVE_UNISTD_H 1
| #define HAVE_STRING_H 1
| #define HAVE_STRINGIZE 1
| #define X11 1
| #define HAVE_LIBM 1
| #define STDC_HEADERS 1
| #define HAVE_DIRENT_H 1
| #define HAVE_ERRNO_H 1
| #define HAVE_FLOAT_H 1
| #define HAVE_LIMITS_H 1
| #define HAVE_LOCALE_H 1
| #define HAVE_MATH_H 1
| #define HAVE_STDLIB_H 1
| #define HAVE_STRING_H 1
| #define HAVE_TIME_H 1
| #define HAVE_SYS_TIME_H 1
| #define HAVE_SYS_TYPES_H 1
| #define HAVE_SYS_IOCTL_H 1
| #define HAVE_SYS_PARAM_H 1
| #define HAVE_SYS_SELECT_H 1
| #define HAVE_SYS_SOCKET_H 1
| #define HAVE_SYS_STAT_H 1
| /* end confdefs.h.  */
| #include <sys/systeminfo.h>
configure:7436: result: no
configure:7464: checking for sys/systeminfo.h
configure:7473: result: no
configure:7358: checking sys/timeb.h usability
configure:7375: gcc -c -g -O2   conftest.c >&5
configure:7382: $? = 0
configure:7396: result: yes
configure:7400: checking sys/timeb.h presence
configure:7415: gcc -E   conftest.c
configure:7422: $? = 0
configure:7436: result: yes
configure:7464: checking for sys/timeb.h
configure:7473: result: yes
configure:7358: checking sys/utsname.h usability
configure:7375: gcc -c -g -O2   conftest.c >&5
configure:7382: $? = 0
configure:7396: result: yes
configure:7400: checking sys/utsname.h presence
configure:7415: gcc -E   conftest.c
configure:7422: $? = 0
configure:7436: result: yes
configure:7464: checking for sys/utsname.h
configure:7473: result: yes
configure:7358: checking libc.h usability
configure:7375: gcc -c -g -O2   conftest.c >&5
conftest.c:78:18: error: libc.h: No such file or directory
configure:7382: $? = 1
configure: failed program was:
| /* confdefs.h.  */
| #define PACKAGE_NAME "gnuplot"
| #define PACKAGE_TARNAME "gnuplot"
| #define PACKAGE_VERSION "4.2.6"
| #define PACKAGE_STRING "gnuplot 4.2.6"
| #define PACKAGE_BUGREPORT ""
| #define PACKAGE "gnuplot"
| #define VERSION "4.2.6"
| #define PROTOTYPES 1
| #define __PROTOTYPES 1
| #define STDC_HEADERS 1
| #define HAVE_SYS_TYPES_H 1
| #define HAVE_SYS_STAT_H 1
| #define HAVE_STDLIB_H 1
| #define HAVE_STRING_H 1
| #define HAVE_MEMORY_H 1
| #define HAVE_STRINGS_H 1
| #define HAVE_INTTYPES_H 1
| #define HAVE_STDINT_H 1
| #define HAVE_UNISTD_H 1
| #define HAVE_STRING_H 1
| #define HAVE_STRINGIZE 1
| #define X11 1
| #define HAVE_LIBM 1
| #define STDC_HEADERS 1
| #define HAVE_DIRENT_H 1
| #define HAVE_ERRNO_H 1
| #define HAVE_FLOAT_H 1
| #define HAVE_LIMITS_H 1
| #define HAVE_LOCALE_H 1
| #define HAVE_MATH_H 1
| #define HAVE_STDLIB_H 1
| #define HAVE_STRING_H 1
| #define HAVE_TIME_H 1
| #define HAVE_SYS_TIME_H 1
| #define HAVE_SYS_TYPES_H 1
| #define HAVE_SYS_IOCTL_H 1
| #define HAVE_SYS_PARAM_H 1
| #define HAVE_SYS_SELECT_H 1
| #define HAVE_SYS_SOCKET_H 1
| #define HAVE_SYS_STAT_H 1
| #define HAVE_SYS_TIMEB_H 1
| #define HAVE_SYS_UTSNAME_H 1
| /* end confdefs.h.  */
| #include <stdio.h>
| #ifdef HAVE_SYS_TYPES_H
| # include <sys/types.h>
| #endif
| #ifdef HAVE_SYS_STAT_H
| # include <sys/stat.h>
| #endif
| #ifdef STDC_HEADERS
| # include <stdlib.h>
| # include <stddef.h>
| #else
| # ifdef HAVE_STDLIB_H
| #  include <stdlib.h>
| # endif
| #endif
| #ifdef HAVE_STRING_H
| # if !defined STDC_HEADERS && defined HAVE_MEMORY_H
| #  include <memory.h>
| # endif
| # include <string.h>
| #endif
| #ifdef HAVE_STRINGS_H
| # include <strings.h>
| #endif
| #ifdef HAVE_INTTYPES_H
| # include <inttypes.h>
| #endif
| #ifdef HAVE_STDINT_H
| # include <stdint.h>
| #endif
| #ifdef HAVE_UNISTD_H
| # include <unistd.h>
| #endif
| #include <libc.h>
configure:7396: result: no
configure:7400: checking libc.h presence
configure:7415: gcc -E   conftest.c
conftest.c:45:18: error: libc.h: No such file or directory
configure:7422: $? = 1
configure: failed program was:
| /* confdefs.h.  */
| #define PACKAGE_NAME "gnuplot"
| #define PACKAGE_TARNAME "gnuplot"
| #define PACKAGE_VERSION "4.2.6"
| #define PACKAGE_STRING "gnuplot 4.2.6"
| #define PACKAGE_BUGREPORT ""
| #define PACKAGE "gnuplot"
| #define VERSION "4.2.6"
| #define PROTOTYPES 1
| #define __PROTOTYPES 1
| #define STDC_HEADERS 1
| #define HAVE_SYS_TYPES_H 1
| #define HAVE_SYS_STAT_H 1
| #define HAVE_STDLIB_H 1
| #define HAVE_STRING_H 1
| #define HAVE_MEMORY_H 1
| #define HAVE_STRINGS_H 1
| #define HAVE_INTTYPES_H 1
| #define HAVE_STDINT_H 1
| #define HAVE_UNISTD_H 1
| #define HAVE_STRING_H 1
| #define HAVE_STRINGIZE 1
| #define X11 1
| #define HAVE_LIBM 1
| #define STDC_HEADERS 1
| #define HAVE_DIRENT_H 1
| #define HAVE_ERRNO_H 1
| #define HAVE_FLOAT_H 1
| #define HAVE_LIMITS_H 1
| #define HAVE_LOCALE_H 1
| #define HAVE_MATH_H 1
| #define HAVE_STDLIB_H 1
| #define HAVE_STRING_H 1
| #define HAVE_TIME_H 1
| #define HAVE_SYS_TIME_H 1
| #define HAVE_SYS_TYPES_H 1
| #define HAVE_SYS_IOCTL_H 1
| #define HAVE_SYS_PARAM_H 1
| #define HAVE_SYS_SELECT_H 1
| #define HAVE_SYS_SOCKET_H 1
| #define HAVE_SYS_STAT_H 1
| #define HAVE_SYS_TIMEB_H 1
| #define HAVE_SYS_UTSNAME_H 1
| /* end confdefs.h.  */
| #include <libc.h>
configure:7436: result: no
configure:7464: checking for libc.h
configure:7473: result: no
configure:7358: checking malloc.h usability
configure:7375: gcc -c -g -O2   conftest.c >&5
configure:7382: $? = 0
configure:7396: result: yes
configure:7400: checking malloc.h presence
configure:7415: gcc -E   conftest.c
configure:7422: $? = 0
configure:7436: result: yes
configure:7464: checking for malloc.h
configure:7473: result: yes
configure:7358: checking poll.h usability
configure:7375: gcc -c -g -O2   conftest.c >&5
configure:7382: $? = 0
configure:7396: result: yes
configure:7400: checking poll.h presence
configure:7415: gcc -E   conftest.c
configure:7422: $? = 0
configure:7436: result: yes
configure:7464: checking for poll.h
configure:7473: result: yes
configure:7358: checking sgtty.h usability
configure:7375: gcc -c -g -O2   conftest.c >&5
configure:7382: $? = 0
configure:7396: result: yes
configure:7400: checking sgtty.h presence
configure:7415: gcc -E   conftest.c
configure:7422: $? = 0
configure:7436: result: yes
configure:7464: checking for sgtty.h
configure:7473: result: yes
configure:7358: checking termios.h usability
configure:7375: gcc -c -g -O2   conftest.c >&5
configure:7382: $? = 0
configure:7396: result: yes
configure:7400: checking termios.h presence
configure:7415: gcc -E   conftest.c
configure:7422: $? = 0
configure:7436: result: yes
configure:7464: checking for termios.h
configure:7473: result: yes
configure:7358: checking values.h usability
configure:7375: gcc -c -g -O2   conftest.c >&5
configure:7382: $? = 0
configure:7396: result: yes
configure:7400: checking values.h presence
configure:7415: gcc -E   conftest.c
configure:7422: $? = 0
configure:7436: result: yes
configure:7464: checking for values.h
configure:7473: result: yes
configure:7358: checking pwd.h usability
configure:7375: gcc -c -g -O2   conftest.c >&5
configure:7382: $? = 0
configure:7396: result: yes
configure:7400: checking pwd.h presence
configure:7415: gcc -E   conftest.c
configure:7422: $? = 0
configure:7436: result: yes
configure:7464: checking for pwd.h
configure:7473: result: yes
configure:7489: checking for stdbool.h that conforms to C99
configure:7584: gcc -c -g -O2   conftest.c >&5
configure:7591: $? = 0
configure:7606: result: yes
configure:7608: checking for _Bool
configure:7636: gcc -c -g -O2   conftest.c >&5
configure:7643: $? = 0
configure:7670: gcc -c -g -O2   conftest.c >&5
conftest.c: In function 'main':
conftest.c:87: error: expected expression before ')' token
configure:7677: $? = 1
configure: failed program was:
| /* confdefs.h.  */
| #define PACKAGE_NAME "gnuplot"
| #define PACKAGE_TARNAME "gnuplot"
| #define PACKAGE_VERSION "4.2.6"
| #define PACKAGE_STRING "gnuplot 4.2.6"
| #define PACKAGE_BUGREPORT ""
| #define PACKAGE "gnuplot"
| #define VERSION "4.2.6"
| #define PROTOTYPES 1
| #define __PROTOTYPES 1
| #define STDC_HEADERS 1
| #define HAVE_SYS_TYPES_H 1
| #define HAVE_SYS_STAT_H 1
| #define HAVE_STDLIB_H 1
| #define HAVE_STRING_H 1
| #define HAVE_MEMORY_H 1
| #define HAVE_STRINGS_H 1
| #define HAVE_INTTYPES_H 1
| #define HAVE_STDINT_H 1
| #define HAVE_UNISTD_H 1
| #define HAVE_STRING_H 1
| #define HAVE_STRINGIZE 1
| #define X11 1
| #define HAVE_LIBM 1
| #define STDC_HEADERS 1
| #define HAVE_DIRENT_H 1
| #define HAVE_ERRNO_H 1
| #define HAVE_FLOAT_H 1
| #define HAVE_LIMITS_H 1
| #define HAVE_LOCALE_H 1
| #define HAVE_MATH_H 1
| #define HAVE_STDLIB_H 1
| #define HAVE_STRING_H 1
| #define HAVE_TIME_H 1
| #define HAVE_SYS_TIME_H 1
| #define HAVE_SYS_TYPES_H 1
| #define HAVE_SYS_IOCTL_H 1
| #define HAVE_SYS_PARAM_H 1
| #define HAVE_SYS_SELECT_H 1
| #define HAVE_SYS_SOCKET_H 1
| #define HAVE_SYS_STAT_H 1
| #define HAVE_SYS_TIMEB_H 1
| #define HAVE_SYS_UTSNAME_H 1
| #define HAVE_MALLOC_H 1
| #define HAVE_POLL_H 1
| #define HAVE_SGTTY_H 1
| #define HAVE_TERMIOS_H 1
| #define HAVE_VALUES_H 1
| #define HAVE_PWD_H 1
| /* end confdefs.h.  */
| #include <stdio.h>
| #ifdef HAVE_SYS_TYPES_H
| # include <sys/types.h>
| #endif
| #ifdef HAVE_SYS_STAT_H
| # include <sys/stat.h>
| #endif
| #ifdef STDC_HEADERS
| # include <stdlib.h>
| # include <stddef.h>
| #else
| # ifdef HAVE_STDLIB_H
| #  include <stdlib.h>
| # endif
| #endif
| #ifdef HAVE_STRING_H
| # if !defined STDC_HEADERS && defined HAVE_MEMORY_H
| #  include <memory.h>
| # endif
| # include <string.h>
| #endif
| #ifdef HAVE_STRINGS_H
| # include <strings.h>
| #endif
| #ifdef HAVE_INTTYPES_H
| # include <inttypes.h>
| #endif
| #ifdef HAVE_STDINT_H
| # include <stdint.h>
| #endif
| #ifdef HAVE_UNISTD_H
| # include <unistd.h>
| #endif
| int
| main ()
| {
| if (sizeof ((_Bool)))
| 	  return 0;
|   ;
|   return 0;
| }
configure:7700: result: yes
configure:7721: checking for struct exception in math.h
configure:7744: gcc -o conftest -g -O2    conftest.c -lm  >&5
configure:7751: $? = 0
configure:7759: result: yes
configure:7780: checking whether stat file-mode macros are broken
configure:7817: gcc -c -g -O2   conftest.c >&5
configure:7824: $? = 0
configure:7839: result: no
configure:7851: checking for unistd.h
configure:7867: result: yes
configure:7876: checking if errno variable is declared
configure:7902: gcc -c -g -O2   conftest.c >&5
configure:7909: $? = 0
configure:7914: result: yes
configure:7932: checking for size_t
configure:7960: gcc -c -g -O2   conftest.c >&5
configure:7967: $? = 0
configure:7994: gcc -c -g -O2   conftest.c >&5
conftest.c: In function 'main':
conftest.c:91: error: expected expression before ')' token
configure:8001: $? = 1
configure: failed program was:
| /* confdefs.h.  */
| #define PACKAGE_NAME "gnuplot"
| #define PACKAGE_TARNAME "gnuplot"
| #define PACKAGE_VERSION "4.2.6"
| #define PACKAGE_STRING "gnuplot 4.2.6"
| #define PACKAGE_BUGREPORT ""
| #define PACKAGE "gnuplot"
| #define VERSION "4.2.6"
| #define PROTOTYPES 1
| #define __PROTOTYPES 1
| #define STDC_HEADERS 1
| #define HAVE_SYS_TYPES_H 1
| #define HAVE_SYS_STAT_H 1
| #define HAVE_STDLIB_H 1
| #define HAVE_STRING_H 1
| #define HAVE_MEMORY_H 1
| #define HAVE_STRINGS_H 1
| #define HAVE_INTTYPES_H 1
| #define HAVE_STDINT_H 1
| #define HAVE_UNISTD_H 1
| #define HAVE_STRING_H 1
| #define HAVE_STRINGIZE 1
| #define X11 1
| #define HAVE_LIBM 1
| #define STDC_HEADERS 1
| #define HAVE_DIRENT_H 1
| #define HAVE_ERRNO_H 1
| #define HAVE_FLOAT_H 1
| #define HAVE_LIMITS_H 1
| #define HAVE_LOCALE_H 1
| #define HAVE_MATH_H 1
| #define HAVE_STDLIB_H 1
| #define HAVE_STRING_H 1
| #define HAVE_TIME_H 1
| #define HAVE_SYS_TIME_H 1
| #define HAVE_SYS_TYPES_H 1
| #define HAVE_SYS_IOCTL_H 1
| #define HAVE_SYS_PARAM_H 1
| #define HAVE_SYS_SELECT_H 1
| #define HAVE_SYS_SOCKET_H 1
| #define HAVE_SYS_STAT_H 1
| #define HAVE_SYS_TIMEB_H 1
| #define HAVE_SYS_UTSNAME_H 1
| #define HAVE_MALLOC_H 1
| #define HAVE_POLL_H 1
| #define HAVE_SGTTY_H 1
| #define HAVE_TERMIOS_H 1
| #define HAVE_VALUES_H 1
| #define HAVE_PWD_H 1
| #define HAVE__BOOL 1
| #define HAVE_STDBOOL_H 1
| #define HAVE_STRUCT_EXCEPTION_IN_MATH_H 1
| #define HAVE_UNISTD_H 1
| /* end confdefs.h.  */
| #include <stdio.h>
| #ifdef HAVE_SYS_TYPES_H
| # include <sys/types.h>
| #endif
| #ifdef HAVE_SYS_STAT_H
| # include <sys/stat.h>
| #endif
| #ifdef STDC_HEADERS
| # include <stdlib.h>
| # include <stddef.h>
| #else
| # ifdef HAVE_STDLIB_H
| #  include <stdlib.h>
| # endif
| #endif
| #ifdef HAVE_STRING_H
| # if !defined STDC_HEADERS && defined HAVE_MEMORY_H
| #  include <memory.h>
| # endif
| # include <string.h>
| #endif
| #ifdef HAVE_STRINGS_H
| # include <strings.h>
| #endif
| #ifdef HAVE_INTTYPES_H
| # include <inttypes.h>
| #endif
| #ifdef HAVE_STDINT_H
| # include <stdint.h>
| #endif
| #ifdef HAVE_UNISTD_H
| # include <unistd.h>
| #endif
| int
| main ()
| {
| if (sizeof ((size_t)))
| 	  return 0;
|   ;
|   return 0;
| }
configure:8024: result: yes
configure:8036: checking for time_t in time.h
configure:8049: result: yes
configure:8059: checking return type of signal handlers
configure:8087: gcc -c -g -O2   conftest.c >&5
conftest.c: In function 'main':
conftest.c:62: error: void value not ignored as it ought to be
configure:8094: $? = 1
configure: failed program was:
| /* confdefs.h.  */
| #define PACKAGE_NAME "gnuplot"
| #define PACKAGE_TARNAME "gnuplot"
| #define PACKAGE_VERSION "4.2.6"
| #define PACKAGE_STRING "gnuplot 4.2.6"
| #define PACKAGE_BUGREPORT ""
| #define PACKAGE "gnuplot"
| #define VERSION "4.2.6"
| #define PROTOTYPES 1
| #define __PROTOTYPES 1
| #define STDC_HEADERS 1
| #define HAVE_SYS_TYPES_H 1
| #define HAVE_SYS_STAT_H 1
| #define HAVE_STDLIB_H 1
| #define HAVE_STRING_H 1
| #define HAVE_MEMORY_H 1
| #define HAVE_STRINGS_H 1
| #define HAVE_INTTYPES_H 1
| #define HAVE_STDINT_H 1
| #define HAVE_UNISTD_H 1
| #define HAVE_STRING_H 1
| #define HAVE_STRINGIZE 1
| #define X11 1
| #define HAVE_LIBM 1
| #define STDC_HEADERS 1
| #define HAVE_DIRENT_H 1
| #define HAVE_ERRNO_H 1
| #define HAVE_FLOAT_H 1
| #define HAVE_LIMITS_H 1
| #define HAVE_LOCALE_H 1
| #define HAVE_MATH_H 1
| #define HAVE_STDLIB_H 1
| #define HAVE_STRING_H 1
| #define HAVE_TIME_H 1
| #define HAVE_SYS_TIME_H 1
| #define HAVE_SYS_TYPES_H 1
| #define HAVE_SYS_IOCTL_H 1
| #define HAVE_SYS_PARAM_H 1
| #define HAVE_SYS_SELECT_H 1
| #define HAVE_SYS_SOCKET_H 1
| #define HAVE_SYS_STAT_H 1
| #define HAVE_SYS_TIMEB_H 1
| #define HAVE_SYS_UTSNAME_H 1
| #define HAVE_MALLOC_H 1
| #define HAVE_POLL_H 1
| #define HAVE_SGTTY_H 1
| #define HAVE_TERMIOS_H 1
| #define HAVE_VALUES_H 1
| #define HAVE_PWD_H 1
| #define HAVE__BOOL 1
| #define HAVE_STDBOOL_H 1
| #define HAVE_STRUCT_EXCEPTION_IN_MATH_H 1
| #define HAVE_UNISTD_H 1
| #define HAVE_TIME_T_IN_TIME_H 1
| /* end confdefs.h.  */
| #include <sys/types.h>
| #include <signal.h>
| 
| int
| main ()
| {
| return *(signal (0, 0)) (0) == 1;
|   ;
|   return 0;
| }
configure:8109: result: void
configure:8169: checking for atexit
configure:8225: gcc -o conftest -g -O2    conftest.c -lm  >&5
configure:8232: $? = 0
configure:8254: result: yes
configure:8169: checking for memcpy
configure:8225: gcc -o conftest -g -O2    conftest.c -lm  >&5
conftest.c:81: warning: conflicting types for built-in function 'memcpy'
configure:8232: $? = 0
configure:8254: result: yes
configure:8169: checking for memmove
configure:8225: gcc -o conftest -g -O2    conftest.c -lm  >&5
conftest.c:82: warning: conflicting types for built-in function 'memmove'
configure:8232: $? = 0
configure:8254: result: yes
configure:8169: checking for memset
configure:8225: gcc -o conftest -g -O2    conftest.c -lm  >&5
conftest.c:83: warning: conflicting types for built-in function 'memset'
configure:8232: $? = 0
configure:8254: result: yes
configure:8169: checking for on_exit
configure:8225: gcc -o conftest -g -O2    conftest.c -lm  >&5
configure:8232: $? = 0
configure:8254: result: yes
configure:8169: checking for bcopy
configure:8225: gcc -o conftest -g -O2    conftest.c -lm  >&5
conftest.c:85: warning: conflicting types for built-in function 'bcopy'
configure:8232: $? = 0
configure:8254: result: yes
configure:8169: checking for bzero
configure:8225: gcc -o conftest -g -O2    conftest.c -lm  >&5
conftest.c:86: warning: conflicting types for built-in function 'bzero'
configure:8232: $? = 0
configure:8254: result: yes
configure:8169: checking for setvbuf
configure:8225: gcc -o conftest -g -O2    conftest.c -lm  >&5
configure:8232: $? = 0
configure:8254: result: yes
configure:8169: checking for strerror
configure:8225: gcc -o conftest -g -O2    conftest.c -lm  >&5
configure:8232: $? = 0
configure:8254: result: yes
configure:8169: checking for strchr
configure:8225: gcc -o conftest -g -O2    conftest.c -lm  >&5
conftest.c:89: warning: conflicting types for built-in function 'strchr'
configure:8232: $? = 0
configure:8254: result: yes
configure:8169: checking for strrchr
configure:8225: gcc -o conftest -g -O2    conftest.c -lm  >&5
conftest.c:90: warning: conflicting types for built-in function 'strrchr'
configure:8232: $? = 0
configure:8254: result: yes
configure:8169: checking for strstr
configure:8225: gcc -o conftest -g -O2    conftest.c -lm  >&5
conftest.c:91: warning: conflicting types for built-in function 'strstr'
configure:8232: $? = 0
configure:8254: result: yes
configure:8169: checking for index
configure:8225: gcc -o conftest -g -O2    conftest.c -lm  >&5
conftest.c:92: warning: conflicting types for built-in function 'index'
configure:8232: $? = 0
configure:8254: result: yes
configure:8169: checking for rindex
configure:8225: gcc -o conftest -g -O2    conftest.c -lm  >&5
conftest.c:93: warning: conflicting types for built-in function 'rindex'
configure:8232: $? = 0
configure:8254: result: yes
configure:8169: checking for isnan
configure:8225: gcc -o conftest -g -O2    conftest.c -lm  >&5
conftest.c:94: warning: conflicting types for built-in function 'isnan'
configure:8232: $? = 0
configure:8254: result: yes
configure:8169: checking for erf
configure:8225: gcc -o conftest -g -O2    conftest.c -lm  >&5
conftest.c:95: warning: conflicting types for built-in function 'erf'
configure:8232: $? = 0
configure:8254: result: yes
configure:8169: checking for erfc
configure:8225: gcc -o conftest -g -O2    conftest.c -lm  >&5
conftest.c:96: warning: conflicting types for built-in function 'erfc'
configure:8232: $? = 0
configure:8254: result: yes
configure:8169: checking for gamma
configure:8225: gcc -o conftest -g -O2    conftest.c -lm  >&5
conftest.c:97: warning: conflicting types for built-in function 'gamma'
configure:8232: $? = 0
configure:8254: result: yes
configure:8169: checking for lgamma
configure:8225: gcc -o conftest -g -O2    conftest.c -lm  >&5
conftest.c:98: warning: conflicting types for built-in function 'lgamma'
configure:8232: $? = 0
configure:8254: result: yes
configure:8169: checking for getcwd
configure:8225: gcc -o conftest -g -O2    conftest.c -lm  >&5
configure:8232: $? = 0
configure:8254: result: yes
configure:8169: checking for poll
configure:8225: gcc -o conftest -g -O2    conftest.c -lm  >&5
configure:8232: $? = 0
configure:8254: result: yes
configure:8169: checking for pclose
configure:8225: gcc -o conftest -g -O2    conftest.c -lm  >&5
configure:8232: $? = 0
configure:8254: result: yes
configure:8169: checking for popen
configure:8225: gcc -o conftest -g -O2    conftest.c -lm  >&5
configure:8232: $? = 0
configure:8254: result: yes
configure:8169: checking for select
configure:8225: gcc -o conftest -g -O2    conftest.c -lm  >&5
configure:8232: $? = 0
configure:8254: result: yes
configure:8169: checking for sleep
configure:8225: gcc -o conftest -g -O2    conftest.c -lm  >&5
configure:8232: $? = 0
configure:8254: result: yes
configure:8169: checking for stpcpy
configure:8225: gcc -o conftest -g -O2    conftest.c -lm  >&5
conftest.c:105: warning: conflicting types for built-in function 'stpcpy'
configure:8232: $? = 0
configure:8254: result: yes
configure:8169: checking for strcspn
configure:8225: gcc -o conftest -g -O2    conftest.c -lm  >&5
conftest.c:106: warning: conflicting types for built-in function 'strcspn'
configure:8232: $? = 0
configure:8254: result: yes
configure:8169: checking for strdup
configure:8225: gcc -o conftest -g -O2    conftest.c -lm  >&5
conftest.c:107: warning: conflicting types for built-in function 'strdup'
configure:8232: $? = 0
configure:8254: result: yes
configure:8169: checking for strcasecmp
configure:8225: gcc -o conftest -g -O2    conftest.c -lm  >&5
conftest.c:108: warning: conflicting types for built-in function 'strcasecmp'
configure:8232: $? = 0
configure:8254: result: yes
configure:8169: checking for stricmp
configure:8225: gcc -o conftest -g -O2    conftest.c -lm  >&5
/tmp/ccKwq56K.o: In function `main':
/web/service-phgt-0/lib/sci_visualization/downloads/gnuplot-4.2.6/conftest.c:120: undefined reference to `stricmp'
collect2: ld returned 1 exit status
configure:8232: $? = 1
configure: failed program was:
| /* confdefs.h.  */
| #define PACKAGE_NAME "gnuplot"
| #define PACKAGE_TARNAME "gnuplot"
| #define PACKAGE_VERSION "4.2.6"
| #define PACKAGE_STRING "gnuplot 4.2.6"
| #define PACKAGE_BUGREPORT ""
| #define PACKAGE "gnuplot"
| #define VERSION "4.2.6"
| #define PROTOTYPES 1
| #define __PROTOTYPES 1
| #define STDC_HEADERS 1
| #define HAVE_SYS_TYPES_H 1
| #define HAVE_SYS_STAT_H 1
| #define HAVE_STDLIB_H 1
| #define HAVE_STRING_H 1
| #define HAVE_MEMORY_H 1
| #define HAVE_STRINGS_H 1
| #define HAVE_INTTYPES_H 1
| #define HAVE_STDINT_H 1
| #define HAVE_UNISTD_H 1
| #define HAVE_STRING_H 1
| #define HAVE_STRINGIZE 1
| #define X11 1
| #define HAVE_LIBM 1
| #define STDC_HEADERS 1
| #define HAVE_DIRENT_H 1
| #define HAVE_ERRNO_H 1
| #define HAVE_FLOAT_H 1
| #define HAVE_LIMITS_H 1
| #define HAVE_LOCALE_H 1
| #define HAVE_MATH_H 1
| #define HAVE_STDLIB_H 1
| #define HAVE_STRING_H 1
| #define HAVE_TIME_H 1
| #define HAVE_SYS_TIME_H 1
| #define HAVE_SYS_TYPES_H 1
| #define HAVE_SYS_IOCTL_H 1
| #define HAVE_SYS_PARAM_H 1
| #define HAVE_SYS_SELECT_H 1
| #define HAVE_SYS_SOCKET_H 1
| #define HAVE_SYS_STAT_H 1
| #define HAVE_SYS_TIMEB_H 1
| #define HAVE_SYS_UTSNAME_H 1
| #define HAVE_MALLOC_H 1
| #define HAVE_POLL_H 1
| #define HAVE_SGTTY_H 1
| #define HAVE_TERMIOS_H 1
| #define HAVE_VALUES_H 1
| #define HAVE_PWD_H 1
| #define HAVE__BOOL 1
| #define HAVE_STDBOOL_H 1
| #define HAVE_STRUCT_EXCEPTION_IN_MATH_H 1
| #define HAVE_UNISTD_H 1
| #define HAVE_TIME_T_IN_TIME_H 1
| #define RETSIGTYPE void
| #define HAVE_ATEXIT 1
| #define HAVE_MEMCPY 1
| #define HAVE_MEMMOVE 1
| #define HAVE_MEMSET 1
| #define HAVE_ON_EXIT 1
| #define HAVE_BCOPY 1
| #define HAVE_BZERO 1
| #define HAVE_SETVBUF 1
| #define HAVE_STRERROR 1
| #define HAVE_STRCHR 1
| #define HAVE_STRRCHR 1
| #define HAVE_STRSTR 1
| #define HAVE_INDEX 1
| #define HAVE_RINDEX 1
| #define HAVE_ISNAN 1
| #define HAVE_ERF 1
| #define HAVE_ERFC 1
| #define HAVE_GAMMA 1
| #define HAVE_LGAMMA 1
| #define HAVE_GETCWD 1
| #define HAVE_POLL 1
| #define HAVE_PCLOSE 1
| #define HAVE_POPEN 1
| #define HAVE_SELECT 1
| #define HAVE_SLEEP 1
| #define HAVE_STPCPY 1
| #define HAVE_STRCSPN 1
| #define HAVE_STRDUP 1
| #define HAVE_STRCASECMP 1
| /* end confdefs.h.  */
| /* Define stricmp to an innocuous variant, in case <limits.h> declares stricmp.
|    For example, HP-UX 11i <limits.h> declares gettimeofday.  */
| #define stricmp innocuous_stricmp
| 
| /* System header to define __stub macros and hopefully few prototypes,
|     which can conflict with char stricmp (); below.
|     Prefer <limits.h> to <assert.h> if __STDC__ is defined, since
|     <limits.h> exists even on freestanding compilers.  */
| 
| #ifdef __STDC__
| # include <limits.h>
| #else
| # include <assert.h>
| #endif
| 
| #undef stricmp
| 
| /* Override any GCC internal prototype to avoid an error.
|    Use char because int might match the return type of a GCC
|    builtin and then its argument prototype would still apply.  */
| #ifdef __cplusplus
| extern "C"
| #endif
| char stricmp ();
| /* The GNU C library defines this for functions which it implements
|     to always fail with ENOSYS.  Some functions are actually named
|     something starting with __ and the normal name is an alias.  */
| #if defined __stub_stricmp || defined __stub___stricmp
| choke me
| #endif
| 
| int
| main ()
| {
| return stricmp ();
|   ;
|   return 0;
| }
configure:8254: result: no
configure:8169: checking for strncasecmp
configure:8225: gcc -o conftest -g -O2    conftest.c -lm  >&5
conftest.c:109: warning: conflicting types for built-in function 'strncasecmp'
configure:8232: $? = 0
configure:8254: result: yes
configure:8169: checking for strnicmp
configure:8225: gcc -o conftest -g -O2    conftest.c -lm  >&5
/tmp/ccMx69d7.o: In function `main':
/web/service-phgt-0/lib/sci_visualization/downloads/gnuplot-4.2.6/conftest.c:121: undefined reference to `strnicmp'
collect2: ld returned 1 exit status
configure:8232: $? = 1
configure: failed program was:
| /* confdefs.h.  */
| #define PACKAGE_NAME "gnuplot"
| #define PACKAGE_TARNAME "gnuplot"
| #define PACKAGE_VERSION "4.2.6"
| #define PACKAGE_STRING "gnuplot 4.2.6"
| #define PACKAGE_BUGREPORT ""
| #define PACKAGE "gnuplot"
| #define VERSION "4.2.6"
| #define PROTOTYPES 1
| #define __PROTOTYPES 1
| #define STDC_HEADERS 1
| #define HAVE_SYS_TYPES_H 1
| #define HAVE_SYS_STAT_H 1
| #define HAVE_STDLIB_H 1
| #define HAVE_STRING_H 1
| #define HAVE_MEMORY_H 1
| #define HAVE_STRINGS_H 1
| #define HAVE_INTTYPES_H 1
| #define HAVE_STDINT_H 1
| #define HAVE_UNISTD_H 1
| #define HAVE_STRING_H 1
| #define HAVE_STRINGIZE 1
| #define X11 1
| #define HAVE_LIBM 1
| #define STDC_HEADERS 1
| #define HAVE_DIRENT_H 1
| #define HAVE_ERRNO_H 1
| #define HAVE_FLOAT_H 1
| #define HAVE_LIMITS_H 1
| #define HAVE_LOCALE_H 1
| #define HAVE_MATH_H 1
| #define HAVE_STDLIB_H 1
| #define HAVE_STRING_H 1
| #define HAVE_TIME_H 1
| #define HAVE_SYS_TIME_H 1
| #define HAVE_SYS_TYPES_H 1
| #define HAVE_SYS_IOCTL_H 1
| #define HAVE_SYS_PARAM_H 1
| #define HAVE_SYS_SELECT_H 1
| #define HAVE_SYS_SOCKET_H 1
| #define HAVE_SYS_STAT_H 1
| #define HAVE_SYS_TIMEB_H 1
| #define HAVE_SYS_UTSNAME_H 1
| #define HAVE_MALLOC_H 1
| #define HAVE_POLL_H 1
| #define HAVE_SGTTY_H 1
| #define HAVE_TERMIOS_H 1
| #define HAVE_VALUES_H 1
| #define HAVE_PWD_H 1
| #define HAVE__BOOL 1
| #define HAVE_STDBOOL_H 1
| #define HAVE_STRUCT_EXCEPTION_IN_MATH_H 1
| #define HAVE_UNISTD_H 1
| #define HAVE_TIME_T_IN_TIME_H 1
| #define RETSIGTYPE void
| #define HAVE_ATEXIT 1
| #define HAVE_MEMCPY 1
| #define HAVE_MEMMOVE 1
| #define HAVE_MEMSET 1
| #define HAVE_ON_EXIT 1
| #define HAVE_BCOPY 1
| #define HAVE_BZERO 1
| #define HAVE_SETVBUF 1
| #define HAVE_STRERROR 1
| #define HAVE_STRCHR 1
| #define HAVE_STRRCHR 1
| #define HAVE_STRSTR 1
| #define HAVE_INDEX 1
| #define HAVE_RINDEX 1
| #define HAVE_ISNAN 1
| #define HAVE_ERF 1
| #define HAVE_ERFC 1
| #define HAVE_GAMMA 1
| #define HAVE_LGAMMA 1
| #define HAVE_GETCWD 1
| #define HAVE_POLL 1
| #define HAVE_PCLOSE 1
| #define HAVE_POPEN 1
| #define HAVE_SELECT 1
| #define HAVE_SLEEP 1
| #define HAVE_STPCPY 1
| #define HAVE_STRCSPN 1
| #define HAVE_STRDUP 1
| #define HAVE_STRCASECMP 1
| #define HAVE_STRNCASECMP 1
| /* end confdefs.h.  */
| /* Define strnicmp to an innocuous variant, in case <limits.h> declares strnicmp.
|    For example, HP-UX 11i <limits.h> declares gettimeofday.  */
| #define strnicmp innocuous_strnicmp
| 
| /* System header to define __stub macros and hopefully few prototypes,
|     which can conflict with char strnicmp (); below.
|     Prefer <limits.h> to <assert.h> if __STDC__ is defined, since
|     <limits.h> exists even on freestanding compilers.  */
| 
| #ifdef __STDC__
| # include <limits.h>
| #else
| # include <assert.h>
| #endif
| 
| #undef strnicmp
| 
| /* Override any GCC internal prototype to avoid an error.
|    Use char because int might match the return type of a GCC
|    builtin and then its argument prototype would still apply.  */
| #ifdef __cplusplus
| extern "C"
| #endif
| char strnicmp ();
| /* The GNU C library defines this for functions which it implements
|     to always fail with ENOSYS.  Some functions are actually named
|     something starting with __ and the normal name is an alias.  */
| #if defined __stub_strnicmp || defined __stub___strnicmp
| choke me
| #endif
| 
| int
| main ()
| {
| return strnicmp ();
|   ;
|   return 0;
| }
configure:8254: result: no
configure:8169: checking for sysinfo
configure:8225: gcc -o conftest -g -O2    conftest.c -lm  >&5
configure:8232: $? = 0
configure:8254: result: yes
configure:8169: checking for tcgetattr
configure:8225: gcc -o conftest -g -O2    conftest.c -lm  >&5
configure:8232: $? = 0
configure:8254: result: yes
configure:8169: checking for vfprintf
configure:8225: gcc -o conftest -g -O2    conftest.c -lm  >&5
conftest.c:112: warning: conflicting types for built-in function 'vfprintf'
configure:8232: $? = 0
configure:8254: result: yes
configure:8169: checking for doprnt
configure:8225: gcc -o conftest -g -O2    conftest.c -lm  >&5
/tmp/ccimq4UQ.o: In function `main':
/web/service-phgt-0/lib/sci_visualization/downloads/gnuplot-4.2.6/conftest.c:124: undefined reference to `doprnt'
collect2: ld returned 1 exit status
configure:8232: $? = 1
configure: failed program was:
| /* confdefs.h.  */
| #define PACKAGE_NAME "gnuplot"
| #define PACKAGE_TARNAME "gnuplot"
| #define PACKAGE_VERSION "4.2.6"
| #define PACKAGE_STRING "gnuplot 4.2.6"
| #define PACKAGE_BUGREPORT ""
| #define PACKAGE "gnuplot"
| #define VERSION "4.2.6"
| #define PROTOTYPES 1
| #define __PROTOTYPES 1
| #define STDC_HEADERS 1
| #define HAVE_SYS_TYPES_H 1
| #define HAVE_SYS_STAT_H 1
| #define HAVE_STDLIB_H 1
| #define HAVE_STRING_H 1
| #define HAVE_MEMORY_H 1
| #define HAVE_STRINGS_H 1
| #define HAVE_INTTYPES_H 1
| #define HAVE_STDINT_H 1
| #define HAVE_UNISTD_H 1
| #define HAVE_STRING_H 1
| #define HAVE_STRINGIZE 1
| #define X11 1
| #define HAVE_LIBM 1
| #define STDC_HEADERS 1
| #define HAVE_DIRENT_H 1
| #define HAVE_ERRNO_H 1
| #define HAVE_FLOAT_H 1
| #define HAVE_LIMITS_H 1
| #define HAVE_LOCALE_H 1
| #define HAVE_MATH_H 1
| #define HAVE_STDLIB_H 1
| #define HAVE_STRING_H 1
| #define HAVE_TIME_H 1
| #define HAVE_SYS_TIME_H 1
| #define HAVE_SYS_TYPES_H 1
| #define HAVE_SYS_IOCTL_H 1
| #define HAVE_SYS_PARAM_H 1
| #define HAVE_SYS_SELECT_H 1
| #define HAVE_SYS_SOCKET_H 1
| #define HAVE_SYS_STAT_H 1
| #define HAVE_SYS_TIMEB_H 1
| #define HAVE_SYS_UTSNAME_H 1
| #define HAVE_MALLOC_H 1
| #define HAVE_POLL_H 1
| #define HAVE_SGTTY_H 1
| #define HAVE_TERMIOS_H 1
| #define HAVE_VALUES_H 1
| #define HAVE_PWD_H 1
| #define HAVE__BOOL 1
| #define HAVE_STDBOOL_H 1
| #define HAVE_STRUCT_EXCEPTION_IN_MATH_H 1
| #define HAVE_UNISTD_H 1
| #define HAVE_TIME_T_IN_TIME_H 1
| #define RETSIGTYPE void
| #define HAVE_ATEXIT 1
| #define HAVE_MEMCPY 1
| #define HAVE_MEMMOVE 1
| #define HAVE_MEMSET 1
| #define HAVE_ON_EXIT 1
| #define HAVE_BCOPY 1
| #define HAVE_BZERO 1
| #define HAVE_SETVBUF 1
| #define HAVE_STRERROR 1
| #define HAVE_STRCHR 1
| #define HAVE_STRRCHR 1
| #define HAVE_STRSTR 1
| #define HAVE_INDEX 1
| #define HAVE_RINDEX 1
| #define HAVE_ISNAN 1
| #define HAVE_ERF 1
| #define HAVE_ERFC 1
| #define HAVE_GAMMA 1
| #define HAVE_LGAMMA 1
| #define HAVE_GETCWD 1
| #define HAVE_POLL 1
| #define HAVE_PCLOSE 1
| #define HAVE_POPEN 1
| #define HAVE_SELECT 1
| #define HAVE_SLEEP 1
| #define HAVE_STPCPY 1
| #define HAVE_STRCSPN 1
| #define HAVE_STRDUP 1
| #define HAVE_STRCASECMP 1
| #define HAVE_STRNCASECMP 1
| #define HAVE_SYSINFO 1
| #define HAVE_TCGETATTR 1
| #define HAVE_VFPRINTF 1
| /* end confdefs.h.  */
| /* Define doprnt to an innocuous variant, in case <limits.h> declares doprnt.
|    For example, HP-UX 11i <limits.h> declares gettimeofday.  */
| #define doprnt innocuous_doprnt
| 
| /* System header to define __stub macros and hopefully few prototypes,
|     which can conflict with char doprnt (); below.
|     Prefer <limits.h> to <assert.h> if __STDC__ is defined, since
|     <limits.h> exists even on freestanding compilers.  */
| 
| #ifdef __STDC__
| # include <limits.h>
| #else
| # include <assert.h>
| #endif
| 
| #undef doprnt
| 
| /* Override any GCC internal prototype to avoid an error.
|    Use char because int might match the return type of a GCC
|    builtin and then its argument prototype would still apply.  */
| #ifdef __cplusplus
| extern "C"
| #endif
| char doprnt ();
| /* The GNU C library defines this for functions which it implements
|     to always fail with ENOSYS.  Some functions are actually named
|     something starting with __ and the normal name is an alias.  */
| #if defined __stub_doprnt || defined __stub___doprnt
| choke me
| #endif
| 
| int
| main ()
| {
| return doprnt ();
|   ;
|   return 0;
| }
configure:8254: result: no
configure:8169: checking for usleep
configure:8225: gcc -o conftest -g -O2    conftest.c -lm  >&5
configure:8232: $? = 0
configure:8254: result: yes
configure:8271: checking for snprintf
configure:8327: gcc -o conftest -g -O2    conftest.c -lm  >&5
conftest.c:114: warning: conflicting types for built-in function 'snprintf'
configure:8334: $? = 0
configure:8356: result: yes
configure:8384: checking whether signgam is declared
configure:8417: gcc -c -g -O2   conftest.c >&5
configure:8424: $? = 0
configure:8439: result: yes
configure:8458: checking for sigsetjmp
configure:8481: gcc -o conftest -g -O2    conftest.c -lm  >&5
configure:8488: $? = 0
configure:8496: result: yes
configure:8529: checking for sys/select.h
configure:8536: result: yes
configure:8529: checking for sys/socket.h
configure:8536: result: yes
configure:8670: checking types of arguments for select
configure:8708: gcc -c -g -O2   conftest.c >&5
configure:8715: $? = 0
configure:8736: result: int,fd_set *,struct timeval *
configure:9750: checking for tputs in -lncurses
configure:9785: gcc -o conftest -g -O2    conftest.c -lncurses  -lm  >&5
configure:9792: $? = 0
configure:9815: result: yes
configure:9831: checking for remove_history in -lreadline
configure:9866: gcc -o conftest -g -O2    conftest.c -lreadline  -lncurses -lm  >&5
configure:9873: $? = 0
configure:9894: result: yes
configure:10087: checking readline/readline.h usability
configure:10104: gcc -c -g -O2   conftest.c >&5
configure:10111: $? = 0
configure:10125: result: yes
configure:10129: checking readline/readline.h presence
configure:10144: gcc -E   conftest.c
configure:10151: $? = 0
configure:10165: result: yes
configure:10193: checking for readline/readline.h
configure:10202: result: yes
configure:10238: checking readline/history.h usability
configure:10255: gcc -c -g -O2   conftest.c >&5
configure:10262: $? = 0
configure:10276: result: yes
configure:10280: checking readline/history.h presence
configure:10295: gcc -E   conftest.c
configure:10302: $? = 0
configure:10316: result: yes
configure:10344: checking for readline/history.h
configure:10353: result: yes
configure:10391: checking readline/tilde.h usability
configure:10408: gcc -c -g -O2   conftest.c >&5
configure:10415: $? = 0
configure:10429: result: yes
configure:10433: checking readline/tilde.h presence
configure:10448: gcc -E   conftest.c
configure:10455: $? = 0
configure:10469: result: yes
configure:10497: checking for readline/tilde.h
configure:10506: result: yes
configure:10721: checking for deflate in -lz
configure:10756: gcc -o conftest -g -O2    conftest.c -lz  -lm  >&5
configure:10763: $? = 0
configure:10784: result: yes
configure:10803: checking zlib.h usability
configure:10820: gcc -c -g -O2   conftest.c >&5
configure:10827: $? = 0
configure:10841: result: yes
configure:10845: checking zlib.h presence
configure:10860: gcc -E   conftest.c
configure:10867: $? = 0
configure:10881: result: yes
configure:10909: checking for zlib.h
configure:10916: result: yes
configure:10948: checking for gdlib-config
configure:10966: found /usr/bin/gdlib-config
configure:10978: result: /usr/bin/gdlib-config
configure:10999: checking for gdImageCreate in -lgd
configure:11034: gcc -o conftest -g -O2   -I/usr/include  -L/usr/lib64 -Wl,-O1 conftest.c -lgd  -lm  >&5
configure:11041: $? = 0
configure:11062: result: yes
configure:11086: checking gd.h usability
configure:11103: gcc -c -g -O2   -I/usr/include conftest.c >&5
configure:11110: $? = 0
configure:11124: result: yes
configure:11128: checking gd.h presence
configure:11143: gcc -E   -I/usr/include conftest.c
configure:11150: $? = 0
configure:11164: result: yes
configure:11192: checking for gd.h
configure:11201: result: yes
configure:11220: checking for gdImageGif in -lgd
configure:11255: gcc -o conftest -g -O2   -I/usr/include  -L/usr/lib64 -Wl,-O1 conftest.c -lgd  -lm  >&5
configure:11262: $? = 0
configure:11283: result: yes
configure:11293: checking for gdImageGifAnimBegin in -lgd
configure:11328: gcc -o conftest -g -O2   -I/usr/include  -L/usr/lib64 -Wl,-O1 conftest.c -lgd  -lm  >&5
configure:11335: $? = 0
configure:11356: result: yes
configure:11369: checking for gdImageJpeg in -lgd
configure:11404: gcc -o conftest -g -O2   -I/usr/include  -L/usr/lib64 -Wl,-O1 conftest.c -lgd  -lm  -ljpeg >&5
configure:11411: $? = 0
configure:11432: result: yes
configure:11445: checking for gdImageStringFT in -lgd
configure:11480: gcc -o conftest -g -O2   -I/usr/include  -L/usr/lib64 -Wl,-O1 conftest.c -lgd  -lm   -ljpeg -lfreetype >&5
configure:11487: $? = 0
configure:11508: result: yes
configure:11600: checking for gdImagePng in -lgd
configure:11635: gcc -o conftest -g -O2   -I/usr/include  -L/usr/lib64 -Wl,-O1 conftest.c -lgd  -lm   -ljpeg -lfreetype -lpng >&5
configure:11642: $? = 0
configure:11663: result: yes
configure:11708: checking for pdflib-config
configure:11741: result: no
configure:11761: checking for PDF_get_majorversion in -lpdf
configure:11796: gcc -o conftest -g -O2   -I/usr/include   -L/usr/lib64 -Wl,-O1  conftest.c -lpdf  -lm  >&5
/usr/lib/gcc/x86_64-pc-linux-gnu/4.3.4/../../../../x86_64-pc-linux-gnu/bin/ld: cannot find -lpdf
collect2: ld returned 1 exit status
configure:11803: $? = 1
configure: failed program was:
| /* confdefs.h.  */
| #define PACKAGE_NAME "gnuplot"
| #define PACKAGE_TARNAME "gnuplot"
| #define PACKAGE_VERSION "4.2.6"
| #define PACKAGE_STRING "gnuplot 4.2.6"
| #define PACKAGE_BUGREPORT ""
| #define PACKAGE "gnuplot"
| #define VERSION "4.2.6"
| #define PROTOTYPES 1
| #define __PROTOTYPES 1
| #define STDC_HEADERS 1
| #define HAVE_SYS_TYPES_H 1
| #define HAVE_SYS_STAT_H 1
| #define HAVE_STDLIB_H 1
| #define HAVE_STRING_H 1
| #define HAVE_MEMORY_H 1
| #define HAVE_STRINGS_H 1
| #define HAVE_INTTYPES_H 1
| #define HAVE_STDINT_H 1
| #define HAVE_UNISTD_H 1
| #define HAVE_STRING_H 1
| #define HAVE_STRINGIZE 1
| #define X11 1
| #define HAVE_LIBM 1
| #define STDC_HEADERS 1
| #define HAVE_DIRENT_H 1
| #define HAVE_ERRNO_H 1
| #define HAVE_FLOAT_H 1
| #define HAVE_LIMITS_H 1
| #define HAVE_LOCALE_H 1
| #define HAVE_MATH_H 1
| #define HAVE_STDLIB_H 1
| #define HAVE_STRING_H 1
| #define HAVE_TIME_H 1
| #define HAVE_SYS_TIME_H 1
| #define HAVE_SYS_TYPES_H 1
| #define HAVE_SYS_IOCTL_H 1
| #define HAVE_SYS_PARAM_H 1
| #define HAVE_SYS_SELECT_H 1
| #define HAVE_SYS_SOCKET_H 1
| #define HAVE_SYS_STAT_H 1
| #define HAVE_SYS_TIMEB_H 1
| #define HAVE_SYS_UTSNAME_H 1
| #define HAVE_MALLOC_H 1
| #define HAVE_POLL_H 1
| #define HAVE_SGTTY_H 1
| #define HAVE_TERMIOS_H 1
| #define HAVE_VALUES_H 1
| #define HAVE_PWD_H 1
| #define HAVE__BOOL 1
| #define HAVE_STDBOOL_H 1
| #define HAVE_STRUCT_EXCEPTION_IN_MATH_H 1
| #define HAVE_UNISTD_H 1
| #define HAVE_TIME_T_IN_TIME_H 1
| #define RETSIGTYPE void
| #define HAVE_ATEXIT 1
| #define HAVE_MEMCPY 1
| #define HAVE_MEMMOVE 1
| #define HAVE_MEMSET 1
| #define HAVE_ON_EXIT 1
| #define HAVE_BCOPY 1
| #define HAVE_BZERO 1
| #define HAVE_SETVBUF 1
| #define HAVE_STRERROR 1
| #define HAVE_STRCHR 1
| #define HAVE_STRRCHR 1
| #define HAVE_STRSTR 1
| #define HAVE_INDEX 1
| #define HAVE_RINDEX 1
| #define HAVE_ISNAN 1
| #define HAVE_ERF 1
| #define HAVE_ERFC 1
| #define HAVE_GAMMA 1
| #define HAVE_LGAMMA 1
| #define HAVE_GETCWD 1
| #define HAVE_POLL 1
| #define HAVE_PCLOSE 1
| #define HAVE_POPEN 1
| #define HAVE_SELECT 1
| #define HAVE_SLEEP 1
| #define HAVE_STPCPY 1
| #define HAVE_STRCSPN 1
| #define HAVE_STRDUP 1
| #define HAVE_STRCASECMP 1
| #define HAVE_STRNCASECMP 1
| #define HAVE_SYSINFO 1
| #define HAVE_TCGETATTR 1
| #define HAVE_VFPRINTF 1
| #define HAVE_USLEEP 1
| #define HAVE_SNPRINTF 1
| #define HAVE_DECL_SIGNGAM 1
| #define HAVE_SIGSETJMP 1
| #define PIPES 1
| #define HAVE_SYS_SELECT_H 1
| #define HAVE_SYS_SOCKET_H 1
| #define SELECT_TYPE_ARG1 int
| #define SELECT_TYPE_ARG234 (fd_set *)
| #define SELECT_TYPE_ARG5 (struct timeval *)
| #define HAVE_LIBREADLINE 1
| #define HAVE_READLINE_READLINE_H 1
| #define HAVE_READLINE_HISTORY_H 1
| #define HAVE_READLINE_TILDE_H 1
| #define GNUPLOT_HISTORY 1
| #define HAVE_LIBZ 1
| #define HAVE_LIBGD 1
| #define HAVE_GD_H 1
| #define HAVE_GD_GIF 1
| #define GIF_ANIMATION 1
| #define HAVE_GD_JPEG 1
| #define HAVE_GD_TTF 1
| #define HAVE_GD_PNG 1
| /* end confdefs.h.  */
| 
| /* Override any GCC internal prototype to avoid an error.
|    Use char because int might match the return type of a GCC
|    builtin and then its argument prototype would still apply.  */
| #ifdef __cplusplus
| extern "C"
| #endif
| char PDF_get_majorversion ();
| int
| main ()
| {
| return PDF_get_majorversion ();
|   ;
|   return 0;
| }
configure:11824: result: no
configure:12654: checking for multi-byte support in x11
configure:12656: checking for XmbDrawString in -lX11
configure:12691: gcc -o conftest -g -O2   -I/usr/include  -L/usr/lib64 -Wl,-O1  -lX11  conftest.c -lX11  -lm  >&5
configure:12698: $? = 0
configure:12719: result: yes
configure:13686: checking for g++
configure:13702: found /usr/bin/g++
configure:13713: result: g++
configure:13740: checking for C++ compiler version
configure:13748: g++ --version >&5
g++ (Gentoo 4.3.4 p1.1, pie-10.1.5) 4.3.4
Copyright (C) 2008 Free Software Foundation, Inc.
This is free software; see the source for copying conditions.  There is NO
warranty; not even for MERCHANTABILITY or FITNESS FOR A PARTICULAR PURPOSE.

configure:13752: $? = 0
configure:13759: g++ -v >&5
Using built-in specs.
Target: x86_64-pc-linux-gnu
Configured with: /var/tmp/portage/sys-devel/gcc-4.3.4/work/gcc-4.3.4/configure --prefix=/usr --bindir=/usr/x86_64-pc-linux-gnu/gcc-bin/4.3.4 --includedir=/usr/lib/gcc/x86_64-pc-linux-gnu/4.3.4/include --datadir=/usr/share/gcc-data/x86_64-pc-linux-gnu/4.3.4 --mandir=/usr/share/gcc-data/x86_64-pc-linux-gnu/4.3.4/man --infodir=/usr/share/gcc-data/x86_64-pc-linux-gnu/4.3.4/info --with-gxx-include-dir=/usr/lib/gcc/x86_64-pc-linux-gnu/4.3.4/include/g++-v4 --host=x86_64-pc-linux-gnu --build=x86_64-pc-linux-gnu --disable-altivec --disable-fixed-point --enable-nls --without-included-gettext --with-system-zlib --disable-checking --disable-werror --enable-secureplt --enable-multilib --enable-libmudflap --disable-libssp --enable-libgomp --disable-libgcj --enable-languages=c,c++,treelang,fortran --enable-shared --enable-threads=posix --enable-__cxa_atexit --enable-clocale=gnu --with-bugurl=http://bugs.gentoo.org/ --with-pkgversion='Gentoo 4.3.4 p1.1, pie-10.1.5'
Thread model: posix
gcc version 4.3.4 (Gentoo 4.3.4 p1.1, pie-10.1.5) 
configure:13763: $? = 0
configure:13770: g++ -V >&5
g++: '-V' option must have argument
configure:13774: $? = 1
configure:13777: checking whether we are using the GNU C++ compiler
configure:13806: g++ -c    -I/usr/include conftest.cpp >&5
configure:13813: $? = 0
configure:13830: result: yes
configure:13839: checking whether g++ accepts -g
configure:13869: g++ -c -g   -I/usr/include conftest.cpp >&5
configure:13876: $? = 0
configure:13977: result: yes
configure:14002: checking dependency style of g++
configure:14093: result: gcc3
configure:14139: g++ -c -g -O2   -I/usr/include conftest.cpp >&5
configure:14146: $? = 0
configure:14157: checking how to run the C++ preprocessor
configure:14193: g++ -E   -I/usr/include conftest.cpp
configure:14200: $? = 0
configure:14231: g++ -E   -I/usr/include conftest.cpp
conftest.cpp:127:28: error: ac_nonexistent.h: No such file or directory
configure:14238: $? = 1
configure: failed program was:
| /* confdefs.h.  */
| #define PACKAGE_NAME "gnuplot"
| #define PACKAGE_TARNAME "gnuplot"
| #define PACKAGE_VERSION "4.2.6"
| #define PACKAGE_STRING "gnuplot 4.2.6"
| #define PACKAGE_BUGREPORT ""
| #define PACKAGE "gnuplot"
| #define VERSION "4.2.6"
| #define PROTOTYPES 1
| #define __PROTOTYPES 1
| #define STDC_HEADERS 1
| #define HAVE_SYS_TYPES_H 1
| #define HAVE_SYS_STAT_H 1
| #define HAVE_STDLIB_H 1
| #define HAVE_STRING_H 1
| #define HAVE_MEMORY_H 1
| #define HAVE_STRINGS_H 1
| #define HAVE_INTTYPES_H 1
| #define HAVE_STDINT_H 1
| #define HAVE_UNISTD_H 1
| #define HAVE_STRING_H 1
| #define HAVE_STRINGIZE 1
| #define X11 1
| #define HAVE_LIBM 1
| #define STDC_HEADERS 1
| #define HAVE_DIRENT_H 1
| #define HAVE_ERRNO_H 1
| #define HAVE_FLOAT_H 1
| #define HAVE_LIMITS_H 1
| #define HAVE_LOCALE_H 1
| #define HAVE_MATH_H 1
| #define HAVE_STDLIB_H 1
| #define HAVE_STRING_H 1
| #define HAVE_TIME_H 1
| #define HAVE_SYS_TIME_H 1
| #define HAVE_SYS_TYPES_H 1
| #define HAVE_SYS_IOCTL_H 1
| #define HAVE_SYS_PARAM_H 1
| #define HAVE_SYS_SELECT_H 1
| #define HAVE_SYS_SOCKET_H 1
| #define HAVE_SYS_STAT_H 1
| #define HAVE_SYS_TIMEB_H 1
| #define HAVE_SYS_UTSNAME_H 1
| #define HAVE_MALLOC_H 1
| #define HAVE_POLL_H 1
| #define HAVE_SGTTY_H 1
| #define HAVE_TERMIOS_H 1
| #define HAVE_VALUES_H 1
| #define HAVE_PWD_H 1
| #define HAVE__BOOL 1
| #define HAVE_STDBOOL_H 1
| #define HAVE_STRUCT_EXCEPTION_IN_MATH_H 1
| #define HAVE_UNISTD_H 1
| #define HAVE_TIME_T_IN_TIME_H 1
| #define RETSIGTYPE void
| #define HAVE_ATEXIT 1
| #define HAVE_MEMCPY 1
| #define HAVE_MEMMOVE 1
| #define HAVE_MEMSET 1
| #define HAVE_ON_EXIT 1
| #define HAVE_BCOPY 1
| #define HAVE_BZERO 1
| #define HAVE_SETVBUF 1
| #define HAVE_STRERROR 1
| #define HAVE_STRCHR 1
| #define HAVE_STRRCHR 1
| #define HAVE_STRSTR 1
| #define HAVE_INDEX 1
| #define HAVE_RINDEX 1
| #define HAVE_ISNAN 1
| #define HAVE_ERF 1
| #define HAVE_ERFC 1
| #define HAVE_GAMMA 1
| #define HAVE_LGAMMA 1
| #define HAVE_GETCWD 1
| #define HAVE_POLL 1
| #define HAVE_PCLOSE 1
| #define HAVE_POPEN 1
| #define HAVE_SELECT 1
| #define HAVE_SLEEP 1
| #define HAVE_STPCPY 1
| #define HAVE_STRCSPN 1
| #define HAVE_STRDUP 1
| #define HAVE_STRCASECMP 1
| #define HAVE_STRNCASECMP 1
| #define HAVE_SYSINFO 1
| #define HAVE_TCGETATTR 1
| #define HAVE_VFPRINTF 1
| #define HAVE_USLEEP 1
| #define HAVE_SNPRINTF 1
| #define HAVE_DECL_SIGNGAM 1
| #define HAVE_SIGSETJMP 1
| #define PIPES 1
| #define HAVE_SYS_SELECT_H 1
| #define HAVE_SYS_SOCKET_H 1
| #define SELECT_TYPE_ARG1 int
| #define SELECT_TYPE_ARG234 (fd_set *)
| #define SELECT_TYPE_ARG5 (struct timeval *)
| #define HAVE_LIBREADLINE 1
| #define HAVE_READLINE_READLINE_H 1
| #define HAVE_READLINE_HISTORY_H 1
| #define HAVE_READLINE_TILDE_H 1
| #define GNUPLOT_HISTORY 1
| #define HAVE_LIBZ 1
| #define HAVE_LIBGD 1
| #define HAVE_GD_H 1
| #define HAVE_GD_GIF 1
| #define GIF_ANIMATION 1
| #define HAVE_GD_JPEG 1
| #define HAVE_GD_TTF 1
| #define HAVE_GD_PNG 1
| #define USE_MOUSE 1
| #define PIPE_IPC 1
| #define USE_X11_MULTIBYTE 1
| #define BINARY_DATA_FILE 1
| #define WITH_IMAGE 1
| #define BINARY_X11_POLYGON 1
| #define EAM_DATASTRINGS 1
| #define EAM_HISTOGRAMS 1
| #define EAM_OBJECTS 1
| #define GP_STRING_VARS 2
| #define GP_MACROS 1
| #define GP_FIT_ERRVARS 1
| #define HIDDEN3D_QUADTREE 1
| #define HIDDEN3D_VAR_PTSIZE 1
| /* end confdefs.h.  */
| #include <ac_nonexistent.h>
configure:14271: result: g++ -E
configure:14300: g++ -E   -I/usr/include conftest.cpp
configure:14307: $? = 0
configure:14338: g++ -E   -I/usr/include conftest.cpp
conftest.cpp:127:28: error: ac_nonexistent.h: No such file or directory
configure:14345: $? = 1
configure: failed program was:
| /* confdefs.h.  */
| #define PACKAGE_NAME "gnuplot"
| #define PACKAGE_TARNAME "gnuplot"
| #define PACKAGE_VERSION "4.2.6"
| #define PACKAGE_STRING "gnuplot 4.2.6"
| #define PACKAGE_BUGREPORT ""
| #define PACKAGE "gnuplot"
| #define VERSION "4.2.6"
| #define PROTOTYPES 1
| #define __PROTOTYPES 1
| #define STDC_HEADERS 1
| #define HAVE_SYS_TYPES_H 1
| #define HAVE_SYS_STAT_H 1
| #define HAVE_STDLIB_H 1
| #define HAVE_STRING_H 1
| #define HAVE_MEMORY_H 1
| #define HAVE_STRINGS_H 1
| #define HAVE_INTTYPES_H 1
| #define HAVE_STDINT_H 1
| #define HAVE_UNISTD_H 1
| #define HAVE_STRING_H 1
| #define HAVE_STRINGIZE 1
| #define X11 1
| #define HAVE_LIBM 1
| #define STDC_HEADERS 1
| #define HAVE_DIRENT_H 1
| #define HAVE_ERRNO_H 1
| #define HAVE_FLOAT_H 1
| #define HAVE_LIMITS_H 1
| #define HAVE_LOCALE_H 1
| #define HAVE_MATH_H 1
| #define HAVE_STDLIB_H 1
| #define HAVE_STRING_H 1
| #define HAVE_TIME_H 1
| #define HAVE_SYS_TIME_H 1
| #define HAVE_SYS_TYPES_H 1
| #define HAVE_SYS_IOCTL_H 1
| #define HAVE_SYS_PARAM_H 1
| #define HAVE_SYS_SELECT_H 1
| #define HAVE_SYS_SOCKET_H 1
| #define HAVE_SYS_STAT_H 1
| #define HAVE_SYS_TIMEB_H 1
| #define HAVE_SYS_UTSNAME_H 1
| #define HAVE_MALLOC_H 1
| #define HAVE_POLL_H 1
| #define HAVE_SGTTY_H 1
| #define HAVE_TERMIOS_H 1
| #define HAVE_VALUES_H 1
| #define HAVE_PWD_H 1
| #define HAVE__BOOL 1
| #define HAVE_STDBOOL_H 1
| #define HAVE_STRUCT_EXCEPTION_IN_MATH_H 1
| #define HAVE_UNISTD_H 1
| #define HAVE_TIME_T_IN_TIME_H 1
| #define RETSIGTYPE void
| #define HAVE_ATEXIT 1
| #define HAVE_MEMCPY 1
| #define HAVE_MEMMOVE 1
| #define HAVE_MEMSET 1
| #define HAVE_ON_EXIT 1
| #define HAVE_BCOPY 1
| #define HAVE_BZERO 1
| #define HAVE_SETVBUF 1
| #define HAVE_STRERROR 1
| #define HAVE_STRCHR 1
| #define HAVE_STRRCHR 1
| #define HAVE_STRSTR 1
| #define HAVE_INDEX 1
| #define HAVE_RINDEX 1
| #define HAVE_ISNAN 1
| #define HAVE_ERF 1
| #define HAVE_ERFC 1
| #define HAVE_GAMMA 1
| #define HAVE_LGAMMA 1
| #define HAVE_GETCWD 1
| #define HAVE_POLL 1
| #define HAVE_PCLOSE 1
| #define HAVE_POPEN 1
| #define HAVE_SELECT 1
| #define HAVE_SLEEP 1
| #define HAVE_STPCPY 1
| #define HAVE_STRCSPN 1
| #define HAVE_STRDUP 1
| #define HAVE_STRCASECMP 1
| #define HAVE_STRNCASECMP 1
| #define HAVE_SYSINFO 1
| #define HAVE_TCGETATTR 1
| #define HAVE_VFPRINTF 1
| #define HAVE_USLEEP 1
| #define HAVE_SNPRINTF 1
| #define HAVE_DECL_SIGNGAM 1
| #define HAVE_SIGSETJMP 1
| #define PIPES 1
| #define HAVE_SYS_SELECT_H 1
| #define HAVE_SYS_SOCKET_H 1
| #define SELECT_TYPE_ARG1 int
| #define SELECT_TYPE_ARG234 (fd_set *)
| #define SELECT_TYPE_ARG5 (struct timeval *)
| #define HAVE_LIBREADLINE 1
| #define HAVE_READLINE_READLINE_H 1
| #define HAVE_READLINE_HISTORY_H 1
| #define HAVE_READLINE_TILDE_H 1
| #define GNUPLOT_HISTORY 1
| #define HAVE_LIBZ 1
| #define HAVE_LIBGD 1
| #define HAVE_GD_H 1
| #define HAVE_GD_GIF 1
| #define GIF_ANIMATION 1
| #define HAVE_GD_JPEG 1
| #define HAVE_GD_TTF 1
| #define HAVE_GD_PNG 1
| #define USE_MOUSE 1
| #define PIPE_IPC 1
| #define USE_X11_MULTIBYTE 1
| #define BINARY_DATA_FILE 1
| #define WITH_IMAGE 1
| #define BINARY_X11_POLYGON 1
| #define EAM_DATASTRINGS 1
| #define EAM_HISTOGRAMS 1
| #define EAM_OBJECTS 1
| #define GP_STRING_VARS 2
| #define GP_MACROS 1
| #define GP_FIT_ERRVARS 1
| #define HIDDEN3D_QUADTREE 1
| #define HIDDEN3D_VAR_PTSIZE 1
| /* end confdefs.h.  */
| #include <ac_nonexistent.h>
configure:14430: checking for wx-config
configure:14448: found /usr/bin/wx-config
configure:14461: result: /usr/bin/wx-config
configure:14531: checking for pkg-config
configure:14549: found /usr/bin/pkg-config
configure:14561: result: /usr/bin/pkg-config
configure:14586: checking pkg-config is at least version 0.9.0
configure:14589: result: yes
configure:14600: checking for CAIROPANGO
configure:14608: $PKG_CONFIG --exists --print-errors "cairo >= 0.9.0 pango >= 1.10 pangocairo >= 1.10"
Package libpng12 was not found in the pkg-config search path.
Perhaps you should add the directory containing `libpng12.pc'
to the PKG_CONFIG_PATH environment variable
Package 'libpng12', required by 'cairo', not found
configure:14611: $? = 1
configure:14626: $PKG_CONFIG --exists --print-errors "cairo >= 0.9.0 pango >= 1.10 pangocairo >= 1.10"
Package libpng12 was not found in the pkg-config search path.
Perhaps you should add the directory containing `libpng12.pc'
to the PKG_CONFIG_PATH environment variable
Package 'libpng12', required by 'cairo', not found
configure:14629: $? = 1
Package libpng12 was not found in the pkg-config search path.
Perhaps you should add the directory containing `libpng12.pc'
to the PKG_CONFIG_PATH environment variable
Package 'libpng12', required by 'cairo', not found
configure:14671: WARNING: Package requirements (cairo >= 0.9.0 pango >= 1.10 pangocairo >= 1.10) for the
wxWidgets terminal were not met:

Package libpng12 was not found in the pkg-config search path.
Perhaps you should add the directory containing `libpng12.pc'
to the PKG_CONFIG_PATH environment variable
Package 'libpng12', required by 'cairo', not found

Consider adjusting the PKG_CONFIG_PATH environment variable if you
installed software in a non-standard prefix.

Alternatively, you can avoid the need to call pkg-config if you set the
environment variables CAIROPANGO_CFLAGS and CAIROPANGO_LIBS to the
corresponding flags for cairo, pango, and pangocairo.
See the pkg-config man page for more details.

The wxWidgets terminal will not be compiled.
configure:14780: checking for PANGO_1_10_2
configure:14788: $PKG_CONFIG --exists --print-errors "pango = 1.10.2"
Requested 'pango = 1.10.2' but version of Pango is 1.24.5
configure:14791: $? = 1
configure:14806: $PKG_CONFIG --exists --print-errors "pango = 1.10.2"
Requested 'pango = 1.10.2' but version of Pango is 1.24.5
configure:14809: $? = 1
Requested 'pango = 1.10.2' but version of Pango is 1.24.5
configure:14837: result: no
configure:15834: creating ./config.status

## ---------------------- ##
## Running config.status. ##
## ---------------------- ##

This file was extended by gnuplot config.status 4.2.6, which was
generated by GNU Autoconf 2.63.  Invocation command line was

  CONFIG_FILES    = 
  CONFIG_HEADERS  = 
  CONFIG_LINKS    = 
  CONFIG_COMMANDS = 
  $ ./config.status 

on epimetheus

config.status:940: creating Makefile
config.status:940: creating config/Makefile
config.status:940: creating demo/Makefile
config.status:940: creating docs/Makefile
config.status:940: creating m4/Makefile
config.status:940: creating man/Makefile
config.status:940: creating share/Makefile
config.status:940: creating share/LaTeX/Makefile
config.status:940: creating src/Makefile
config.status:940: creating src/beos/Makefile
config.status:940: creating src/wxterminal/Makefile
config.status:940: creating term/Makefile
config.status:940: creating tutorial/Makefile
config.status:940: creating config.h
config.status:1214: executing depfiles commands
config.status:1214: executing default commands
configure:17248: === configuring in lisp (/web/service-phgt-0/lib/sci_visualization/downloads/gnuplot-4.2.6/lisp)
configure:17351: running /bin/sh ./configure --disable-option-checking '--prefix=/usr/local'  --cache-file=/dev/null --srcdir=.
configure:17371: result: 
configure:17373: result: ** Configuration summary for gnuplot 4.2.6:
configure:17375: result: 
configure:17378: result: gnuplot will be compiled with the following terminals:
configure:17380: result: 
configure:17383: result:   Standalone terminals: yes (always builtin)
configure:17385: result:     (aed512, aed767, aifm, bitgraph, cgm, corel, dumb, dxf, eepic, emf, emtex,
configure:17387: result:     epslatex, epson_180dpi, epson_60dpi, epson_lx800, fig, gpic, hp2623A,
configure:17389: result:     hp2648, hp500c, hpdj, hpgl, hpljii, hppj, imagen, kc_tek40xx, km_tek40xx,
configure:17391: result:     latex, metafont, metapost, mif, pbm, postscript, pslatex, nec_cp6, okidata,
configure:17393: result:     pcl5, pstex, pstricks, qms, regis, selanar, svg, starc, tandy_60dpi,
configure:17395: result:     tek40xx, tek410x, texdraw, tgif, tkcanvas, tpic, vttek)
configure:17400: result:   x11/xlib terminal: yes (with mouse support)
configure:17407: result:     (with multi-byte fonts)
configure:17414: result:     (with binary polygon protocol)
configure:17426: result:   jpeg terminal: yes
configure:17435: result:   gif terminal: yes (with animated gif)
configure:17448: result:   png terminal: yes
configure:17456: result:     (jpeg, gif and png terminals can use TTF fonts)
configure:17475: result:   pdf terminal: no (requires libpdf)
configure:17491: result:   plot library terminal: no (use --with-plot to enable, requires GNU plotutils
configure:17493: result:                              or UNIX plot)
configure:17510: result:   linux terminal (vga console): no (use --with-linux-vga to enable,
configure:17512: result:                                        requires SVGAlib)
configure:17514: result:   vgagl terminal ((s)vga console): no (use --with-linux-vga to enable,
configure:17516: result:                                        requires SVGAlib with vgagl)
configure:17529: result:   ggi terminal: no (use --with-ggi to enable, requires libggi)
configure:17537: result:   iris4d terminal: no (use --enable-iris to enable, requires libgl_s)
configure:17545: result:   mgr terminal: no (use --enable-mgr to enable, requires libpixrect)
configure:17553: result:   rgip/uniplex terminal: no (use --enable-rgip to enable)
configure:17561: result:   svga terminal (MSDOS/djgpp): no
configure:17569: result:   be terminal (BeOS): no
configure:17577: result:   next terminal: no
configure:17585: result:   aqua terminal (MacOS X): no
configure:17593: result:   wxt terminal: no (requires C++, wxWidgets>2.6, cairo>0.9, pango>1.10)
configure:17597: result: 
configure:17599: result:   Additional terminals are availaible in platform-specific makefiles:
configure:17601: result:    amiga (makefile.amg and makefile.ami), apollo/gpr (makefile.unx), atari/vdi
configure:17603: result:    (makefile.st), cgi (makefile.unx), mtos (makefile.mto), pm (makefile.os2),
configure:17605: result:    sun (makefile.unx), unixpc (makefile.unx), windows (various Windows
configure:17607: result:    makefiles)
configure:17610: result:   Additional terminals are built automatically if possible at compile-time:
configure:17612: result:    vesa (MSDOS), emxvga (MSDOS, OS/2), ega/vga/svga/ssvga/hercules (Windows with
configure:17614: result:    Zortec compiler), macintosh
configure:17618: result: 
configure:17620: result: gnuplot will be compiled with the following features:
configure:17622: result: 
configure:17626: result:   Fitting error variables: yes
configure:17634: result:   String-handling in datafiles: yes
configure:17642: result:   Plot style histograms: yes
configure:17650: result:   String variables: yes
configure:17658: result:   Command line macros: yes (EXPERIMENTAL)
configure:17666: result:   Placement of rectangles and other objects: yes (EXPERIMENTAL)
configure:17674: result:   Plot style image: yes (EXPERIMENTAL)
configure:17682: result:   General binary data file reading: yes (EXPERIMENTAL)
configure:17689: result: 
configure:17691: result: gnuplot will be compiled with the following options:
configure:17693: result: 
configure:17711: result:   Readline library: GNU readline library with  -lncurses
configure:17724: result:   Command-line history file: yes
configure:17735: result:   Check current directory for .gnuplot file: no (use --with-cwdrc to enable)
configure:17743: result:   Sort help/subtopic tables by column: no (use --without-row-help to enable)
configure:17751: result:   Use TeX kpsexpand to search for fonts: no (use --with-kpsexpand to enable)
configure:17759: result:   Thin plate splines: no (use --enable-thin-spline to enable)
configure:17771: result:   Hidden3d optimization: quadtree
configure:17777: result:   Deprecated syntax and terminal options : yes
configure:17785: result: 
configure:17787: result: gnuplot will install the following additional materials:
configure:17789: result: 
configure:17796: result:   lasergnu printer script: no (use --with-lasergnu to enable)
configure:17801: result:   gnuplot-mode for X/Emacs: yes
configure:17809: result:   LaTeX tutorial: yes
configure:17816: result:   Help file: yes (always), in ${datarootdir}/gnuplot/4.2/gnuplot.gih
configure:17819: result:   PostScript prologue files: yes (always)

## ---------------- ##
## Cache variables. ##
## ---------------- ##

ac_cv_c_compiler_gnu=yes
ac_cv_c_const=yes
ac_cv_c_inline=inline
ac_cv_c_stringize=yes
ac_cv_cxx_compiler_gnu=yes
ac_cv_env_CAIROPANGO_CFLAGS_set=
ac_cv_env_CAIROPANGO_CFLAGS_value=
ac_cv_env_CAIROPANGO_LIBS_set=
ac_cv_env_CAIROPANGO_LIBS_value=
ac_cv_env_CCC_set=
ac_cv_env_CCC_value=
ac_cv_env_CC_set=
ac_cv_env_CC_value=
ac_cv_env_CFLAGS_set=
ac_cv_env_CFLAGS_value=
ac_cv_env_CPPFLAGS_set=
ac_cv_env_CPPFLAGS_value=
ac_cv_env_CPP_set=
ac_cv_env_CPP_value=
ac_cv_env_CXXCPP_set=
ac_cv_env_CXXCPP_value=
ac_cv_env_CXXFLAGS_set=
ac_cv_env_CXXFLAGS_value=
ac_cv_env_CXX_set=
ac_cv_env_CXX_value=
ac_cv_env_GTK28_CFLAGS_set=
ac_cv_env_GTK28_CFLAGS_value=
ac_cv_env_GTK28_LIBS_set=
ac_cv_env_GTK28_LIBS_value=
ac_cv_env_GTK_CFLAGS_set=
ac_cv_env_GTK_CFLAGS_value=
ac_cv_env_GTK_LIBS_set=
ac_cv_env_GTK_LIBS_value=
ac_cv_env_LDFLAGS_set=
ac_cv_env_LDFLAGS_value=
ac_cv_env_LIBS_set=
ac_cv_env_LIBS_value=
ac_cv_env_PANGO_1_10_2_CFLAGS_set=
ac_cv_env_PANGO_1_10_2_CFLAGS_value=
ac_cv_env_PANGO_1_10_2_LIBS_set=
ac_cv_env_PANGO_1_10_2_LIBS_value=
ac_cv_env_PKG_CONFIG_set=
ac_cv_env_PKG_CONFIG_value=
ac_cv_env_XMKMF_set=
ac_cv_env_XMKMF_value=
ac_cv_env_build_alias_set=
ac_cv_env_build_alias_value=
ac_cv_env_host_alias_set=
ac_cv_env_host_alias_value=
ac_cv_env_target_alias_set=
ac_cv_env_target_alias_value=
ac_cv_func_atexit=yes
ac_cv_func_bcopy=yes
ac_cv_func_bzero=yes
ac_cv_func_connect=yes
ac_cv_func_doprnt=no
ac_cv_func_erf=yes
ac_cv_func_erfc=yes
ac_cv_func_gamma=yes
ac_cv_func_getcwd=yes
ac_cv_func_gethostbyname=yes
ac_cv_func_index=yes
ac_cv_func_isnan=yes
ac_cv_func_lgamma=yes
ac_cv_func_memcpy=yes
ac_cv_func_memmove=yes
ac_cv_func_memset=yes
ac_cv_func_on_exit=yes
ac_cv_func_pclose=yes
ac_cv_func_poll=yes
ac_cv_func_popen=yes
ac_cv_func_remove=yes
ac_cv_func_rindex=yes
ac_cv_func_select=yes
ac_cv_func_select_args='int,fd_set *,struct timeval *'
ac_cv_func_setvbuf=yes
ac_cv_func_shmat=yes
ac_cv_func_sin=no
ac_cv_func_sleep=yes
ac_cv_func_snprintf=yes
ac_cv_func_stpcpy=yes
ac_cv_func_strcasecmp=yes
ac_cv_func_strchr=yes
ac_cv_func_strcspn=yes
ac_cv_func_strdup=yes
ac_cv_func_strerror=yes
ac_cv_func_stricmp=no
ac_cv_func_strncasecmp=yes
ac_cv_func_strnicmp=no
ac_cv_func_strrchr=yes
ac_cv_func_strstr=yes
ac_cv_func_sysinfo=yes
ac_cv_func_tcgetattr=yes
ac_cv_func_usleep=yes
ac_cv_func_vfprintf=yes
ac_cv_have_decl_signgam=yes
ac_cv_have_x='have_x=yes	ac_x_includes='\'''\''	ac_x_libraries='\'''\'''
ac_cv_header_dirent_h=yes
ac_cv_header_errno_h=yes
ac_cv_header_float_h=yes
ac_cv_header_gd_h=yes
ac_cv_header_inttypes_h=yes
ac_cv_header_libc_h=no
ac_cv_header_limits_h=yes
ac_cv_header_locale_h=yes
ac_cv_header_malloc_h=yes
ac_cv_header_math_h=yes
ac_cv_header_memory_h=yes
ac_cv_header_poll_h=yes
ac_cv_header_pwd_h=yes
ac_cv_header_readline_history_h=yes
ac_cv_header_readline_readline_h=yes
ac_cv_header_readline_tilde_h=yes
ac_cv_header_sgtty_h=yes
ac_cv_header_stat_broken=no
ac_cv_header_stdbool_h=yes
ac_cv_header_stdc=yes
ac_cv_header_stdint_h=yes
ac_cv_header_stdlib_h=yes
ac_cv_header_string_h=yes
ac_cv_header_strings_h=yes
ac_cv_header_sys_bsdtypes_h=no
ac_cv_header_sys_ioctl_h=yes
ac_cv_header_sys_param_h=yes
ac_cv_header_sys_select_h=yes
ac_cv_header_sys_socket_h=yes
ac_cv_header_sys_stat_h=yes
ac_cv_header_sys_systeminfo_h=no
ac_cv_header_sys_time_h=yes
ac_cv_header_sys_timeb_h=yes
ac_cv_header_sys_types_h=yes
ac_cv_header_sys_utsname_h=yes
ac_cv_header_termios_h=yes
ac_cv_header_time_h=yes
ac_cv_header_unistd_h=yes
ac_cv_header_values_h=yes
ac_cv_header_zlib_h=yes
ac_cv_lib_ICE_IceConnectionNumber=yes
ac_cv_lib_X11_XmbDrawString=yes
ac_cv_lib_gd_gdImageCreate=yes
ac_cv_lib_gd_gdImageGif=yes
ac_cv_lib_gd_gdImageGifAnimBegin=yes
ac_cv_lib_gd_gdImageJpeg=yes
ac_cv_lib_gd_gdImagePng=yes
ac_cv_lib_gd_gdImageStringFT=yes
ac_cv_lib_m_sin=yes
ac_cv_lib_ncurses___tputs=yes
ac_cv_lib_pdf_PDF_get_majorversion=no
ac_cv_lib_readline_remove_history=yes
ac_cv_lib_z_deflate=yes
ac_cv_objext=o
ac_cv_path_EGREP='/bin/grep -E'
ac_cv_path_GDLIB_CONFIG=/usr/bin/gdlib-config
ac_cv_path_GREP=/bin/grep
ac_cv_path_WX_CONFIG=/usr/bin/wx-config
ac_cv_path_ac_pt_PKG_CONFIG=/usr/bin/pkg-config
ac_cv_path_install='/usr/bin/install -c'
ac_cv_path_mkdir=/bin/mkdir
ac_cv_prog_AWK=gawk
ac_cv_prog_CPP='gcc -E'
ac_cv_prog_CXXCPP='g++ -E'
ac_cv_prog_DVIPS=dvips
ac_cv_prog_EMACS=emacs
ac_cv_prog_LATEX=latex
ac_cv_prog_PDFLATEX=pdflatex
ac_cv_prog_PLAINTEX=tex
ac_cv_prog_TROFF=troff
ac_cv_prog_ac_ct_CC=gcc
ac_cv_prog_ac_ct_CXX=g++
ac_cv_prog_cc_c89=
ac_cv_prog_cc_g=yes
ac_cv_prog_cxx_g=yes
ac_cv_prog_make_make_set=yes
ac_cv_type__Bool=yes
ac_cv_type_signal=void
ac_cv_type_size_t=yes
am_cv_CC_dependencies_compiler_type=gcc3
am_cv_CXX_dependencies_compiler_type=gcc3

## ----------------- ##
## Output variables. ##
## ----------------- ##

ACLOCAL='${SHELL} /web/service-phgt-0/lib/sci_visualization/downloads/gnuplot-4.2.6/missing --run aclocal-1.10'
AMDEPBACKSLASH='\'
AMDEP_FALSE='#'
AMDEP_TRUE=''
AMTAR='${SHELL} /web/service-phgt-0/lib/sci_visualization/downloads/gnuplot-4.2.6/missing --run tar'
ANSI2KNR=''
AUTOCONF='${SHELL} /web/service-phgt-0/lib/sci_visualization/downloads/gnuplot-4.2.6/missing --run autoconf'
AUTOHEADER='${SHELL} /web/service-phgt-0/lib/sci_visualization/downloads/gnuplot-4.2.6/missing --run autoheader'
AUTOMAKE='${SHELL} /web/service-phgt-0/lib/sci_visualization/downloads/gnuplot-4.2.6/missing --run automake-1.10'
AWK='gawk'
BUILD_SRC_BEOS_SUBDIR_FALSE=''
BUILD_SRC_BEOS_SUBDIR_TRUE='#'
BUILD_WXWIDGETS_FALSE=''
BUILD_WXWIDGETS_TRUE='#'
CAIROPANGO_CFLAGS=''
CAIROPANGO_LIBS=''
CC='gcc'
CCDEPMODE='depmode=gcc3'
CFLAGS='-g -O2'
CPP='gcc -E'
CPPFLAGS='  -I/usr/include'
CXX='g++'
CXXCPP='g++ -E'
CXXDEPMODE='depmode=gcc3'
CXXFLAGS='-g -O2'
CYGPATH_W='echo'
DEFS='-DHAVE_CONFIG_H'
DEPDIR='.deps'
DVIPS='dvips'
ECHO_C=''
ECHO_N='-n'
ECHO_T=''
EGREP='/bin/grep -E'
EMACS='emacs'
EXEEXT=''
GDLIB_CONFIG='/usr/bin/gdlib-config'
GIHDIR='${datarootdir}/gnuplot/4.2'
GNUPLOT_X11='gnuplot_x11${EXEEXT}'
GREP='/bin/grep'
GTK28_CFLAGS=''
GTK28_LIBS=''
GTK_CFLAGS=''
GTK_LIBS=''
INCLUDE_BINARY_C_FALSE=''
INCLUDE_BINARY_C_TRUE='#'
INSTALL_DATA='${INSTALL} -m 644'
INSTALL_PROGRAM='${INSTALL}'
INSTALL_SCRIPT='${INSTALL}'
INSTALL_STRIP_PROGRAM='$(install_sh) -c -s'
LASERGNU='lasergnu-noinstall'
LATEX='latex'
LDFLAGS=' -L/usr/lib64 -Wl,-O1'
LIBOBJS=''
LIBRARIES_FOR_X=' -lX11 '
LIBS='-lm '
LINUXSUID=''
LISPDIR='lisp'
LTLIBOBJS=''
MAKEINFO='${SHELL} /web/service-phgt-0/lib/sci_visualization/downloads/gnuplot-4.2.6/missing --run makeinfo'
MKDIR_P='/bin/mkdir -p'
OBJEXT='o'
PACKAGE='gnuplot'
PACKAGE_BUGREPORT=''
PACKAGE_NAME='gnuplot'
PACKAGE_STRING='gnuplot 4.2.6'
PACKAGE_TARNAME='gnuplot'
PACKAGE_VERSION='4.2.6'
PANGO_1_10_2_CFLAGS=''
PANGO_1_10_2_LIBS=''
PATH_SEPARATOR=':'
PDFLATEX='pdflatex'
PDFLIB_CONFIG=''
PKG_CONFIG='/usr/bin/pkg-config'
PLAINTEX='tex'
SET_MAKE=''
SHELL='/bin/sh'
STRIP=''
TERMLIBS=' -lreadline  -lncurses  -lz -lgd -lXpm -lX11 -ljpeg -lfontconfig -lfreetype -lpng12 -lz -lm'
TERMXLIBS=''
TROFF='troff'
TUTORIAL='tutorial'
U=''
VERSION='4.2.6'
VERSION_MAJOR='4.2'
WX_CONFIG='/usr/bin/wx-config'
WX_LIBS=''
XMKMF=''
X_CFLAGS=''
X_EXTRA_LIBS=''
X_LIBS=''
X_PRE_LIBS=' -lSM -lICE'
ac_ct_CC='gcc'
ac_ct_CXX='g++'
am__fastdepCC_FALSE='#'
am__fastdepCC_TRUE=''
am__fastdepCXX_FALSE='#'
am__fastdepCXX_TRUE=''
am__include='include'
am__isrc=''
am__leading_dot='.'
am__quote=''
am__tar='${AMTAR} chof - "$$tardir"'
am__untar='${AMTAR} xf -'
bindir='${exec_prefix}/bin'
build_alias=''
datadir='${datarootdir}'
datarootdir='${prefix}/share'
docdir='${datarootdir}/doc/${PACKAGE_TARNAME}'
dvidir='${docdir}'
exec_prefix='${prefix}'
host_alias=''
htmldir='${docdir}'
includedir='${prefix}/include'
infodir='${datarootdir}/info'
install_sh='$(SHELL) /web/service-phgt-0/lib/sci_visualization/downloads/gnuplot-4.2.6/install-sh'
libdir='${exec_prefix}/lib'
libexecdir='${exec_prefix}/libexec'
localedir='${datarootdir}/locale'
localstatedir='${prefix}/var'
mandir='${datarootdir}/man'
mkdir_p='/bin/mkdir -p'
oldincludedir='/usr/include'
pdfdir='${docdir}'
prefix='/usr/local'
program_transform_name='s,x,x,'
psdir='${docdir}'
sbindir='${exec_prefix}/sbin'
sharedstatedir='${prefix}/com'
subdirs=' lisp'
sysconfdir='${prefix}/etc'
target_alias=''

## ----------- ##
## confdefs.h. ##
## ----------- ##

#define PACKAGE_NAME "gnuplot"
#define PACKAGE_TARNAME "gnuplot"
#define PACKAGE_VERSION "4.2.6"
#define PACKAGE_STRING "gnuplot 4.2.6"
#define PACKAGE_BUGREPORT ""
#define PACKAGE "gnuplot"
#define VERSION "4.2.6"
#define PROTOTYPES 1
#define __PROTOTYPES 1
#define STDC_HEADERS 1
#define HAVE_SYS_TYPES_H 1
#define HAVE_SYS_STAT_H 1
#define HAVE_STDLIB_H 1
#define HAVE_STRING_H 1
#define HAVE_MEMORY_H 1
#define HAVE_STRINGS_H 1
#define HAVE_INTTYPES_H 1
#define HAVE_STDINT_H 1
#define HAVE_UNISTD_H 1
#define HAVE_STRING_H 1
#define HAVE_STRINGIZE 1
#define X11 1
#define HAVE_LIBM 1
#define STDC_HEADERS 1
#define HAVE_DIRENT_H 1
#define HAVE_ERRNO_H 1
#define HAVE_FLOAT_H 1
#define HAVE_LIMITS_H 1
#define HAVE_LOCALE_H 1
#define HAVE_MATH_H 1
#define HAVE_STDLIB_H 1
#define HAVE_STRING_H 1
#define HAVE_TIME_H 1
#define HAVE_SYS_TIME_H 1
#define HAVE_SYS_TYPES_H 1
#define HAVE_SYS_IOCTL_H 1
#define HAVE_SYS_PARAM_H 1
#define HAVE_SYS_SELECT_H 1
#define HAVE_SYS_SOCKET_H 1
#define HAVE_SYS_STAT_H 1
#define HAVE_SYS_TIMEB_H 1
#define HAVE_SYS_UTSNAME_H 1
#define HAVE_MALLOC_H 1
#define HAVE_POLL_H 1
#define HAVE_SGTTY_H 1
#define HAVE_TERMIOS_H 1
#define HAVE_VALUES_H 1
#define HAVE_PWD_H 1
#define HAVE__BOOL 1
#define HAVE_STDBOOL_H 1
#define HAVE_STRUCT_EXCEPTION_IN_MATH_H 1
#define HAVE_UNISTD_H 1
#define HAVE_TIME_T_IN_TIME_H 1
#define RETSIGTYPE void
#define HAVE_ATEXIT 1
#define HAVE_MEMCPY 1
#define HAVE_MEMMOVE 1
#define HAVE_MEMSET 1
#define HAVE_ON_EXIT 1
#define HAVE_BCOPY 1
#define HAVE_BZERO 1
#define HAVE_SETVBUF 1
#define HAVE_STRERROR 1
#define HAVE_STRCHR 1
#define HAVE_STRRCHR 1
#define HAVE_STRSTR 1
#define HAVE_INDEX 1
#define HAVE_RINDEX 1
#define HAVE_ISNAN 1
#define HAVE_ERF 1
#define HAVE_ERFC 1
#define HAVE_GAMMA 1
#define HAVE_LGAMMA 1
#define HAVE_GETCWD 1
#define HAVE_POLL 1
#define HAVE_PCLOSE 1
#define HAVE_POPEN 1
#define HAVE_SELECT 1
#define HAVE_SLEEP 1
#define HAVE_STPCPY 1
#define HAVE_STRCSPN 1
#define HAVE_STRDUP 1
#define HAVE_STRCASECMP 1
#define HAVE_STRNCASECMP 1
#define HAVE_SYSINFO 1
#define HAVE_TCGETATTR 1
#define HAVE_VFPRINTF 1
#define HAVE_USLEEP 1
#define HAVE_SNPRINTF 1
#define HAVE_DECL_SIGNGAM 1
#define HAVE_SIGSETJMP 1
#define PIPES 1
#define HAVE_SYS_SELECT_H 1
#define HAVE_SYS_SOCKET_H 1
#define SELECT_TYPE_ARG1 int
#define SELECT_TYPE_ARG234 (fd_set *)
#define SELECT_TYPE_ARG5 (struct timeval *)
#define HAVE_LIBREADLINE 1
#define HAVE_READLINE_READLINE_H 1
#define HAVE_READLINE_HISTORY_H 1
#define HAVE_READLINE_TILDE_H 1
#define GNUPLOT_HISTORY 1
#define HAVE_LIBZ 1
#define HAVE_LIBGD 1
#define HAVE_GD_H 1
#define HAVE_GD_GIF 1
#define GIF_ANIMATION 1
#define HAVE_GD_JPEG 1
#define HAVE_GD_TTF 1
#define HAVE_GD_PNG 1
#define USE_MOUSE 1
#define PIPE_IPC 1
#define USE_X11_MULTIBYTE 1
#define BINARY_DATA_FILE 1
#define WITH_IMAGE 1
#define BINARY_X11_POLYGON 1
#define EAM_DATASTRINGS 1
#define EAM_HISTOGRAMS 1
#define EAM_OBJECTS 1
#define GP_STRING_VARS 2
#define GP_MACROS 1
#define GP_FIT_ERRVARS 1
#define HIDDEN3D_QUADTREE 1
#define HIDDEN3D_VAR_PTSIZE 1
#define BACKWARDS_COMPATIBLE 1

configure: exit 0
