This file contains any messages produced by compilers while
running configure, to aid debugging if configure makes a mistake.

It was created by configure, which was
generated by GNU Autoconf 2.63.  Invocation command line was

  $ ./configure --disable-option-checking --prefix=/usr/local --cache-file=/dev/null --srcdir=.

## --------- ##
## Platform. ##
## --------- ##

hostname = epimetheus
uname -m = x86_64
uname -r = 2.6.29-gentoo-r5
uname -s = Linux
uname -v = #11 SMP Tue Mar 9 03:41:54 UTC 2010

/usr/bin/uname -p = Intel(R) Core(TM)2 Duo CPU P8400 @ 2.26GHz
/bin/uname -X     = unknown

/bin/arch              = unknown
/usr/bin/arch -k       = unknown
/usr/convex/getsysinfo = unknown
/usr/bin/hostinfo      = unknown
/bin/machine           = unknown
/usr/bin/oslevel       = unknown
/bin/universe          = unknown

PATH: /usr/local/sbin
PATH: /usr/local/bin
PATH: /usr/sbin
PATH: /usr/bin
PATH: /sbin
PATH: /bin
PATH: /opt/bin
PATH: /usr/x86_64-pc-linux-gnu/gcc-bin/4.3.4
PATH: /opt/vmware/server/bin
PATH: /opt/vmware/server/console/bin


## ----------- ##
## Core tests. ##
## ----------- ##

configure:1807: checking for a BSD-compatible install
configure:1875: result: /usr/bin/install -c
configure:1886: checking whether build environment is sane
configure:1929: result: yes
configure:1954: checking for a thread-safe mkdir -p
configure:1993: result: /bin/mkdir -p
configure:2006: checking for gawk
configure:2022: found /usr/bin/gawk
configure:2033: result: gawk
configure:2044: checking whether make sets $(MAKE)
configure:2066: result: yes
configure:2251: checking whether make sets $(MAKE)
configure:2273: result: yes
configure:2296: checking for a BSD-compatible install
configure:2364: result: /usr/bin/install -c
configure:2382: checking for emacs
configure:2398: found /usr/bin/emacs
configure:2409: result: emacs
configure:2433: checking where .elc files should go
configure:2446: $EMACS -batch -q -eval '(while load-path (princ (concat (car load-path) "\n")) (setq load-path (cdr load-path)))' </dev/null >conftest.out
configure:2449: $? = 0
configure:2462: result: ${datarootdir}/emacs/site-lisp
configure:2477: checking for dvips
configure:2493: found /usr/bin/dvips
configure:2504: result: dvips
configure:2520: checking for latex
configure:2536: found /usr/bin/latex
configure:2547: result: latex
configure:2561: checking for makeinfo
configure:2579: found /usr/bin/makeinfo
configure:2592: result: /usr/bin/makeinfo
configure:2605: checking for pdflatex
configure:2621: found /usr/bin/pdflatex
configure:2632: result: pdflatex
configure:2674: checking for emacs version
configure:2681: result: 22.3.1
configure:2685: checking whether info-look.el is needed
configure:2706: result: not needed with emacs 22.3.1
configure:2853: creating ./config.status

## ---------------------- ##
## Running config.status. ##
## ---------------------- ##

This file was extended by config.status, which was
generated by GNU Autoconf 2.63.  Invocation command line was

  CONFIG_FILES    = 
  CONFIG_HEADERS  = 
  CONFIG_LINKS    = 
  CONFIG_COMMANDS = 
  $ ./config.status 

on epimetheus

config.status:669: creating Makefile

## ---------------- ##
## Cache variables. ##
## ---------------- ##

ac_cv_env_EMACSLOADPATH_set=
ac_cv_env_EMACSLOADPATH_value=
ac_cv_env_EMACS_set=
ac_cv_env_EMACS_value=
ac_cv_env_build_alias_set=
ac_cv_env_build_alias_value=
ac_cv_env_host_alias_set=
ac_cv_env_host_alias_value=
ac_cv_env_target_alias_set=
ac_cv_env_target_alias_value=
ac_cv_path_MAKEINFO=/usr/bin/makeinfo
ac_cv_path_install='/usr/bin/install -c'
ac_cv_path_mkdir=/bin/mkdir
ac_cv_prog_AWK=gawk
ac_cv_prog_DVIPS=dvips
ac_cv_prog_EMACS=emacs
ac_cv_prog_LATEX=latex
ac_cv_prog_PDFLATEX=pdflatex
ac_cv_prog_make_make_set=yes
am_cv_lispdir='${datarootdir}/emacs/site-lisp'

## ----------------- ##
## Output variables. ##
## ----------------- ##

ACLOCAL='${SHELL} /web/service-phgt-0/lib/sci_visualization/downloads/gnuplot-4.2.6/missing --run aclocal-1.10'
AMTAR='${SHELL} /web/service-phgt-0/lib/sci_visualization/downloads/gnuplot-4.2.6/missing --run tar'
AUTOCONF='${SHELL} /web/service-phgt-0/lib/sci_visualization/downloads/gnuplot-4.2.6/missing --run autoconf'
AUTOHEADER='${SHELL} /web/service-phgt-0/lib/sci_visualization/downloads/gnuplot-4.2.6/missing --run autoheader'
AUTOMAKE='${SHELL} /web/service-phgt-0/lib/sci_visualization/downloads/gnuplot-4.2.6/missing --run automake-1.10'
AWK='gawk'
CYGPATH_W='echo'
DEFS='-DPACKAGE_NAME=\"\" -DPACKAGE_TARNAME=\"\" -DPACKAGE_VERSION=\"\" -DPACKAGE_STRING=\"\" -DPACKAGE_BUGREPORT=\"\" -DPACKAGE=\"gnuplot-mode\" -DVERSION=\"0.6.0\"'
DVIPS='dvips'
ECHO_C=''
ECHO_N='-n'
ECHO_T=''
EMACS='emacs'
EMACSLOADPATH=''
INFO_LOOK_ELC=''
INSTALL_DATA='${INSTALL} -m 644'
INSTALL_LISP='install-lisp'
INSTALL_PROGRAM='${INSTALL}'
INSTALL_SCRIPT='${INSTALL}'
INSTALL_STRIP_PROGRAM='$(install_sh) -c -s'
LATEX='latex'
LIBOBJS=''
LIBS=''
LISPFILES='elcs'
LTLIBOBJS=''
MAKEINFO='/usr/bin/makeinfo'
MKDIR_P='/bin/mkdir -p'
PACKAGE='gnuplot-mode'
PACKAGE_BUGREPORT=''
PACKAGE_NAME=''
PACKAGE_STRING=''
PACKAGE_TARNAME=''
PACKAGE_VERSION=''
PATH_SEPARATOR=':'
PDFLATEX='pdflatex'
SET_MAKE=''
SHELL='/bin/sh'
STRIP=''
VERSION='0.6.0'
am__isrc=''
am__leading_dot='.'
am__tar='${AMTAR} chof - "$$tardir"'
am__untar='${AMTAR} xf -'
bindir='${exec_prefix}/bin'
build_alias=''
datadir='${datarootdir}'
datarootdir='${prefix}/share'
docdir='${datarootdir}/doc/${PACKAGE}'
dvidir='${docdir}'
exec_prefix='${prefix}'
host_alias=''
htmldir='${docdir}'
includedir='${prefix}/include'
infodir='${datarootdir}/info'
install_sh='$(SHELL) /web/service-phgt-0/lib/sci_visualization/downloads/gnuplot-4.2.6/install-sh'
libdir='${exec_prefix}/lib'
libexecdir='${exec_prefix}/libexec'
lispdir='${datarootdir}/emacs/site-lisp'
localedir='${datarootdir}/locale'
localstatedir='${prefix}/var'
mandir='${datarootdir}/man'
mkdir_p='/bin/mkdir -p'
oldincludedir='/usr/include'
pdfdir='${docdir}'
prefix='/usr/local'
program_transform_name='s,x,x,'
psdir='${docdir}'
sbindir='${exec_prefix}/sbin'
sharedstatedir='${prefix}/com'
sysconfdir='${prefix}/etc'
target_alias=''

## ----------- ##
## confdefs.h. ##
## ----------- ##

#define PACKAGE_NAME ""
#define PACKAGE_TARNAME ""
#define PACKAGE_VERSION ""
#define PACKAGE_STRING ""
#define PACKAGE_BUGREPORT ""
#define PACKAGE "gnuplot-mode"
#define VERSION "0.6.0"

configure: exit 0
