This file contains any messages produced by compilers while
running configure, to aid debugging if configure makes a mistake.

It was created by configure, which was
generated by GNU Autoconf 2.59.  Invocation command line was

  $ ./configure --with-tcl=/usr/lib/ --no-create --no-recursion

## --------- ##
## Platform. ##
## --------- ##

hostname = localhost
uname -m = i686
uname -r = 2.6.17-gentoo-r4
uname -s = Linux
uname -v = #2 SMP Sat Aug 12 12:44:02 UTC 2006

/usr/bin/uname -p = Intel(R) Xeon(TM) CPU 3.00GHz
/bin/uname -X     = unknown

/bin/arch              = i686
/usr/bin/arch -k       = unknown
/usr/convex/getsysinfo = unknown
hostinfo               = unknown
/bin/machine           = unknown
/usr/bin/oslevel       = unknown
/bin/universe          = unknown

PATH: /usr/local/sbin
PATH: /usr/local/bin
PATH: /usr/sbin
PATH: /usr/bin
PATH: /sbin
PATH: /bin
PATH: /opt/bin
PATH: /usr/i386-pc-linux-gnu/gcc-bin/3.4.4


## ----------- ##
## Core tests. ##
## ----------- ##

configure:1369: checking for gcc
configure:1395: result: cc
configure:1639: checking for C compiler version
configure:1642: cc --version </dev/null >&5
gcc (GCC) 3.4.4 (Gentoo 3.4.4-r1, ssp-3.4.4-1.0, pie-8.7.8)
Copyright (C) 2004 Free Software Foundation, Inc.
This is free software; see the source for copying conditions.  There is NO
warranty; not even for MERCHANTABILITY or FITNESS FOR A PARTICULAR PURPOSE.

configure:1645: $? = 0
configure:1647: cc -v </dev/null >&5
Reading specs from /usr/lib/gcc/i386-pc-linux-gnu/3.4.4/specs
Configured with: /var/tmp/portage/gcc-3.4.4-r1/work/gcc-3.4.4/configure --prefix=/usr --bindir=/usr/i386-pc-linux-gnu/gcc-bin/3.4.4 --includedir=/usr/lib/gcc/i386-pc-linux-gnu/3.4.4/include --datadir=/usr/share/gcc-data/i386-pc-linux-gnu/3.4.4 --mandir=/usr/share/gcc-data/i386-pc-linux-gnu/3.4.4/man --infodir=/usr/share/gcc-data/i386-pc-linux-gnu/3.4.4/info --with-gxx-include-dir=/usr/lib/gcc/i386-pc-linux-gnu/3.4.4/include/g++-v3 --host=i386-pc-linux-gnu --build=i386-pc-linux-gnu --disable-altivec --enable-nls --without-included-gettext --with-system-zlib --disable-checking --disable-werror --disable-libunwind-exceptions --disable-multilib --disable-libgcj --enable-languages=c,c++,f77 --enable-shared --enable-threads=posix --enable-__cxa_atexit --enable-clocale=gnu
Thread model: posix
gcc version 3.4.4 (Gentoo 3.4.4-r1, ssp-3.4.4-1.0, pie-8.7.8)
configure:1650: $? = 0
configure:1652: cc -V </dev/null >&5
gcc: `-V' option must have argument
configure:1655: $? = 1
configure:1678: checking for C compiler default output file name
configure:1681: cc    conftest.c  >&5
configure:1684: $? = 0
configure:1730: result: a.out
configure:1735: checking whether the C compiler works
configure:1741: ./a.out
configure:1744: $? = 0
configure:1761: result: yes
configure:1768: checking whether we are cross compiling
configure:1770: result: no
configure:1773: checking for suffix of executables
configure:1775: cc -o conftest    conftest.c  >&5
configure:1778: $? = 0
configure:1803: result: 
configure:1809: checking for suffix of object files
configure:1830: cc -c   conftest.c >&5
configure:1833: $? = 0
configure:1855: result: o
configure:1859: checking whether we are using the GNU C compiler
configure:1883: cc -c   conftest.c >&5
configure:1889: $? = 0
configure:1893: test -z 
			 || test ! -s conftest.err
configure:1896: $? = 0
configure:1899: test -s conftest.o
configure:1902: $? = 0
configure:1915: result: yes
configure:1921: checking whether cc accepts -g
configure:1942: cc -c -g  conftest.c >&5
configure:1948: $? = 0
configure:1952: test -z 
			 || test ! -s conftest.err
configure:1955: $? = 0
configure:1958: test -s conftest.o
configure:1961: $? = 0
configure:1972: result: yes
configure:1989: checking for cc option to accept ANSI C
configure:2059: cc  -c -g -O2  conftest.c >&5
configure:2065: $? = 0
configure:2069: test -z 
			 || test ! -s conftest.err
configure:2072: $? = 0
configure:2075: test -s conftest.o
configure:2078: $? = 0
configure:2096: result: none needed
configure:2114: cc -c -g -O2  conftest.c >&5
conftest.c:2: error: parse error before "me"
configure:2120: $? = 1
configure: failed program was:
| #ifndef __cplusplus
|   choke me
| #endif
configure:2292: checking for a BSD-compatible install
configure:2347: result: /usr/bin/install -c
configure:2363: checking whether make sets $(MAKE)
configure:2383: result: yes
configure:2438: checking for ranlib
configure:2454: found /usr/bin/ranlib
configure:2465: result: ranlib
configure:2488: checking build system type
configure:2506: result: i686-pc-linux-gnu
configure:2514: checking host system type
configure:2528: result: i686-pc-linux-gnu
configure:2583: checking for Tcl public headers
configure:2635: result: /usr/include
configure:2669: checking for Tcl configuration
configure:2737: result: found /usr/lib/tclConfig.sh
configure:2743: checking for existence of /usr/lib/tclConfig.sh
configure:2747: result: loading
configure:2817: checking for building with threads
configure:2920: result: no (default)
configure:2932: checking how to build libraries
configure:2950: result: shared
configure:3000: checking for build with symbols
configure:3021: result: no
configure:3131: checking for tclsh8.2
configure:3165: result: no
configure:3131: checking for tclsh82
configure:3165: result: no
configure:3131: checking for tclsh
configure:3150: found /usr/bin/tclsh
configure:3162: result: /usr/bin/tclsh
configure:3312: creating ./config.status

## ---------------- ##
## Cache variables. ##
## ---------------- ##

ac_cv_build=i686-pc-linux-gnu
ac_cv_build_alias=i686-pc-linux-gnu
ac_cv_c_compiler_gnu=yes
ac_cv_c_tclconfig=/usr/lib
ac_cv_c_tclh=/usr/include
ac_cv_env_CC_set=
ac_cv_env_CC_value=
ac_cv_env_CFLAGS_set=
ac_cv_env_CFLAGS_value=
ac_cv_env_CPPFLAGS_set=
ac_cv_env_CPPFLAGS_value=
ac_cv_env_LDFLAGS_set=
ac_cv_env_LDFLAGS_value=
ac_cv_env_build_alias_set=
ac_cv_env_build_alias_value=
ac_cv_env_host_alias_set=
ac_cv_env_host_alias_value=
ac_cv_env_target_alias_set=
ac_cv_env_target_alias_value=
ac_cv_exeext=
ac_cv_host=i686-pc-linux-gnu
ac_cv_host_alias=i686-pc-linux-gnu
ac_cv_objext=o
ac_cv_path_TCLSH_PROG=/usr/bin/tclsh
ac_cv_path_install='/usr/bin/install -c'
ac_cv_prog_ac_ct_CC=cc
ac_cv_prog_ac_ct_RANLIB=ranlib
ac_cv_prog_cc_g=yes
ac_cv_prog_cc_stdc=
ac_cv_prog_make_make_set=yes

## ----------------- ##
## Output variables. ##
## ----------------- ##

CC='cc'
CFLAGS='${CFLAGS_DEFAULT} ${CFLAGS_WARNING} ${SHLIB_CFLAGS}'
CFLAGS_DEBUG='-g'
CFLAGS_DEFAULT='-O2'
CFLAGS_OPTIMIZE='-O2'
CLEANFILES=''
CPPFLAGS=''
CYGPATH='echo'
DEFS='-DPACKAGE_NAME=\"\" -DPACKAGE_TARNAME=\"\" -DPACKAGE_VERSION=\"\" -DPACKAGE_STRING=\"\" -DPACKAGE_BUGREPORT=\"\" -DVERSION=\"0.4\" -DUSE_TCL_STUBS=1 '
ECHO_C=''
ECHO_N='-n'
ECHO_T=''
EXEEXT=''
INSTALL_DATA='${INSTALL} -m 644'
INSTALL_PROGRAM='${INSTALL}'
INSTALL_SCRIPT='${INSTALL}'
LDFLAGS=''
LDFLAGS_DEFAULT=''
LIBOBJS=''
LIBS=''
LTLIBOBJS=''
MAKE_LIB='${SHLIB_LD} -o $@ $($@_OBJECTS) ${SHLIB_LDFLAGS} ${SHLIB_LD_LIBS}'
MAKE_SHARED_LIB='${SHLIB_LD} -o $@ $($@_OBJECTS) ${SHLIB_LDFLAGS} ${SHLIB_LD_LIBS}'
MAKE_STATIC_LIB='${STLIB_LD} $@ $($@_OBJECTS)'
OBJEXT='o'
PACKAGE='ttext'
PACKAGE_BUGREPORT=''
PACKAGE_NAME=''
PACKAGE_STRING=''
PACKAGE_TARNAME=''
PACKAGE_VERSION=''
PATH_SEPARATOR=':'
RANLIB=':'
SET_MAKE=''
SHELL='/bin/sh'
SHLIB_CFLAGS='-fPIC'
SHLIB_LD='i386-pc-linux-gnu-gcc -pipe -shared'
SHLIB_LDFLAGS=''
SHLIB_LD_LIBS='-L/usr/lib -ltclstub8.4${TCL_DBGX}'
STLIB_LD='${AR} cr'
TCLSH_PROG='/usr/bin/tclsh'
TCL_BIN_DIR='/usr/lib'
TCL_BUILD_LIB_SPEC='-L/usr/lib -ltcl8.4${TCL_DBGX}'
TCL_BUILD_STUB_LIB_SPEC='-L/usr/lib -ltclstub8.4${TCL_DBGX}'
TCL_DBGX=''
TCL_DEFS=' -DHAVE_LIMITS_H=1 -DHAVE_UNISTD_H=1 -DHAVE_SYS_PARAM_H=1 -DUSE_THREAD_ALLOC=1 -D_REENTRANT=1 -D_THREAD_SAFE=1 -DHAVE_PTHREAD_ATTR_SETSTACKSIZE=1 -DHAVE_PTHREAD_ATFORK=1 -DTCL_THREADS=1 -DPEEK_XCLOSEIM=1 -D_LARGEFILE64_SOURCE=1 -DTCL_WIDE_INT_TYPE=long\ long -DHAVE_STRUCT_STAT64=1 -DHAVE_OPEN64=1 -DHAVE_LSEEK64=1 -DHAVE_TYPE_OFF64_T=1 -DHAVE_GETCWD=1 -DHAVE_OPENDIR=1 -DHAVE_STRSTR=1 -DHAVE_STRTOL=1 -DHAVE_STRTOLL=1 -DHAVE_STRTOULL=1 -DHAVE_TMPNAM=1 -DHAVE_WAITPID=1 -DHAVE_GETPWUID_R_5=1 -DHAVE_GETPWUID_R=1 -DHAVE_GETPWNAM_R_5=1 -DHAVE_GETPWNAM_R=1 -DHAVE_GETGRGID_R_5=1 -DHAVE_GETGRGID_R=1 -DHAVE_GETGRNAM_R_5=1 -DHAVE_GETGRNAM_R=1 -DHAVE_GETHOSTBYNAME_R_6=1 -DHAVE_GETHOSTBYNAME_R=1 -DHAVE_GETHOSTBYADDR_R_8=1 -DHAVE_GETHOSTBYADDR_R=1 -DUSE_TERMIOS=1 -DHAVE_SYS_TIME_H=1 -DTIME_WITH_SYS_TIME=1 -DHAVE_TM_ZONE=1 -DHAVE_GMTIME_R=1 -DHAVE_LOCALTIME_R=1 -DHAVE_TM_GMTOFF=1 -DHAVE_TIMEZONE_VAR=1 -DHAVE_ST_BLKSIZE=1 -DSTDC_HEADERS=1 -DHAVE_SIGNED_CHAR=1 -DHAVE_LANGINFO=1 -DHAVE_SYS_IOCTL_H=1 '
TCL_EXTRA_CFLAGS='-O2 -mtune=i686 -pipe'
TCL_INCLUDES='-I"/usr/include"'
TCL_LD_FLAGS=' -Wl,--export-dynamic'
TCL_LIBS='-ldl  -lpthread -lieee -lm'
TCL_LIB_FILE='libtcl8.4.so'
TCL_LIB_SPEC='-L/usr/lib -ltcl8.4${TCL_DBGX}'
TCL_SHLIB_LD_LIBS='${LIBS}'
TCL_SRC_DIR='/usr/lib/tcl8.4/include'
TCL_STUB_LIB_FILE='libtclstub8.4${TCL_DBGX}.a'
TCL_STUB_LIB_SPEC='-L/usr/lib -ltclstub8.4${TCL_DBGX}'
VERSION='0.4'
ac_ct_CC='cc'
ac_ct_RANLIB='ranlib'
bindir='${exec_prefix}/bin'
build='i686-pc-linux-gnu'
build_alias=''
build_cpu='i686'
build_os='linux-gnu'
build_vendor='pc'
datadir='${prefix}/share'
exec_prefix='${prefix}'
host='i686-pc-linux-gnu'
host_alias=''
host_cpu='i686'
host_os='linux-gnu'
host_vendor='pc'
includedir='${prefix}/include'
infodir='${prefix}/info'
libdir='${exec_prefix}/lib'
libexecdir='${exec_prefix}/libexec'
localstatedir='${prefix}/var'
mandir='${prefix}/man'
oldincludedir='/usr/include'
prefix='/usr/local'
program_transform_name='s,x,x,'
sbindir='${exec_prefix}/sbin'
sharedstatedir='${prefix}/com'
sysconfdir='${prefix}/etc'
target_alias=''
ttext_LIB_FILE='libttext0.4.so'

## ----------- ##
## confdefs.h. ##
## ----------- ##

#define PACKAGE_BUGREPORT ""
#define PACKAGE_NAME ""
#define PACKAGE_STRING ""
#define PACKAGE_TARNAME ""
#define PACKAGE_VERSION ""
#define USE_TCL_STUBS 1
#define VERSION "0.4"

configure: exit 0

## ---------------------- ##
## Running config.status. ##
## ---------------------- ##

This file was extended by config.status, which was
generated by GNU Autoconf 2.59.  Invocation command line was

  CONFIG_FILES    = Makefile
  CONFIG_HEADERS  = 
  CONFIG_LINKS    = 
  CONFIG_COMMANDS = 
  $ ./config.status 

on localhost

config.status:684: creating Makefile
