This file contains any messages produced by compilers while
running configure, to aid debugging if configure makes a mistake.

It was created by libexttextcat configure 3.2.0, which was
generated by GNU Autoconf 2.68.  Invocation command line was

  $ ./configure --prefix=/opt/naviserver/

## --------- ##
## Platform. ##
## --------- ##

hostname = epimetheus
uname -m = x86_64
uname -r = 2.6.37-gentoo-r4
uname -s = Linux
uname -v = #3 SMP Wed Jun 8 07:36:06 UTC 2011

/usr/bin/uname -p = Intel(R) Core(TM)2 Duo CPU P8400 @ 2.26GHz
/bin/uname -X     = unknown

/bin/arch              = unknown
/usr/bin/arch -k       = unknown
/usr/convex/getsysinfo = unknown
/usr/bin/hostinfo      = unknown
/bin/machine           = unknown
/usr/bin/oslevel       = unknown
/bin/universe          = unknown

PATH: /opt/apache-ant-1.7.0/bin
PATH: /opt/jdk1.7.0//bin
PATH: /opt/jdk1.7.0//jre/bin/
PATH: /opt/naviserver/bin/
PATH: /opt/postgresql/bin
PATH: /usr/local/sbin
PATH: /usr/local/bin
PATH: /usr/sbin
PATH: /usr/bin
PATH: /sbin
PATH: /bin
PATH: /opt/javacc-4.1


## ----------- ##
## Core tests. ##
## ----------- ##

configure:2287: checking for a BSD-compatible install
configure:2355: result: /usr/bin/install -c
configure:2366: checking whether build environment is sane
configure:2416: result: yes
configure:2557: checking for a thread-safe mkdir -p
configure:2596: result: /bin/mkdir -p
configure:2609: checking for gawk
configure:2625: found /usr/bin/gawk
configure:2636: result: gawk
configure:2647: checking whether make sets $(MAKE)
configure:2669: result: yes
configure:2812: checking for gcc
configure:2828: found /usr/bin/gcc
configure:2839: result: gcc
configure:3068: checking for C compiler version
configure:3077: gcc --version >&5
gcc (Gentoo 4.4.5 p1.2, pie-0.4.5) 4.4.5
Copyright (C) 2010 Free Software Foundation, Inc.
This is free software; see the source for copying conditions.  There is NO
warranty; not even for MERCHANTABILITY or FITNESS FOR A PARTICULAR PURPOSE.

configure:3088: $? = 0
configure:3077: gcc -v >&5
Using built-in specs.
Target: x86_64-pc-linux-gnu
Configured with: /var/tmp/portage/sys-devel/gcc-4.4.5/work/gcc-4.4.5/configure --prefix=/usr --bindir=/usr/x86_64-pc-linux-gnu/gcc-bin/4.4.5 --includedir=/usr/lib/gcc/x86_64-pc-linux-gnu/4.4.5/include --datadir=/usr/share/gcc-data/x86_64-pc-linux-gnu/4.4.5 --mandir=/usr/share/gcc-data/x86_64-pc-linux-gnu/4.4.5/man --infodir=/usr/share/gcc-data/x86_64-pc-linux-gnu/4.4.5/info --with-gxx-include-dir=/usr/lib/gcc/x86_64-pc-linux-gnu/4.4.5/include/g++-v4 --host=x86_64-pc-linux-gnu --build=x86_64-pc-linux-gnu --disable-altivec --disable-fixed-point --without-ppl --without-cloog --enable-nls --without-included-gettext --with-system-zlib --disable-werror --enable-secureplt --enable-multilib --enable-libmudflap --disable-libssp --enable-libgomp --with-python-dir=/share/gcc-data/x86_64-pc-linux-gnu/4.4.5/python --enable-checking=release --disable-libgcj --enable-languages=c,c++,fortran --enable-shared --enable-threads=posix --enable-__cxa_atexit --enable-clocale=gnu --with-bugurl=http://bugs.gentoo.org/ --with-pkgversion='Gentoo 4.4.5 p1.2, pie-0.4.5'
Thread model: posix
gcc version 4.4.5 (Gentoo 4.4.5 p1.2, pie-0.4.5) 
configure:3088: $? = 0
configure:3077: gcc -V >&5
gcc: '-V' option must have argument
configure:3088: $? = 1
configure:3077: gcc -qversion >&5
gcc: unrecognized option '-qversion'
gcc: no input files
configure:3088: $? = 1
configure:3108: checking whether the C compiler works
configure:3130: gcc -march=nocona -O2 -pipe   conftest.c  >&5
configure:3134: $? = 0
configure:3182: result: yes
configure:3185: checking for C compiler default output file name
configure:3187: result: a.out
configure:3193: checking for suffix of executables
configure:3200: gcc -o conftest -march=nocona -O2 -pipe   conftest.c  >&5
configure:3204: $? = 0
configure:3226: result: 
configure:3248: checking whether we are cross compiling
configure:3256: gcc -o conftest -march=nocona -O2 -pipe   conftest.c  >&5
configure:3260: $? = 0
configure:3267: ./conftest
configure:3271: $? = 0
configure:3286: result: no
configure:3291: checking for suffix of object files
configure:3313: gcc -c -march=nocona -O2 -pipe  conftest.c >&5
configure:3317: $? = 0
configure:3338: result: o
configure:3342: checking whether we are using the GNU C compiler
configure:3361: gcc -c -march=nocona -O2 -pipe  conftest.c >&5
configure:3361: $? = 0
configure:3370: result: yes
configure:3379: checking whether gcc accepts -g
configure:3399: gcc -c -g  conftest.c >&5
configure:3399: $? = 0
configure:3440: result: yes
configure:3457: checking for gcc option to accept ISO C89
configure:3521: gcc  -c -march=nocona -O2 -pipe  conftest.c >&5
configure:3521: $? = 0
configure:3534: result: none needed
configure:3565: checking for style of include used by make
configure:3593: result: GNU
configure:3618: checking dependency style of gcc
configure:3728: result: gcc3
configure:3748: checking how to run the C preprocessor
configure:3779: gcc -E  conftest.c
configure:3779: $? = 0
configure:3793: gcc -E  conftest.c
conftest.c:11:28: error: ac_nonexistent.h: No such file or directory
configure:3793: $? = 1
configure: failed program was:
| /* confdefs.h */
| #define PACKAGE_NAME "libexttextcat"
| #define PACKAGE_TARNAME "libexttextcat"
| #define PACKAGE_VERSION "3.2.0"
| #define PACKAGE_STRING "libexttextcat 3.2.0"
| #define PACKAGE_BUGREPORT ""
| #define PACKAGE_URL ""
| #define PACKAGE "libexttextcat"
| #define VERSION "3.2.0"
| /* end confdefs.h.  */
| #include <ac_nonexistent.h>
configure:3818: result: gcc -E
configure:3838: gcc -E  conftest.c
configure:3838: $? = 0
configure:3852: gcc -E  conftest.c
conftest.c:11:28: error: ac_nonexistent.h: No such file or directory
configure:3852: $? = 1
configure: failed program was:
| /* confdefs.h */
| #define PACKAGE_NAME "libexttextcat"
| #define PACKAGE_TARNAME "libexttextcat"
| #define PACKAGE_VERSION "3.2.0"
| #define PACKAGE_STRING "libexttextcat 3.2.0"
| #define PACKAGE_BUGREPORT ""
| #define PACKAGE_URL ""
| #define PACKAGE "libexttextcat"
| #define VERSION "3.2.0"
| /* end confdefs.h.  */
| #include <ac_nonexistent.h>
configure:3881: checking whether ln -s works
configure:3885: result: yes
configure:3921: checking build system type
configure:3935: result: x86_64-unknown-linux-gnu
configure:3955: checking host system type
configure:3968: result: x86_64-unknown-linux-gnu
configure:4009: checking how to print strings
configure:4036: result: printf
configure:4057: checking for a sed that does not truncate output
configure:4121: result: /bin/sed
configure:4139: checking for grep that handles long lines and -e
configure:4197: result: /bin/grep
configure:4202: checking for egrep
configure:4264: result: /bin/grep -E
configure:4269: checking for fgrep
configure:4331: result: /bin/grep -F
configure:4366: checking for ld used by gcc
configure:4433: result: /usr/x86_64-pc-linux-gnu/bin/ld
configure:4440: checking if the linker (/usr/x86_64-pc-linux-gnu/bin/ld) is GNU ld
configure:4455: result: yes
configure:4467: checking for BSD- or MS-compatible name lister (nm)
configure:4516: result: /usr/bin/nm -B
configure:4646: checking the name lister (/usr/bin/nm -B) interface
configure:4653: gcc -c -march=nocona -O2 -pipe  conftest.c >&5
configure:4656: /usr/bin/nm -B "conftest.o"
configure:4659: output
0000000000000000 B some_variable
configure:4666: result: BSD nm
configure:4670: checking the maximum length of command line arguments
configure:4795: result: 1572864
configure:4812: checking whether the shell understands some XSI constructs
configure:4822: result: yes
configure:4826: checking whether the shell understands "+="
configure:4832: result: yes
configure:4867: checking how to convert x86_64-unknown-linux-gnu file names to x86_64-unknown-linux-gnu format
configure:4907: result: func_convert_file_noop
configure:4914: checking how to convert x86_64-unknown-linux-gnu file names to toolchain format
configure:4934: result: func_convert_file_noop
configure:4941: checking for /usr/x86_64-pc-linux-gnu/bin/ld option to reload object files
configure:4948: result: -r
configure:5022: checking for objdump
configure:5038: found /usr/bin/objdump
configure:5049: result: objdump
configure:5081: checking how to recognize dependent libraries
configure:5283: result: pass_all
configure:5368: checking for dlltool
configure:5398: result: no
configure:5428: checking how to associate runtime and link libraries
configure:5455: result: printf %s\n
configure:5516: checking for ar
configure:5532: found /usr/bin/ar
configure:5543: result: ar
configure:5580: checking for archiver @FILE support
configure:5597: gcc -c -march=nocona -O2 -pipe  conftest.c >&5
configure:5597: $? = 0
configure:5600: ar cru libconftest.a @conftest.lst >&5
configure:5603: $? = 0
configure:5608: ar cru libconftest.a @conftest.lst >&5
ar: conftest.o: No such file or directory
configure:5611: $? = 1
configure:5623: result: @
configure:5681: checking for strip
configure:5697: found /usr/bin/strip
configure:5708: result: strip
configure:5780: checking for ranlib
configure:5796: found /usr/bin/ranlib
configure:5807: result: ranlib
configure:5909: checking command to parse /usr/bin/nm -B output from gcc object
configure:6028: gcc -c -march=nocona -O2 -pipe  conftest.c >&5
configure:6031: $? = 0
configure:6035: /usr/bin/nm -B conftest.o \| sed -n -e 's/^.*[ ]\([ABCDGIRSTW][ABCDGIRSTW]*\)[ ][ ]*\([_A-Za-z][_A-Za-z0-9]*\)$/\1 \2 \2/p' | sed '/ __gnu_lto/d' \> conftest.nm
configure:6038: $? = 0
configure:6104: gcc -o conftest -march=nocona -O2 -pipe   conftest.c conftstm.o >&5
configure:6107: $? = 0
configure:6145: result: ok
configure:6182: checking for sysroot
configure:6212: result: no
configure:6289: gcc -c -march=nocona -O2 -pipe  conftest.c >&5
configure:6292: $? = 0
configure:6455: checking for mt
configure:6485: result: no
configure:6505: checking if : is a manifest tool
configure:6511: : '-?'
configure:6519: result: no
configure:7147: checking for ANSI C header files
configure:7167: gcc -c -march=nocona -O2 -pipe  conftest.c >&5
configure:7167: $? = 0
configure:7240: gcc -o conftest -march=nocona -O2 -pipe   conftest.c  >&5
configure:7240: $? = 0
configure:7240: ./conftest
configure:7240: $? = 0
configure:7251: result: yes
configure:7264: checking for sys/types.h
configure:7264: gcc -c -march=nocona -O2 -pipe  conftest.c >&5
configure:7264: $? = 0
configure:7264: result: yes
configure:7264: checking for sys/stat.h
configure:7264: gcc -c -march=nocona -O2 -pipe  conftest.c >&5
configure:7264: $? = 0
configure:7264: result: yes
configure:7264: checking for stdlib.h
configure:7264: gcc -c -march=nocona -O2 -pipe  conftest.c >&5
configure:7264: $? = 0
configure:7264: result: yes
configure:7264: checking for string.h
configure:7264: gcc -c -march=nocona -O2 -pipe  conftest.c >&5
configure:7264: $? = 0
configure:7264: result: yes
configure:7264: checking for memory.h
configure:7264: gcc -c -march=nocona -O2 -pipe  conftest.c >&5
configure:7264: $? = 0
configure:7264: result: yes
configure:7264: checking for strings.h
configure:7264: gcc -c -march=nocona -O2 -pipe  conftest.c >&5
configure:7264: $? = 0
configure:7264: result: yes
configure:7264: checking for inttypes.h
configure:7264: gcc -c -march=nocona -O2 -pipe  conftest.c >&5
configure:7264: $? = 0
configure:7264: result: yes
configure:7264: checking for stdint.h
configure:7264: gcc -c -march=nocona -O2 -pipe  conftest.c >&5
configure:7264: $? = 0
configure:7264: result: yes
configure:7264: checking for unistd.h
configure:7264: gcc -c -march=nocona -O2 -pipe  conftest.c >&5
configure:7264: $? = 0
configure:7264: result: yes
configure:7278: checking for dlfcn.h
configure:7278: gcc -c -march=nocona -O2 -pipe  conftest.c >&5
configure:7278: $? = 0
configure:7278: result: yes
configure:7465: checking for objdir
configure:7480: result: .libs
configure:7751: checking if gcc supports -fno-rtti -fno-exceptions
configure:7769: gcc -c -march=nocona -O2 -pipe  -fno-rtti -fno-exceptions conftest.c >&5
cc1: warning: command line option "-fno-rtti" is valid for C++/ObjC++ but not for C
configure:7773: $? = 0
configure:7786: result: no
configure:8096: checking for gcc option to produce PIC
configure:8103: result: -fPIC -DPIC
configure:8111: checking if gcc PIC flag -fPIC -DPIC works
configure:8129: gcc -c -march=nocona -O2 -pipe  -fPIC -DPIC -DPIC conftest.c >&5
configure:8133: $? = 0
configure:8146: result: yes
configure:8175: checking if gcc static flag -static works
configure:8203: result: yes
configure:8218: checking if gcc supports -c -o file.o
configure:8239: gcc -c -march=nocona -O2 -pipe  -o out/conftest2.o conftest.c >&5
configure:8243: $? = 0
configure:8265: result: yes
configure:8273: checking if gcc supports -c -o file.o
configure:8320: result: yes
configure:8353: checking whether the gcc linker (/usr/x86_64-pc-linux-gnu/bin/ld -m elf_x86_64) supports shared libraries
configure:9511: result: yes
configure:9548: checking whether -lc should be explicitly linked in
configure:9556: gcc -c -march=nocona -O2 -pipe  conftest.c >&5
configure:9559: $? = 0
configure:9574: gcc -shared  -fPIC -DPIC conftest.o  -v -Wl,-soname -Wl,conftest -o conftest 2\>\&1 \| /bin/grep  -lc  \>/dev/null 2\>\&1
configure:9577: $? = 0
configure:9591: result: no
configure:9756: checking dynamic linker characteristics
configure:10270: gcc -o conftest -march=nocona -O2 -pipe   -Wl,-rpath -Wl,/foo conftest.c  >&5
configure:10270: $? = 0
configure:10496: result: GNU/Linux ld.so
configure:10603: checking how to hardcode library paths into programs
configure:10628: result: immediate
configure:11168: checking whether stripping libraries is possible
configure:11173: result: yes
configure:11208: checking if libtool supports shared libraries
configure:11210: result: yes
configure:11213: checking whether to build shared libraries
configure:11234: result: yes
configure:11237: checking whether to build static libraries
configure:11241: result: yes
configure:11277: checking for ANSI C header files
configure:11381: result: yes
configure:11392: checking inttypes.h, usability
configure:11392: gcc -c -march=nocona -O2 -pipe  conftest.c >&5
conftest.c:57:23: error: inttypes.h,: No such file or directory
configure:11392: $? = 1
configure: failed program was:
| /* confdefs.h */
| #define PACKAGE_NAME "libexttextcat"
| #define PACKAGE_TARNAME "libexttextcat"
| #define PACKAGE_VERSION "3.2.0"
| #define PACKAGE_STRING "libexttextcat 3.2.0"
| #define PACKAGE_BUGREPORT ""
| #define PACKAGE_URL ""
| #define PACKAGE "libexttextcat"
| #define VERSION "3.2.0"
| #define STDC_HEADERS 1
| #define HAVE_SYS_TYPES_H 1
| #define HAVE_SYS_STAT_H 1
| #define HAVE_STDLIB_H 1
| #define HAVE_STRING_H 1
| #define HAVE_MEMORY_H 1
| #define HAVE_STRINGS_H 1
| #define HAVE_INTTYPES_H 1
| #define HAVE_STDINT_H 1
| #define HAVE_UNISTD_H 1
| #define HAVE_DLFCN_H 1
| #define LT_OBJDIR ".libs/"
| #define STDC_HEADERS 1
| /* end confdefs.h.  */
| #include <stdio.h>
| #ifdef HAVE_SYS_TYPES_H
| # include <sys/types.h>
| #endif
| #ifdef HAVE_SYS_STAT_H
| # include <sys/stat.h>
| #endif
| #ifdef STDC_HEADERS
| # include <stdlib.h>
| # include <stddef.h>
| #else
| # ifdef HAVE_STDLIB_H
| #  include <stdlib.h>
| # endif
| #endif
| #ifdef HAVE_STRING_H
| # if !defined STDC_HEADERS && defined HAVE_MEMORY_H
| #  include <memory.h>
| # endif
| # include <string.h>
| #endif
| #ifdef HAVE_STRINGS_H
| # include <strings.h>
| #endif
| #ifdef HAVE_INTTYPES_H
| # include <inttypes.h>
| #endif
| #ifdef HAVE_STDINT_H
| # include <stdint.h>
| #endif
| #ifdef HAVE_UNISTD_H
| # include <unistd.h>
| #endif
| #include <inttypes.h,>
configure:11392: result: no
configure:11392: checking inttypes.h, presence
configure:11392: gcc -E  conftest.c
conftest.c:24:23: error: inttypes.h,: No such file or directory
configure:11392: $? = 1
configure: failed program was:
| /* confdefs.h */
| #define PACKAGE_NAME "libexttextcat"
| #define PACKAGE_TARNAME "libexttextcat"
| #define PACKAGE_VERSION "3.2.0"
| #define PACKAGE_STRING "libexttextcat 3.2.0"
| #define PACKAGE_BUGREPORT ""
| #define PACKAGE_URL ""
| #define PACKAGE "libexttextcat"
| #define VERSION "3.2.0"
| #define STDC_HEADERS 1
| #define HAVE_SYS_TYPES_H 1
| #define HAVE_SYS_STAT_H 1
| #define HAVE_STDLIB_H 1
| #define HAVE_STRING_H 1
| #define HAVE_MEMORY_H 1
| #define HAVE_STRINGS_H 1
| #define HAVE_INTTYPES_H 1
| #define HAVE_STDINT_H 1
| #define HAVE_UNISTD_H 1
| #define HAVE_DLFCN_H 1
| #define LT_OBJDIR ".libs/"
| #define STDC_HEADERS 1
| /* end confdefs.h.  */
| #include <inttypes.h,>
configure:11392: result: no
configure:11392: checking for inttypes.h,
configure:11392: result: no
configure:11392: checking for stdint.h
configure:11392: result: yes
configure:11403: checking for an ANSI C-conforming const
configure:11468: gcc -c -march=nocona -O2 -pipe  conftest.c >&5
configure:11468: $? = 0
configure:11475: result: yes
configure:11483: checking for inline
configure:11499: gcc -c -march=nocona -O2 -pipe  conftest.c >&5
configure:11499: $? = 0
configure:11507: result: inline
configure:11525: checking for size_t
configure:11525: gcc -c -march=nocona -O2 -pipe  conftest.c >&5
configure:11525: $? = 0
configure:11525: gcc -c -march=nocona -O2 -pipe  conftest.c >&5
conftest.c: In function 'main':
conftest.c:61: error: expected expression before ')' token
configure:11525: $? = 1
configure: failed program was:
| /* confdefs.h */
| #define PACKAGE_NAME "libexttextcat"
| #define PACKAGE_TARNAME "libexttextcat"
| #define PACKAGE_VERSION "3.2.0"
| #define PACKAGE_STRING "libexttextcat 3.2.0"
| #define PACKAGE_BUGREPORT ""
| #define PACKAGE_URL ""
| #define PACKAGE "libexttextcat"
| #define VERSION "3.2.0"
| #define STDC_HEADERS 1
| #define HAVE_SYS_TYPES_H 1
| #define HAVE_SYS_STAT_H 1
| #define HAVE_STDLIB_H 1
| #define HAVE_STRING_H 1
| #define HAVE_MEMORY_H 1
| #define HAVE_STRINGS_H 1
| #define HAVE_INTTYPES_H 1
| #define HAVE_STDINT_H 1
| #define HAVE_UNISTD_H 1
| #define HAVE_DLFCN_H 1
| #define LT_OBJDIR ".libs/"
| #define STDC_HEADERS 1
| #define HAVE_STDINT_H 1
| /* end confdefs.h.  */
| #include <stdio.h>
| #ifdef HAVE_SYS_TYPES_H
| # include <sys/types.h>
| #endif
| #ifdef HAVE_SYS_STAT_H
| # include <sys/stat.h>
| #endif
| #ifdef STDC_HEADERS
| # include <stdlib.h>
| # include <stddef.h>
| #else
| # ifdef HAVE_STDLIB_H
| #  include <stdlib.h>
| # endif
| #endif
| #ifdef HAVE_STRING_H
| # if !defined STDC_HEADERS && defined HAVE_MEMORY_H
| #  include <memory.h>
| # endif
| # include <string.h>
| #endif
| #ifdef HAVE_STRINGS_H
| # include <strings.h>
| #endif
| #ifdef HAVE_INTTYPES_H
| # include <inttypes.h>
| #endif
| #ifdef HAVE_STDINT_H
| # include <stdint.h>
| #endif
| #ifdef HAVE_UNISTD_H
| # include <unistd.h>
| #endif
| int
| main ()
| {
| if (sizeof ((size_t)))
| 	    return 0;
|   ;
|   return 0;
| }
configure:11525: result: yes
configure:11536: checking whether time.h and sys/time.h may both be included
configure:11556: gcc -c -march=nocona -O2 -pipe  conftest.c >&5
configure:11556: $? = 0
configure:11563: result: yes
configure:11571: checking whether struct tm is in sys/time.h or time.h
configure:11591: gcc -c -march=nocona -O2 -pipe  conftest.c >&5
configure:11591: $? = 0
configure:11598: result: time.h
configure:11609: checking for vprintf
configure:11609: gcc -o conftest -march=nocona -O2 -pipe   conftest.c  >&5
conftest.c:49: warning: conflicting types for built-in function 'vprintf'
configure:11609: $? = 0
configure:11609: result: yes
configure:11615: checking for _doprnt
configure:11615: gcc -o conftest -march=nocona -O2 -pipe   conftest.c  >&5
/tmp/ccLvNIU1.o: In function `main':
conftest.c:(.text+0x7): undefined reference to `_doprnt'
collect2: ld returned 1 exit status
configure:11615: $? = 1
configure: failed program was:
| /* confdefs.h */
| #define PACKAGE_NAME "libexttextcat"
| #define PACKAGE_TARNAME "libexttextcat"
| #define PACKAGE_VERSION "3.2.0"
| #define PACKAGE_STRING "libexttextcat 3.2.0"
| #define PACKAGE_BUGREPORT ""
| #define PACKAGE_URL ""
| #define PACKAGE "libexttextcat"
| #define VERSION "3.2.0"
| #define STDC_HEADERS 1
| #define HAVE_SYS_TYPES_H 1
| #define HAVE_SYS_STAT_H 1
| #define HAVE_STDLIB_H 1
| #define HAVE_STRING_H 1
| #define HAVE_MEMORY_H 1
| #define HAVE_STRINGS_H 1
| #define HAVE_INTTYPES_H 1
| #define HAVE_STDINT_H 1
| #define HAVE_UNISTD_H 1
| #define HAVE_DLFCN_H 1
| #define LT_OBJDIR ".libs/"
| #define STDC_HEADERS 1
| #define HAVE_STDINT_H 1
| #define TIME_WITH_SYS_TIME 1
| #define HAVE_VPRINTF 1
| /* end confdefs.h.  */
| /* Define _doprnt to an innocuous variant, in case <limits.h> declares _doprnt.
|    For example, HP-UX 11i <limits.h> declares gettimeofday.  */
| #define _doprnt innocuous__doprnt
| 
| /* System header to define __stub macros and hopefully few prototypes,
|     which can conflict with char _doprnt (); below.
|     Prefer <limits.h> to <assert.h> if __STDC__ is defined, since
|     <limits.h> exists even on freestanding compilers.  */
| 
| #ifdef __STDC__
| # include <limits.h>
| #else
| # include <assert.h>
| #endif
| 
| #undef _doprnt
| 
| /* Override any GCC internal prototype to avoid an error.
|    Use char because int might match the return type of a GCC
|    builtin and then its argument prototype would still apply.  */
| #ifdef __cplusplus
| extern "C"
| #endif
| char _doprnt ();
| /* The GNU C library defines this for functions which it implements
|     to always fail with ENOSYS.  Some functions are actually named
|     something starting with __ and the normal name is an alias.  */
| #if defined __stub__doprnt || defined __stub____doprnt
| choke me
| #endif
| 
| int
| main ()
| {
| return _doprnt ();
|   ;
|   return 0;
| }
configure:11615: result: no
configure:11629: checking for gettimeofday
configure:11629: gcc -o conftest -march=nocona -O2 -pipe   conftest.c  >&5
configure:11629: $? = 0
configure:11629: result: yes
configure:11629: checking for strchr
configure:11629: gcc -o conftest -march=nocona -O2 -pipe   conftest.c  >&5
conftest.c:51: warning: conflicting types for built-in function 'strchr'
configure:11629: $? = 0
configure:11629: result: yes
configure:11629: checking for strpbrk
configure:11629: gcc -o conftest -march=nocona -O2 -pipe   conftest.c  >&5
conftest.c:52: warning: conflicting types for built-in function 'strpbrk'
configure:11629: $? = 0
configure:11629: result: yes
configure:11805: creating ./config.status

## ---------------------- ##
## Running config.status. ##
## ---------------------- ##

This file was extended by libexttextcat config.status 3.2.0, which was
generated by GNU Autoconf 2.68.  Invocation command line was

  CONFIG_FILES    = 
  CONFIG_HEADERS  = 
  CONFIG_LINKS    = 
  CONFIG_COMMANDS = 
  $ ./config.status 

on epimetheus

config.status:1108: creating libexttextcat.pc
config.status:1108: creating Makefile
config.status:1108: creating langclass/Makefile
config.status:1108: creating langclass/LM/Makefile
config.status:1108: creating langclass/ShortTexts/Makefile
config.status:1108: creating src/Makefile
config.status:1108: creating src/exttextcat-version.h
config.status:1108: creating src/test-primary.sh
config.status:1108: creating src/test-secondary.sh
config.status:1108: creating src/config.h
config.status:1289: src/config.h is unchanged
config.status:1337: executing depfiles commands
config.status:1337: executing libtool commands
configure:14061:
==============================================================================
Build configuration:
	werror:          yes
==============================================================================


## ---------------- ##
## Cache variables. ##
## ---------------- ##

ac_cv_build=x86_64-unknown-linux-gnu
ac_cv_c_compiler_gnu=yes
ac_cv_c_const=yes
ac_cv_c_inline=inline
ac_cv_env_CC_set=
ac_cv_env_CC_value=
ac_cv_env_CFLAGS_set=set
ac_cv_env_CFLAGS_value='-march=nocona -O2 -pipe'
ac_cv_env_CPPFLAGS_set=
ac_cv_env_CPPFLAGS_value=
ac_cv_env_CPP_set=
ac_cv_env_CPP_value=
ac_cv_env_LDFLAGS_set=
ac_cv_env_LDFLAGS_value=
ac_cv_env_LIBS_set=
ac_cv_env_LIBS_value=
ac_cv_env_build_alias_set=
ac_cv_env_build_alias_value=
ac_cv_env_host_alias_set=
ac_cv_env_host_alias_value=
ac_cv_env_target_alias_set=
ac_cv_env_target_alias_value=
ac_cv_func__doprnt=no
ac_cv_func_gettimeofday=yes
ac_cv_func_strchr=yes
ac_cv_func_strpbrk=yes
ac_cv_func_vprintf=yes
ac_cv_header_dlfcn_h=yes
ac_cv_header_inttypes_h=yes
ac_cv_header_inttypes_h_=no
ac_cv_header_memory_h=yes
ac_cv_header_stdc=yes
ac_cv_header_stdint_h=yes
ac_cv_header_stdlib_h=yes
ac_cv_header_string_h=yes
ac_cv_header_strings_h=yes
ac_cv_header_sys_stat_h=yes
ac_cv_header_sys_types_h=yes
ac_cv_header_time=yes
ac_cv_header_unistd_h=yes
ac_cv_host=x86_64-unknown-linux-gnu
ac_cv_objext=o
ac_cv_path_EGREP='/bin/grep -E'
ac_cv_path_FGREP='/bin/grep -F'
ac_cv_path_GREP=/bin/grep
ac_cv_path_SED=/bin/sed
ac_cv_path_install='/usr/bin/install -c'
ac_cv_path_mkdir=/bin/mkdir
ac_cv_prog_AWK=gawk
ac_cv_prog_CPP='gcc -E'
ac_cv_prog_ac_ct_AR=ar
ac_cv_prog_ac_ct_CC=gcc
ac_cv_prog_ac_ct_OBJDUMP=objdump
ac_cv_prog_ac_ct_RANLIB=ranlib
ac_cv_prog_ac_ct_STRIP=strip
ac_cv_prog_cc_c89=
ac_cv_prog_cc_g=yes
ac_cv_prog_make_make_set=yes
ac_cv_struct_tm=time.h
ac_cv_type_size_t=yes
am_cv_CC_dependencies_compiler_type=gcc3
lt_cv_ar_at_file=@
lt_cv_archive_cmds_need_lc=no
lt_cv_deplibs_check_method=pass_all
lt_cv_file_magic_cmd='$MAGIC_CMD'
lt_cv_file_magic_test_file=
lt_cv_ld_reload_flag=-r
lt_cv_nm_interface='BSD nm'
lt_cv_objdir=.libs
lt_cv_path_LD=/usr/x86_64-pc-linux-gnu/bin/ld
lt_cv_path_NM='/usr/bin/nm -B'
lt_cv_path_mainfest_tool=no
lt_cv_prog_compiler_c_o=yes
lt_cv_prog_compiler_pic='-fPIC -DPIC'
lt_cv_prog_compiler_pic_works=yes
lt_cv_prog_compiler_rtti_exceptions=no
lt_cv_prog_compiler_static_works=yes
lt_cv_prog_gnu_ld=yes
lt_cv_sharedlib_from_linklib_cmd='printf %s\n'
lt_cv_shlibpath_overrides_runpath=yes
lt_cv_sys_global_symbol_pipe='sed -n -e '\''s/^.*[	 ]\([ABCDGIRSTW][ABCDGIRSTW]*\)[	 ][	 ]*\([_A-Za-z][_A-Za-z0-9]*\)$/\1 \2 \2/p'\'' | sed '\''/ __gnu_lto/d'\'''
lt_cv_sys_global_symbol_to_c_name_address='sed -n -e '\''s/^: \([^ ]*\)[ ]*$/  {\"\1\", (void *) 0},/p'\'' -e '\''s/^[ABCDGIRSTW]* \([^ ]*\) \([^ ]*\)$/  {"\2", (void *) \&\2},/p'\'''
lt_cv_sys_global_symbol_to_c_name_address_lib_prefix='sed -n -e '\''s/^: \([^ ]*\)[ ]*$/  {\"\1\", (void *) 0},/p'\'' -e '\''s/^[ABCDGIRSTW]* \([^ ]*\) \(lib[^ ]*\)$/  {"\2", (void *) \&\2},/p'\'' -e '\''s/^[ABCDGIRSTW]* \([^ ]*\) \([^ ]*\)$/  {"lib\2", (void *) \&\2},/p'\'''
lt_cv_sys_global_symbol_to_cdecl='sed -n -e '\''s/^T .* \(.*\)$/extern int \1();/p'\'' -e '\''s/^[ABCDGIRSTW]* .* \(.*\)$/extern char \1;/p'\'''
lt_cv_sys_max_cmd_len=1572864
lt_cv_to_host_file_cmd=func_convert_file_noop
lt_cv_to_tool_file_cmd=func_convert_file_noop

## ----------------- ##
## Output variables. ##
## ----------------- ##

ACLOCAL='${SHELL} /web/service-phgt-0/lib/ttext/downloads/text-categorization/libexttextcat-3.2.0/missing --run aclocal-1.11'
AMDEPBACKSLASH='\'
AMDEP_FALSE='#'
AMDEP_TRUE=''
AMTAR='${SHELL} /web/service-phgt-0/lib/ttext/downloads/text-categorization/libexttextcat-3.2.0/missing --run tar'
AM_BACKSLASH='\'
AM_DEFAULT_VERBOSITY='0'
AR='ar'
AUTOCONF='${SHELL} /web/service-phgt-0/lib/ttext/downloads/text-categorization/libexttextcat-3.2.0/missing --run autoconf'
AUTOHEADER='${SHELL} /web/service-phgt-0/lib/ttext/downloads/text-categorization/libexttextcat-3.2.0/missing --run autoheader'
AUTOMAKE='${SHELL} /web/service-phgt-0/lib/ttext/downloads/text-categorization/libexttextcat-3.2.0/missing --run automake-1.11'
AWK='gawk'
CC='gcc'
CCDEPMODE='depmode=gcc3'
CFLAGS='-march=nocona -O2 -pipe -Werror -Wall -pedantic'
CPP='gcc -E'
CPPFLAGS=''
CYGPATH_W='echo'
DEFS='-DHAVE_CONFIG_H'
DEPDIR='.deps'
DLLTOOL='false'
DSYMUTIL=''
DUMPBIN=''
ECHO_C=''
ECHO_N='-n'
ECHO_T=''
EGREP='/bin/grep -E'
EXEEXT=''
EXTTEXTCAT_MAJOR_VERSION='3'
EXTTEXTCAT_MICRO_VERSION='0'
EXTTEXTCAT_MINOR_VERSION='2'
EXTTEXTCAT_VERSION='3.2.0'
FGREP='/bin/grep -F'
GREP='/bin/grep'
INSTALL_DATA='${INSTALL} -m 644'
INSTALL_PROGRAM='${INSTALL}'
INSTALL_SCRIPT='${INSTALL}'
INSTALL_STRIP_PROGRAM='$(install_sh) -c -s'
LD='/usr/x86_64-pc-linux-gnu/bin/ld -m elf_x86_64'
LDFLAGS=''
LIBOBJS=''
LIBS=''
LIBTOOL='$(SHELL) $(top_builddir)/libtool'
LIPO=''
LN_S='ln -s'
LTLIBOBJS=''
MAKEINFO='${SHELL} /web/service-phgt-0/lib/ttext/downloads/text-categorization/libexttextcat-3.2.0/missing --run makeinfo'
MANIFEST_TOOL=':'
MKDIR_P='/bin/mkdir -p'
NM='/usr/bin/nm -B'
NMEDIT=''
OBJDUMP='objdump'
OBJEXT='o'
OTOOL64=''
OTOOL=''
PACKAGE='libexttextcat'
PACKAGE_BUGREPORT=''
PACKAGE_NAME='libexttextcat'
PACKAGE_STRING='libexttextcat 3.2.0'
PACKAGE_TARNAME='libexttextcat'
PACKAGE_URL=''
PACKAGE_VERSION='3.2.0'
PATH_SEPARATOR=':'
RANLIB='ranlib'
SED='/bin/sed'
SET_MAKE=''
SHELL='/bin/sh'
STRIP='strip'
VERSION='3.2.0'
ac_ct_AR='ar'
ac_ct_CC='gcc'
ac_ct_DUMPBIN=''
am__EXEEXT_FALSE=''
am__EXEEXT_TRUE='#'
am__fastdepCC_FALSE='#'
am__fastdepCC_TRUE=''
am__include='include'
am__isrc=''
am__leading_dot='.'
am__quote=''
am__tar='${AMTAR} chof - "$$tardir"'
am__untar='${AMTAR} xf -'
bindir='${exec_prefix}/bin'
build='x86_64-unknown-linux-gnu'
build_alias=''
build_cpu='x86_64'
build_os='linux-gnu'
build_vendor='unknown'
datadir='${datarootdir}'
datarootdir='${prefix}/share'
docdir='${datarootdir}/doc/${PACKAGE_TARNAME}'
dvidir='${docdir}'
exec_prefix='${prefix}'
host='x86_64-unknown-linux-gnu'
host_alias=''
host_cpu='x86_64'
host_os='linux-gnu'
host_vendor='unknown'
htmldir='${docdir}'
includedir='${prefix}/include'
infodir='${datarootdir}/info'
install_sh='${SHELL} /web/service-phgt-0/lib/ttext/downloads/text-categorization/libexttextcat-3.2.0/install-sh'
libdir='${exec_prefix}/lib'
libexecdir='${exec_prefix}/libexec'
localedir='${datarootdir}/locale'
localstatedir='${prefix}/var'
mandir='${datarootdir}/man'
mkdir_p='/bin/mkdir -p'
oldincludedir='/usr/include'
pdfdir='${docdir}'
prefix='/opt/naviserver'
program_transform_name='s,x,x,'
psdir='${docdir}'
sbindir='${exec_prefix}/sbin'
sharedstatedir='${prefix}/com'
sysconfdir='${prefix}/etc'
target_alias=''

## ----------- ##
## confdefs.h. ##
## ----------- ##

/* confdefs.h */
#define PACKAGE_NAME "libexttextcat"
#define PACKAGE_TARNAME "libexttextcat"
#define PACKAGE_VERSION "3.2.0"
#define PACKAGE_STRING "libexttextcat 3.2.0"
#define PACKAGE_BUGREPORT ""
#define PACKAGE_URL ""
#define PACKAGE "libexttextcat"
#define VERSION "3.2.0"
#define STDC_HEADERS 1
#define HAVE_SYS_TYPES_H 1
#define HAVE_SYS_STAT_H 1
#define HAVE_STDLIB_H 1
#define HAVE_STRING_H 1
#define HAVE_MEMORY_H 1
#define HAVE_STRINGS_H 1
#define HAVE_INTTYPES_H 1
#define HAVE_STDINT_H 1
#define HAVE_UNISTD_H 1
#define HAVE_DLFCN_H 1
#define LT_OBJDIR ".libs/"
#define STDC_HEADERS 1
#define HAVE_STDINT_H 1
#define TIME_WITH_SYS_TIME 1
#define HAVE_VPRINTF 1
#define HAVE_GETTIMEOFDAY 1
#define HAVE_STRCHR 1
#define HAVE_STRPBRK 1

configure: exit 0
