This is TeX, Version 3.14159 (Web2C 7.4.5) (format=latex 2005.4.7)  7 APR 2005 12:19
**\nonstopmode\input 814-98FEBA256E0AB9264D9968A2B77A7297B4824C3A.tex
(./814-98FEBA256E0AB9264D9968A2B77A7297B4824C3A.tex
(/usr/share/texmf/tex/latex/base/article.cls
Document Class: article 2001/04/21 v1.4e Standard LaTeX document class
(/usr/share/texmf/tex/latex/base/size12.clo
File: size12.clo 2001/04/21 v1.4e Standard LaTeX file (size option)
)
\c@part=\count79
\c@section=\count80
\c@subsection=\count81
\c@subsubsection=\count82
\c@paragraph=\count83
\c@subparagraph=\count84
\c@figure=\count85
\c@table=\count86
\abovecaptionskip=\skip41
\belowcaptionskip=\skip42
\bibindent=\dimen102
)
(./814-98FEBA256E0AB9264D9968A2B77A7297B4824C3A.aux)
\openout1 = `814-98FEBA256E0AB9264D9968A2B77A7297B4824C3A.aux'.

LaTeX Font Info:    Checking defaults for OML/cmm/m/it on input line 3.
LaTeX Font Info:    ... okay on input line 3.
LaTeX Font Info:    Checking defaults for T1/cmr/m/n on input line 3.
LaTeX Font Info:    ... okay on input line 3.
LaTeX Font Info:    Checking defaults for OT1/cmr/m/n on input line 3.
LaTeX Font Info:    ... okay on input line 3.
LaTeX Font Info:    Checking defaults for OMS/cmsy/m/n on input line 3.
LaTeX Font Info:    ... okay on input line 3.
LaTeX Font Info:    Checking defaults for OMX/cmex/m/n on input line 3.
LaTeX Font Info:    ... okay on input line 3.
LaTeX Font Info:    Checking defaults for U/cmr/m/n on input line 3.
LaTeX Font Info:    ... okay on input line 3.

! Missing $ inserted.
<inserted text> 
                $
l.4    f(x) = \sqrt{
                    x^y}
I've inserted a begin-math/end-math symbol since I think
you left one out. Proceed, with fingers crossed.

LaTeX Font Info:    External font `cmex10' loaded for size
(Font)              <12> on input line 4.
LaTeX Font Info:    External font `cmex10' loaded for size
(Font)              <8> on input line 4.
LaTeX Font Info:    External font `cmex10' loaded for size
(Font)              <6> on input line 4.
! Missing $ inserted.
<inserted text> 
                $
l.5 
    
I've inserted a begin-math/end-math symbol since I think
you left one out. Proceed, with fingers crossed.

[1

] (./814-98FEBA256E0AB9264D9968A2B77A7297B4824C3A.aux) ) 
Here is how much of TeX's memory you used:
 219 strings out of 95847
 2542 string characters out of 1195949
 45494 words of memory out of 1000001
 3228 multiletter control sequences out of 10000+50000
 6376 words of font info for 23 fonts, out of 500000 for 1000
 14 hyphenation exceptions out of 1000
 22i,4n,19p,186b,151s stack positions out of 1500i,500n,5000p,200000b,5000s

Output written on 814-98FEBA256E0AB9264D9968A2B77A7297B4824C3A.dvi (1 page, 388
 bytes).
