This is TeX, Version 3.14159 (Web2C 7.4.5) (format=latex 2005.4.7)  14 APR 2005 00:27
**\nonstopmode\documentclass{article}\usepackage{amsmath}\begin{document}\begin
{displaymath}f(x)\begin{displaymath}\end{document}
(/usr/share/texmf/tex/latex/base/article.cls
Document Class: article 2001/04/21 v1.4e Standard LaTeX document class
(/usr/share/texmf/tex/latex/base/size10.clo
File: size10.clo 2001/04/21 v1.4e Standard LaTeX file (size option)
)
\c@part=\count79
\c@section=\count80
\c@subsection=\count81
\c@subsubsection=\count82
\c@paragraph=\count83
\c@subparagraph=\count84

! Interruption.
l.387 
                {\bfseries \abstractname\vspace{-.5em}\vspace{\z@}}%
? 
! Emergency stop.
l.387 
                {\bfseries \abstractname\vspace{-.5em}\vspace{\z@}}%
End of file on the terminal!

 
Here is how much of TeX's memory you used:
 109 strings out of 95847
 1234 string characters out of 1195949
 44507 words of memory out of 1000001
 3134 multiletter control sequences out of 10000+50000
 3640 words of font info for 14 fonts, out of 500000 for 1000
 14 hyphenation exceptions out of 1000
 22i,0n,17p,230b,40s stack positions out of 1500i,500n,5000p,200000b,5000s
No pages of output.
